Log file open, 01/07/22 22:15:43
LogInit: Display: Running engine for game: SEUPart1Loading
LogPlatformFile: Not using cached read wrapper
LogTaskGraph: Started task graph with 5 named threads and 35 total threads with 3 sets of task threads.
LogStats: Stats thread started at 0.204680
LogD3D11RHI: Loaded GFSDK_Aftermath_Lib.x64.dll
LogICUInternationalization: ICU TimeZone Detection - Raw Offset: +1:00, Platform Override: ''
LogPluginManager: Mounting plugin Paper2D
LogPluginManager: Mounting plugin AISupport
LogPluginManager: Mounting plugin LightPropagationVolume
LogPluginManager: Mounting plugin CameraShakePreviewer
LogPluginManager: Mounting plugin ActorLayerUtilities
LogPluginManager: Mounting plugin AnimationSharing
LogPluginManager: Mounting plugin CLionSourceCodeAccess
LogPluginManager: Mounting plugin CodeLiteSourceCodeAccess
LogPluginManager: Mounting plugin GitSourceControl
LogPluginManager: Mounting plugin KDevelopSourceCodeAccess
LogPluginManager: Mounting plugin NullSourceCodeAccess
LogPluginManager: Mounting plugin PerforceSourceControl
LogPluginManager: Mounting plugin PlasticSourceControl
LogPluginManager: Mounting plugin RiderSourceCodeAccess
LogPluginManager: Mounting plugin SubversionSourceControl
LogPluginManager: Mounting plugin UObjectPlugin
LogPluginManager: Mounting plugin VisualStudioCodeSourceCodeAccess
LogPluginManager: Mounting plugin VisualStudioSourceCodeAccess
LogPluginManager: Mounting plugin XCodeSourceCodeAccess
LogPluginManager: Mounting plugin AssetManagerEditor
LogPluginManager: Mounting plugin CryptoKeys
LogPluginManager: Mounting plugin CurveEditorTools
LogPluginManager: Mounting plugin DataValidation
LogPluginManager: Mounting plugin EditorScriptingUtilities
LogPluginManager: Mounting plugin FacialAnimation
LogPluginManager: Mounting plugin GameplayTagsEditor
LogPluginManager: Mounting plugin GeometryMode
LogPluginManager: Mounting plugin MacGraphicsSwitching
LogPluginManager: Mounting plugin MaterialAnalyzer
LogPluginManager: Mounting plugin MobileLauncherProfileWizard
LogPluginManager: Mounting plugin PluginBrowser
LogPluginManager: Mounting plugin SpeedTreeImporter
LogPluginManager: Mounting plugin DatasmithContent
LogPluginManager: Mounting plugin VariantManagerContent
LogPluginManager: Mounting plugin AlembicImporter
LogPluginManager: Mounting plugin AutomationUtils
LogPluginManager: Mounting plugin BackChannel
LogPluginManager: Mounting plugin ChaosCloth
LogPluginManager: Mounting plugin ChaosClothEditor
LogPluginManager: Mounting plugin ChaosEditor
LogPluginManager: Mounting plugin ChaosNiagara
LogPluginManager: Mounting plugin ChaosSolverPlugin
LogPluginManager: Mounting plugin CharacterAI
LogPluginManager: Mounting plugin GeometryCache
LogPluginManager: Mounting plugin GeometryCollectionPlugin
LogPluginManager: Mounting plugin GeometryProcessing
LogPluginManager: Mounting plugin PlanarCut
LogPluginManager: Mounting plugin PlatformCrypto
LogPluginManager: Mounting plugin ProxyLODPlugin
LogPluginManager: Mounting plugin SkeletalReduction
LogPluginManager: Mounting plugin Niagara
LogPluginManager: Mounting plugin MagicLeap
LogPluginManager: Mounting plugin MagicLeapLightEstimation
LogPluginManager: Mounting plugin MagicLeapMedia
LogPluginManager: Mounting plugin MagicLeapPassableWorld
LogPluginManager: Mounting plugin MLSDK
LogPluginManager: Mounting plugin AndroidMedia
LogPluginManager: Mounting plugin AvfMedia
LogPluginManager: Mounting plugin ImgMedia
LogPluginManager: Mounting plugin MediaCompositing
LogPluginManager: Mounting plugin MediaPlayerEditor
LogPluginManager: Mounting plugin WebMMedia
LogPluginManager: Mounting plugin WmfMedia
LogPluginManager: Mounting plugin MeshPainting
LogPluginManager: Mounting plugin TcpMessaging
LogPluginManager: Mounting plugin UdpMessaging
LogPluginManager: Mounting plugin ActorSequence
LogPluginManager: Mounting plugin LevelSequenceEditor
LogPluginManager: Mounting plugin MatineeToLevelSequence
LogPluginManager: Mounting plugin MovieRenderPipeline
LogPluginManager: Mounting plugin TemplateSequence
LogPluginManager: Mounting plugin NetcodeUnitTest
LogPluginManager: Mounting plugin NUTUnrealEngine4
LogPluginManager: Mounting plugin OnlineSubsystemGooglePlay
LogPluginManager: Mounting plugin OnlineSubsystemIOS
LogPluginManager: Mounting plugin OnlineSubsystem
LogPluginManager: Mounting plugin OnlineSubsystemNull
LogPluginManager: Mounting plugin OnlineSubsystemUtils
LogPluginManager: Mounting plugin LauncherChunkInstaller
LogPluginManager: Mounting plugin AndroidDeviceProfileSelector
LogPluginManager: Mounting plugin AndroidMoviePlayer
LogPluginManager: Mounting plugin AndroidPermission
LogPluginManager: Mounting plugin AppleImageUtils
LogPluginManager: Mounting plugin AppleMoviePlayer
LogPluginManager: Mounting plugin ArchVisCharacter
LogPluginManager: Mounting plugin AssetTags
LogPluginManager: Mounting plugin AudioCapture
LogPluginManager: Mounting plugin CableComponent
LogPluginManager: Mounting plugin CustomMeshComponent
LogPluginManager: Mounting plugin EditableMesh
LogPluginManager: Mounting plugin ExampleDeviceProfileSelector
LogPluginManager: Mounting plugin GoogleCloudMessaging
LogPluginManager: Mounting plugin GooglePAD
LogPluginManager: Mounting plugin IOSDeviceProfileSelector
LogPluginManager: Mounting plugin LinuxDeviceProfileSelector
LogPluginManager: Mounting plugin LocationServicesBPLibrary
LogPluginManager: Mounting plugin MobilePatchingUtils
LogPluginManager: Mounting plugin OculusVR
LogPluginManager: Mounting plugin PhysXVehicles
LogPluginManager: Mounting plugin PostSplashScreen
LogPluginManager: Mounting plugin ProceduralMeshComponent
LogPluginManager: Mounting plugin RuntimePhysXCooking
LogPluginManager: Mounting plugin SignificanceManager
LogPluginManager: Mounting plugin SoundFields
LogPluginManager: Mounting plugin SteamVR
LogPluginManager: Mounting plugin Synthesis
LogPluginManager: Mounting plugin WebMMoviePlayer
LogPluginManager: Mounting plugin WindowsMoviePlayer
LogPluginManager: Mounting plugin ScreenshotTools
LogInit: Using libcurl 7.55.1-DEV
LogInit:  - built for x86_64-pc-win32
LogInit:  - supports SSL with OpenSSL/1.1.1
LogInit:  - supports HTTP deflate (compression) using libz 1.2.8
LogInit:  - other features:
LogInit:      CURL_VERSION_SSL
LogInit:      CURL_VERSION_LIBZ
LogInit:      CURL_VERSION_IPV6
LogInit:      CURL_VERSION_ASYNCHDNS
LogInit:      CURL_VERSION_LARGEFILE
LogInit:      CURL_VERSION_IDN
LogInit:  CurlRequestOptions (configurable via config and command line):
LogInit:  - bVerifyPeer = true  - Libcurl will verify peer certificate
LogInit:  - bUseHttpProxy = false  - Libcurl will NOT use HTTP proxy
LogInit:  - bDontReuseConnections = false  - Libcurl will reuse connections
LogInit:  - MaxHostConnections = 16  - Libcurl will limit the number of connections to a host
LogInit:  - LocalHostAddr = Default
LogInit:  - BufferSize = 65536
LogOnline: OSS: Creating online subsystem instance for: NULL
LogInit: WinSock: version 1.1 (2.2), MaxSocks=32767, MaxUdp=65467
LogOnline: OSS: TryLoadSubsystemAndSetDefault: Loaded subsystem for module [NULL]
LogOculusPluginWrapper: OculusPlugin initialized successfully
LogHMD: Failed initializing OVRPlugin 1.44.0
LogInit: Build: ++UE4+Release-4.25-CL-14469661
LogInit: Engine Version: 4.25.4-14469661+++UE4+Release-4.25
LogInit: Compatible Engine Version: 4.25.0-13144385+++UE4+Release-4.25
LogInit: Net CL: 13144385
LogInit: OS: Windows 10 (Release 2009) (), CPU: Intel(R) Core(TM) i7-8700K CPU @ 3.70GHz, GPU: NVIDIA GeForce GTX 1080 Ti
LogInit: Compiled (64-bit): Oct 11 2020 08:10:49
LogInit: Compiled with Visual C++: 19.24.28315.00
LogInit: Build Configuration: Development
LogInit: Branch Name: ++UE4+Release-4.25
LogInit: Command Line: 
LogInit: Base Directory: Y:/Unreal Engine/UE_4.25/Engine/Binaries/Win64/
LogInit: Allocator: TBB
LogInit: Installed Engine Build: 1
LogDevObjectVersion: Number of dev versions registered: 26
LogDevObjectVersion:   Dev-Blueprints (B0D832E4-1F89-4F0D-ACCF-7EB736FD4AA2): 10
LogDevObjectVersion:   Dev-Build (E1C64328-A22C-4D53-A36C-8E866417BD8C): 0
LogDevObjectVersion:   Dev-Core (375EC13C-06E4-48FB-B500-84F0262A717E): 4
LogDevObjectVersion:   Dev-Editor (E4B068ED-F494-42E9-A231-DA0B2E46BB41): 38
LogDevObjectVersion:   Dev-Framework (CFFC743F-43B0-4480-9391-14DF171D2073): 37
LogDevObjectVersion:   Dev-Mobile (B02B49B5-BB20-44E9-A304-32B752E40360): 2
LogDevObjectVersion:   Dev-Networking (A4E4105C-59A1-49B5-A7C5-40C4547EDFEE): 0
LogDevObjectVersion:   Dev-Online (39C831C9-5AE6-47DC-9A44-9C173E1C8E7C): 0
LogDevObjectVersion:   Dev-Physics (78F01B33-EBEA-4F98-B9B4-84EACCB95AA2): 4
LogDevObjectVersion:   Dev-Platform (6631380F-2D4D-43E0-8009-CF276956A95A): 0
LogDevObjectVersion:   Dev-Rendering (12F88B9F-8875-4AFC-A67C-D90C383ABD29): 43
LogDevObjectVersion:   Dev-Sequencer (7B5AE74C-D270-4C10-A958-57980B212A5A): 12
LogDevObjectVersion:   Dev-VR (D7296918-1DD6-4BDD-9DE2-64A83CC13884): 3
LogDevObjectVersion:   Dev-LoadTimes (C2A15278-BFE7-4AFE-6C17-90FF531DF755): 1
LogDevObjectVersion:   Private-Geometry (6EACA3D4-40EC-4CC1-B786-8BED09428FC5): 3
LogDevObjectVersion:   Dev-AnimPhys (29E575DD-E0A3-4627-9D10-D276232CDCEA): 17
LogDevObjectVersion:   Dev-Anim (AF43A65D-7FD3-4947-9873-3E8ED9C1BB05): 7
LogDevObjectVersion:   Dev-ReflectionCapture (6B266CEC-1EC7-4B8F-A30B-E4D90942FC07): 1
LogDevObjectVersion:   Dev-Automation (0DF73D61-A23F-47EA-B727-89E90C41499A): 1
LogDevObjectVersion:   FortniteMain (601D1886-AC64-4F84-AA16-D3DE0DEAC7D6): 31
LogDevObjectVersion:   Dev-Enterprise (9DFFBCD6-494F-0158-E221-12823C92A888): 10
LogDevObjectVersion:   Dev-Niagara (F2AED0AC-9AFE-416F-8664-AA7FFA26D6FC): 1
LogDevObjectVersion:   Dev-Destruction (174F1F0B-B4C6-45A5-B13F-2EE8D0FB917D): 10
LogDevObjectVersion:   Dev-Physics-Ext (35F94A83-E258-406C-A318-09F59610247C): 37
LogDevObjectVersion:   Dev-PhysicsMaterial-Chaos (B68FC16E-8B1B-42E2-B453-215C058844FE): 1
LogDevObjectVersion:   Dev-CineCamera (B2E18506-4273-CFC2-A54E-F4BB758BBA07): 1
LogInit: Presizing for max 25165824 objects, including 0 objects not considered by GC, pre-allocating 0 bytes for permanent pool.
LogConfig: Applying CVar settings from Section [/Script/Engine.StreamingSettings] File [X:/Unreal projects/SEUPresetLoadingProjekt/Saved/Config/Windows/Engine.ini]
LogConfig: Setting CVar [[s.MinBulkDataSizeForAsyncLoading:131072]]
LogConfig: Setting CVar [[s.AsyncLoadingThreadEnabled:0]]
LogConfig: Setting CVar [[s.EventDrivenLoaderEnabled:1]]
LogConfig: Setting CVar [[s.WarnIfTimeLimitExceeded:0]]
LogConfig: Setting CVar [[s.TimeLimitExceededMultiplier:1.5]]
LogConfig: Setting CVar [[s.TimeLimitExceededMinTime:0.005]]
LogConfig: Setting CVar [[s.UseBackgroundLevelStreaming:1]]
LogConfig: Setting CVar [[s.PriorityAsyncLoadingExtraTime:15.0]]
LogConfig: Setting CVar [[s.LevelStreamingActorsUpdateTimeLimit:5.0]]
LogConfig: Setting CVar [[s.PriorityLevelStreamingActorsUpdateExtraTime:5.0]]
LogConfig: Setting CVar [[s.LevelStreamingComponentsRegistrationGranularity:10]]
LogConfig: Setting CVar [[s.UnregisterComponentsTimeLimit:1.0]]
LogConfig: Setting CVar [[s.LevelStreamingComponentsUnregistrationGranularity:5]]
LogConfig: Setting CVar [[s.FlushStreamingOnExit:1]]
LogInit: Object subsystem initialized
LogConfig: Setting CVar [[con.DebugEarlyDefault:1]]
LogConfig: Setting CVar [[r.setres:1280x720]]
[2022.01.07-21.15.44:007][  0]LogConfig: Setting CVar [[r.VSync:0]]
[2022.01.07-21.15.44:007][  0]LogConfig: Setting CVar [[r.RHICmdBypass:0]]
[2022.01.07-21.15.44:007][  0]LogConfig: Applying CVar settings from Section [/Script/Engine.RendererSettings] File [X:/Unreal projects/SEUPresetLoadingProjekt/Saved/Config/Windows/Engine.ini]
[2022.01.07-21.15.44:007][  0]LogConfig: Setting CVar [[r.GPUCrashDebugging:0]]
[2022.01.07-21.15.44:007][  0]LogConfig: Applying CVar settings from Section [/Script/Engine.RendererOverrideSettings] File [X:/Unreal projects/SEUPresetLoadingProjekt/Saved/Config/Windows/Engine.ini]
[2022.01.07-21.15.44:007][  0]LogConfig: Applying CVar settings from Section [/Script/Engine.StreamingSettings] File [X:/Unreal projects/SEUPresetLoadingProjekt/Saved/Config/Windows/Engine.ini]
[2022.01.07-21.15.44:007][  0]LogConfig: Setting CVar [[s.MinBulkDataSizeForAsyncLoading:131072]]
[2022.01.07-21.15.44:007][  0]LogConfig: Setting CVar [[s.AsyncLoadingThreadEnabled:0]]
[2022.01.07-21.15.44:007][  0]LogConfig: Setting CVar [[s.EventDrivenLoaderEnabled:1]]
[2022.01.07-21.15.44:007][  0]LogConfig: Setting CVar [[s.WarnIfTimeLimitExceeded:0]]
[2022.01.07-21.15.44:007][  0]LogConfig: Setting CVar [[s.TimeLimitExceededMultiplier:1.5]]
[2022.01.07-21.15.44:007][  0]LogConfig: Setting CVar [[s.TimeLimitExceededMinTime:0.005]]
[2022.01.07-21.15.44:007][  0]LogConfig: Setting CVar [[s.UseBackgroundLevelStreaming:1]]
[2022.01.07-21.15.44:007][  0]LogConfig: Setting CVar [[s.PriorityAsyncLoadingExtraTime:15.0]]
[2022.01.07-21.15.44:007][  0]LogConfig: Setting CVar [[s.LevelStreamingActorsUpdateTimeLimit:5.0]]
[2022.01.07-21.15.44:007][  0]LogConfig: Setting CVar [[s.PriorityLevelStreamingActorsUpdateExtraTime:5.0]]
[2022.01.07-21.15.44:007][  0]LogConfig: Setting CVar [[s.LevelStreamingComponentsRegistrationGranularity:10]]
[2022.01.07-21.15.44:007][  0]LogConfig: Setting CVar [[s.UnregisterComponentsTimeLimit:1.0]]
[2022.01.07-21.15.44:007][  0]LogConfig: Setting CVar [[s.LevelStreamingComponentsUnregistrationGranularity:5]]
[2022.01.07-21.15.44:007][  0]LogConfig: Setting CVar [[s.FlushStreamingOnExit:1]]
[2022.01.07-21.15.44:007][  0]LogConfig: Applying CVar settings from Section [/Script/Engine.GarbageCollectionSettings] File [X:/Unreal projects/SEUPresetLoadingProjekt/Saved/Config/Windows/Engine.ini]
[2022.01.07-21.15.44:007][  0]LogConfig: Setting CVar [[gc.MaxObjectsNotConsideredByGC:1]]
[2022.01.07-21.15.44:007][  0]LogConfig: Setting CVar [[gc.SizeOfPermanentObjectPool:0]]
[2022.01.07-21.15.44:007][  0]LogConfig: Setting CVar [[gc.FlushStreamingOnGC:0]]
[2022.01.07-21.15.44:007][  0]LogConfig: Setting CVar [[gc.NumRetriesBeforeForcingGC:10]]
[2022.01.07-21.15.44:007][  0]LogConfig: Setting CVar [[gc.AllowParallelGC:1]]
[2022.01.07-21.15.44:007][  0]LogConfig: Setting CVar [[gc.TimeBetweenPurgingPendingKillObjects:61.1]]
[2022.01.07-21.15.44:007][  0]LogConfig: Setting CVar [[gc.MaxObjectsInEditor:25165824]]
[2022.01.07-21.15.44:007][  0]LogConfig: Setting CVar [[gc.IncrementalBeginDestroyEnabled:1]]
[2022.01.07-21.15.44:007][  0]LogConfig: Setting CVar [[gc.CreateGCClusters:1]]
[2022.01.07-21.15.44:007][  0]LogConfig: Setting CVar [[gc.MinGCClusterSize:5]]
[2022.01.07-21.15.44:007][  0]LogConfig: Setting CVar [[gc.ActorClusteringEnabled:0]]
[2022.01.07-21.15.44:007][  0]LogConfig: Setting CVar [[gc.BlueprintClusteringEnabled:0]]
[2022.01.07-21.15.44:007][  0]LogConfig: Setting CVar [[gc.UseDisregardForGCOnDedicatedServers:0]]
[2022.01.07-21.15.44:007][  0]LogConfig: Applying CVar settings from Section [/Script/Engine.NetworkSettings] File [X:/Unreal projects/SEUPresetLoadingProjekt/Saved/Config/Windows/Engine.ini]
[2022.01.07-21.15.44:007][  0]LogConfig: Applying CVar settings from Section [/Script/UnrealEd.CookerSettings] File [X:/Unreal projects/SEUPresetLoadingProjekt/Saved/Config/Windows/Engine.ini]
[2022.01.07-21.15.44:012][  0]LogConfig: Applying CVar settings from Section [ViewDistanceQuality@3] File [X:/Unreal projects/SEUPresetLoadingProjekt/Saved/Config/Windows/Scalability.ini]
[2022.01.07-21.15.44:012][  0]LogConfig: Setting CVar [[r.SkeletalMeshLODBias:0]]
[2022.01.07-21.15.44:012][  0]LogConfig: Setting CVar [[r.ViewDistanceScale:1.0]]
[2022.01.07-21.15.44:012][  0]LogConfig: Applying CVar settings from Section [AntiAliasingQuality@3] File [X:/Unreal projects/SEUPresetLoadingProjekt/Saved/Config/Windows/Scalability.ini]
[2022.01.07-21.15.44:012][  0]LogConfig: Setting CVar [[r.PostProcessAAQuality:4]]
[2022.01.07-21.15.44:012][  0]LogConfig: Applying CVar settings from Section [ShadowQuality@3] File [X:/Unreal projects/SEUPresetLoadingProjekt/Saved/Config/Windows/Scalability.ini]
[2022.01.07-21.15.44:012][  0]LogConfig: Setting CVar [[r.LightFunctionQuality:1]]
[2022.01.07-21.15.44:012][  0]LogConfig: Setting CVar [[r.ShadowQuality:5]]
[2022.01.07-21.15.44:012][  0]LogConfig: Setting CVar [[r.Shadow.CSM.MaxCascades:10]]
[2022.01.07-21.15.44:012][  0]LogConfig: Setting CVar [[r.Shadow.MaxResolution:2048]]
[2022.01.07-21.15.44:012][  0]LogConfig: Setting CVar [[r.Shadow.MaxCSMResolution:2048]]
[2022.01.07-21.15.44:012][  0]LogConfig: Setting CVar [[r.Shadow.RadiusThreshold:0.01]]
[2022.01.07-21.15.44:012][  0]LogConfig: Setting CVar [[r.Shadow.DistanceScale:1.0]]
[2022.01.07-21.15.44:012][  0]LogConfig: Setting CVar [[r.Shadow.CSM.TransitionScale:1.0]]
[2022.01.07-21.15.44:012][  0]LogConfig: Setting CVar [[r.Shadow.PreShadowResolutionFactor:1.0]]
[2022.01.07-21.15.44:012][  0]LogConfig: Setting CVar [[r.DistanceFieldShadowing:1]]
[2022.01.07-21.15.44:012][  0]LogConfig: Setting CVar [[r.DistanceFieldAO:1]]
[2022.01.07-21.15.44:012][  0]LogConfig: Setting CVar [[r.AOQuality:2]]
[2022.01.07-21.15.44:012][  0]LogConfig: Setting CVar [[r.VolumetricFog:1]]
[2022.01.07-21.15.44:012][  0]LogConfig: Setting CVar [[r.VolumetricFog.GridPixelSize:8]]
[2022.01.07-21.15.44:012][  0]LogConfig: Setting CVar [[r.VolumetricFog.GridSizeZ:128]]
[2022.01.07-21.15.44:012][  0]LogConfig: Setting CVar [[r.VolumetricFog.HistoryMissSupersampleCount:4]]
[2022.01.07-21.15.44:012][  0]LogConfig: Setting CVar [[r.LightMaxDrawDistanceScale:1]]
[2022.01.07-21.15.44:012][  0]LogConfig: Setting CVar [[r.CapsuleShadows:1]]
[2022.01.07-21.15.44:012][  0]LogConfig: Applying CVar settings from Section [PostProcessQuality@3] File [X:/Unreal projects/SEUPresetLoadingProjekt/Saved/Config/Windows/Scalability.ini]
[2022.01.07-21.15.44:012][  0]LogConfig: Setting CVar [[r.MotionBlurQuality:4]]
[2022.01.07-21.15.44:012][  0]LogConfig: Setting CVar [[r.AmbientOcclusionMipLevelFactor:0.4]]
[2022.01.07-21.15.44:012][  0]LogConfig: Setting CVar [[r.AmbientOcclusionMaxQuality:100]]
[2022.01.07-21.15.44:012][  0]LogConfig: Setting CVar [[r.AmbientOcclusionLevels:-1]]
[2022.01.07-21.15.44:012][  0]LogConfig: Setting CVar [[r.AmbientOcclusionRadiusScale:1.0]]
[2022.01.07-21.15.44:012][  0]LogConfig: Setting CVar [[r.DepthOfFieldQuality:2]]
[2022.01.07-21.15.44:012][  0]LogConfig: Setting CVar [[r.RenderTargetPoolMin:400]]
[2022.01.07-21.15.44:012][  0]LogConfig: Setting CVar [[r.LensFlareQuality:2]]
[2022.01.07-21.15.44:012][  0]LogConfig: Setting CVar [[r.SceneColorFringeQuality:1]]
[2022.01.07-21.15.44:012][  0]LogConfig: Setting CVar [[r.EyeAdaptationQuality:2]]
[2022.01.07-21.15.44:012][  0]LogConfig: Setting CVar [[r.BloomQuality:5]]
[2022.01.07-21.15.44:012][  0]LogConfig: Setting CVar [[r.FastBlurThreshold:100]]
[2022.01.07-21.15.44:012][  0]LogConfig: Setting CVar [[r.Upscale.Quality:3]]
[2022.01.07-21.15.44:012][  0]LogConfig: Setting CVar [[r.Tonemapper.GrainQuantization:1]]
[2022.01.07-21.15.44:012][  0]LogConfig: Setting CVar [[r.LightShaftQuality:1]]
[2022.01.07-21.15.44:012][  0]LogConfig: Setting CVar [[r.Filter.SizeScale:1]]
[2022.01.07-21.15.44:012][  0]LogConfig: Setting CVar [[r.Tonemapper.Quality:5]]
[2022.01.07-21.15.44:012][  0]LogConfig: Setting CVar [[r.DOF.Gather.AccumulatorQuality:1        ; higher gathering accumulator quality]]
[2022.01.07-21.15.44:012][  0]LogConfig: Setting CVar [[r.DOF.Gather.PostfilterMethod:1          ; Median3x3 postfilering method]]
[2022.01.07-21.15.44:012][  0]LogConfig: Setting CVar [[r.DOF.Gather.EnableBokehSettings:0       ; no bokeh simulation when gathering]]
[2022.01.07-21.15.44:012][  0]LogConfig: Setting CVar [[r.DOF.Gather.RingCount:4                 ; medium number of samples when gathering]]
[2022.01.07-21.15.44:012][  0]LogConfig: Setting CVar [[r.DOF.Scatter.ForegroundCompositing:1    ; additive foreground scattering]]
[2022.01.07-21.15.44:012][  0]LogConfig: Setting CVar [[r.DOF.Scatter.BackgroundCompositing:2    ; additive background scattering]]
[2022.01.07-21.15.44:012][  0]LogConfig: Setting CVar [[r.DOF.Scatter.EnableBokehSettings:1      ; bokeh simulation when scattering]]
[2022.01.07-21.15.44:012][  0]LogConfig: Setting CVar [[r.DOF.Scatter.MaxSpriteRatio:0.1         ; only a maximum of 10% of scattered bokeh]]
[2022.01.07-21.15.44:012][  0]LogConfig: Setting CVar [[r.DOF.Recombine.Quality:1                ; cheap slight out of focus]]
[2022.01.07-21.15.44:012][  0]LogConfig: Setting CVar [[r.DOF.Recombine.EnableBokehSettings:0    ; no bokeh simulation on slight out of focus]]
[2022.01.07-21.15.44:012][  0]LogConfig: Setting CVar [[r.DOF.TemporalAAQuality:1                ; more stable temporal accumulation]]
[2022.01.07-21.15.44:012][  0]LogConfig: Setting CVar [[r.DOF.Kernel.MaxForegroundRadius:0.025]]
[2022.01.07-21.15.44:012][  0]LogConfig: Setting CVar [[r.DOF.Kernel.MaxBackgroundRadius:0.025]]
[2022.01.07-21.15.44:012][  0]LogConfig: Applying CVar settings from Section [TextureQuality@3] File [X:/Unreal projects/SEUPresetLoadingProjekt/Saved/Config/Windows/Scalability.ini]
[2022.01.07-21.15.44:012][  0]LogConfig: Setting CVar [[r.Streaming.MipBias:0]]
[2022.01.07-21.15.44:012][  0]LogConfig: Setting CVar [[r.Streaming.AmortizeCPUToGPUCopy:0]]
[2022.01.07-21.15.44:012][  0]LogConfig: Setting CVar [[r.Streaming.MaxNumTexturesToStreamPerFrame:0]]
[2022.01.07-21.15.44:012][  0]LogConfig: Setting CVar [[r.Streaming.Boost:1]]
[2022.01.07-21.15.44:012][  0]LogConfig: Setting CVar [[r.MaxAnisotropy:8]]
[2022.01.07-21.15.44:012][  0]LogConfig: Setting CVar [[r.VT.MaxAnisotropy:8]]
[2022.01.07-21.15.44:012][  0]LogConfig: Setting CVar [[r.Streaming.LimitPoolSizeToVRAM:0]]
[2022.01.07-21.15.44:012][  0]LogConfig: Setting CVar [[r.Streaming.PoolSize:1000]]
[2022.01.07-21.15.44:012][  0]LogConfig: Setting CVar [[r.Streaming.MaxEffectiveScreenSize:0]]
[2022.01.07-21.15.44:012][  0]LogConfig: Applying CVar settings from Section [EffectsQuality@3] File [X:/Unreal projects/SEUPresetLoadingProjekt/Saved/Config/Windows/Scalability.ini]
[2022.01.07-21.15.44:012][  0]LogConfig: Setting CVar [[r.TranslucencyLightingVolumeDim:64]]
[2022.01.07-21.15.44:012][  0]LogConfig: Setting CVar [[r.RefractionQuality:2]]
[2022.01.07-21.15.44:013][  0]LogConfig: Setting CVar [[r.SSR.Quality:3]]
[2022.01.07-21.15.44:013][  0]LogConfig: Setting CVar [[r.SSR.HalfResSceneColor:0]]
[2022.01.07-21.15.44:013][  0]LogConfig: Setting CVar [[r.SceneColorFormat:4]]
[2022.01.07-21.15.44:013][  0]LogConfig: Setting CVar [[r.DetailMode:2]]
[2022.01.07-21.15.44:013][  0]LogConfig: Setting CVar [[r.TranslucencyVolumeBlur:1]]
[2022.01.07-21.15.44:013][  0]LogConfig: Setting CVar [[r.MaterialQualityLevel:1 ; High quality]]
[2022.01.07-21.15.44:013][  0]LogConfig: Setting CVar [[r.SSS.Scale:1]]
[2022.01.07-21.15.44:013][  0]LogConfig: Setting CVar [[r.SSS.SampleSet:2]]
[2022.01.07-21.15.44:013][  0]LogConfig: Setting CVar [[r.SSS.Quality:1]]
[2022.01.07-21.15.44:013][  0]LogConfig: Setting CVar [[r.SSS.HalfRes:0]]
[2022.01.07-21.15.44:013][  0]LogConfig: Setting CVar [[r.SSGI.Quality:3]]
[2022.01.07-21.15.44:013][  0]LogConfig: Setting CVar [[r.EmitterSpawnRateScale:1.0]]
[2022.01.07-21.15.44:013][  0]LogConfig: Setting CVar [[r.ParticleLightQuality:2]]
[2022.01.07-21.15.44:013][  0]LogConfig: Setting CVar [[r.SkyAtmosphere.AerialPerspectiveLUT.FastApplyOnOpaque:1 ; Always have FastSkyLUT 1 in this case to avoid wrong sky]]
[2022.01.07-21.15.44:013][  0]LogConfig: Setting CVar [[r.SkyAtmosphere.AerialPerspectiveLUT.SampleCountPerSlice:1]]
[2022.01.07-21.15.44:013][  0]LogConfig: Setting CVar [[r.SkyAtmosphere.AerialPerspectiveLUT.DepthResolution:16.0]]
[2022.01.07-21.15.44:013][  0]LogConfig: Setting CVar [[r.SkyAtmosphere.FastSkyLUT:1]]
[2022.01.07-21.15.44:013][  0]LogConfig: Setting CVar [[r.SkyAtmosphere.FastSkyLUT.SampleCountMin:4.0]]
[2022.01.07-21.15.44:013][  0]LogConfig: Setting CVar [[r.SkyAtmosphere.FastSkyLUT.SampleCountMax:32.0]]
[2022.01.07-21.15.44:013][  0]LogConfig: Setting CVar [[r.SkyAtmosphere.SampleCountMin:4.0]]
[2022.01.07-21.15.44:013][  0]LogConfig: Setting CVar [[r.SkyAtmosphere.SampleCountMax:32.0]]
[2022.01.07-21.15.44:013][  0]LogConfig: Setting CVar [[r.SkyAtmosphere.TransmittanceLUT.UseSmallFormat:0]]
[2022.01.07-21.15.44:013][  0]LogConfig: Setting CVar [[r.SkyAtmosphere.TransmittanceLUT.SampleCount:10.0]]
[2022.01.07-21.15.44:013][  0]LogConfig: Setting CVar [[r.SkyAtmosphere.MultiScatteringLUT.SampleCount:15.0]]
[2022.01.07-21.15.44:013][  0]LogConfig: Applying CVar settings from Section [FoliageQuality@3] File [X:/Unreal projects/SEUPresetLoadingProjekt/Saved/Config/Windows/Scalability.ini]
[2022.01.07-21.15.44:013][  0]LogConfig: Setting CVar [[foliage.DensityScale:1.0]]
[2022.01.07-21.15.44:013][  0]LogConfig: Setting CVar [[grass.DensityScale:1.0]]
[2022.01.07-21.15.44:013][  0]LogConfig: Applying CVar settings from Section [ShadingQuality@3] File [X:/Unreal projects/SEUPresetLoadingProjekt/Saved/Config/Windows/Scalability.ini]
[2022.01.07-21.15.44:013][  0]LogConfig: Setting CVar [[r.HairStrands.SkyLighting.SampleCount:16]]
[2022.01.07-21.15.44:013][  0]LogConfig: Setting CVar [[r.HairStrands.SkyLighting.JitterIntegration:0]]
[2022.01.07-21.15.44:013][  0]LogConfig: Setting CVar [[r.HairStrands.SkyAO.SampleCount:16]]
[2022.01.07-21.15.44:013][  0]LogConfig: Setting CVar [[r.HairStrands.DeepShadow.SuperSampling:0]]
[2022.01.07-21.15.44:013][  0]LogConfig: Setting CVar [[r.HairStrands.VisibilityPPLL:0]]
[2022.01.07-21.15.44:013][  0]LogConfig: Setting CVar [[r.HairStrands.RasterizationScale:0.5]]
[2022.01.07-21.15.44:013][  0]LogConfig: Setting CVar [[r.HairStrands.VelocityRasterizationScale:1]]
[2022.01.07-21.15.44:013][  0]LogInit: Selected Device Profile: [Windows]
[2022.01.07-21.15.44:013][  0]LogInit: Applying CVar settings loaded from the selected device profile: [Windows]
[2022.01.07-21.15.44:013][  0]LogHAL: Display: Platform has ~ 16 GB [17122930688 / 17179869184 / 16], which maps to Larger [LargestMinGB=32, LargerMinGB=12, DefaultMinGB=8, SmallerMinGB=6, SmallestMinGB=0)
[2022.01.07-21.15.44:013][  0]LogInit: Going up to parent DeviceProfile []
[2022.01.07-21.15.44:013][  0]LogConfig: Applying CVar settings from Section [ViewDistanceQuality@3] File [X:/Unreal projects/SEUPresetLoadingProjekt/Saved/Config/Windows/Scalability.ini]
[2022.01.07-21.15.44:013][  0]LogConfig: Setting CVar [[r.SkeletalMeshLODBias:0]]
[2022.01.07-21.15.44:013][  0]LogConfig: Setting CVar [[r.ViewDistanceScale:1.0]]
[2022.01.07-21.15.44:013][  0]LogConfig: Applying CVar settings from Section [AntiAliasingQuality@3] File [X:/Unreal projects/SEUPresetLoadingProjekt/Saved/Config/Windows/Scalability.ini]
[2022.01.07-21.15.44:013][  0]LogConfig: Setting CVar [[r.PostProcessAAQuality:4]]
[2022.01.07-21.15.44:013][  0]LogConfig: Applying CVar settings from Section [ShadowQuality@3] File [X:/Unreal projects/SEUPresetLoadingProjekt/Saved/Config/Windows/Scalability.ini]
[2022.01.07-21.15.44:013][  0]LogConfig: Setting CVar [[r.LightFunctionQuality:1]]
[2022.01.07-21.15.44:013][  0]LogConfig: Setting CVar [[r.ShadowQuality:5]]
[2022.01.07-21.15.44:013][  0]LogConfig: Setting CVar [[r.Shadow.CSM.MaxCascades:10]]
[2022.01.07-21.15.44:013][  0]LogConfig: Setting CVar [[r.Shadow.MaxResolution:2048]]
[2022.01.07-21.15.44:013][  0]LogConfig: Setting CVar [[r.Shadow.MaxCSMResolution:2048]]
[2022.01.07-21.15.44:013][  0]LogConfig: Setting CVar [[r.Shadow.RadiusThreshold:0.01]]
[2022.01.07-21.15.44:013][  0]LogConfig: Setting CVar [[r.Shadow.DistanceScale:1.0]]
[2022.01.07-21.15.44:013][  0]LogConfig: Setting CVar [[r.Shadow.CSM.TransitionScale:1.0]]
[2022.01.07-21.15.44:013][  0]LogConfig: Setting CVar [[r.Shadow.PreShadowResolutionFactor:1.0]]
[2022.01.07-21.15.44:013][  0]LogConfig: Setting CVar [[r.DistanceFieldShadowing:1]]
[2022.01.07-21.15.44:013][  0]LogConfig: Setting CVar [[r.DistanceFieldAO:1]]
[2022.01.07-21.15.44:013][  0]LogConfig: Setting CVar [[r.AOQuality:2]]
[2022.01.07-21.15.44:013][  0]LogConfig: Setting CVar [[r.VolumetricFog:1]]
[2022.01.07-21.15.44:013][  0]LogConfig: Setting CVar [[r.VolumetricFog.GridPixelSize:8]]
[2022.01.07-21.15.44:013][  0]LogConfig: Setting CVar [[r.VolumetricFog.GridSizeZ:128]]
[2022.01.07-21.15.44:013][  0]LogConfig: Setting CVar [[r.VolumetricFog.HistoryMissSupersampleCount:4]]
[2022.01.07-21.15.44:013][  0]LogConfig: Setting CVar [[r.LightMaxDrawDistanceScale:1]]
[2022.01.07-21.15.44:013][  0]LogConfig: Setting CVar [[r.CapsuleShadows:1]]
[2022.01.07-21.15.44:013][  0]LogConfig: Applying CVar settings from Section [PostProcessQuality@3] File [X:/Unreal projects/SEUPresetLoadingProjekt/Saved/Config/Windows/Scalability.ini]
[2022.01.07-21.15.44:013][  0]LogConfig: Setting CVar [[r.MotionBlurQuality:4]]
[2022.01.07-21.15.44:013][  0]LogConfig: Setting CVar [[r.AmbientOcclusionMipLevelFactor:0.4]]
[2022.01.07-21.15.44:013][  0]LogConfig: Setting CVar [[r.AmbientOcclusionMaxQuality:100]]
[2022.01.07-21.15.44:013][  0]LogConfig: Setting CVar [[r.AmbientOcclusionLevels:-1]]
[2022.01.07-21.15.44:013][  0]LogConfig: Setting CVar [[r.AmbientOcclusionRadiusScale:1.0]]
[2022.01.07-21.15.44:013][  0]LogConfig: Setting CVar [[r.DepthOfFieldQuality:2]]
[2022.01.07-21.15.44:013][  0]LogConfig: Setting CVar [[r.RenderTargetPoolMin:400]]
[2022.01.07-21.15.44:013][  0]LogConfig: Setting CVar [[r.LensFlareQuality:2]]
[2022.01.07-21.15.44:013][  0]LogConfig: Setting CVar [[r.SceneColorFringeQuality:1]]
[2022.01.07-21.15.44:013][  0]LogConfig: Setting CVar [[r.EyeAdaptationQuality:2]]
[2022.01.07-21.15.44:013][  0]LogConfig: Setting CVar [[r.BloomQuality:5]]
[2022.01.07-21.15.44:013][  0]LogConfig: Setting CVar [[r.FastBlurThreshold:100]]
[2022.01.07-21.15.44:013][  0]LogConfig: Setting CVar [[r.Upscale.Quality:3]]
[2022.01.07-21.15.44:013][  0]LogConfig: Setting CVar [[r.Tonemapper.GrainQuantization:1]]
[2022.01.07-21.15.44:013][  0]LogConfig: Setting CVar [[r.LightShaftQuality:1]]
[2022.01.07-21.15.44:013][  0]LogConfig: Setting CVar [[r.Filter.SizeScale:1]]
[2022.01.07-21.15.44:013][  0]LogConfig: Setting CVar [[r.Tonemapper.Quality:5]]
[2022.01.07-21.15.44:013][  0]LogConfig: Setting CVar [[r.DOF.Gather.AccumulatorQuality:1        ; higher gathering accumulator quality]]
[2022.01.07-21.15.44:013][  0]LogConfig: Setting CVar [[r.DOF.Gather.PostfilterMethod:1          ; Median3x3 postfilering method]]
[2022.01.07-21.15.44:014][  0]LogConfig: Setting CVar [[r.DOF.Gather.EnableBokehSettings:0       ; no bokeh simulation when gathering]]
[2022.01.07-21.15.44:014][  0]LogConfig: Setting CVar [[r.DOF.Gather.RingCount:4                 ; medium number of samples when gathering]]
[2022.01.07-21.15.44:014][  0]LogConfig: Setting CVar [[r.DOF.Scatter.ForegroundCompositing:1    ; additive foreground scattering]]
[2022.01.07-21.15.44:014][  0]LogConfig: Setting CVar [[r.DOF.Scatter.BackgroundCompositing:2    ; additive background scattering]]
[2022.01.07-21.15.44:014][  0]LogConfig: Setting CVar [[r.DOF.Scatter.EnableBokehSettings:1      ; bokeh simulation when scattering]]
[2022.01.07-21.15.44:014][  0]LogConfig: Setting CVar [[r.DOF.Scatter.MaxSpriteRatio:0.1         ; only a maximum of 10% of scattered bokeh]]
[2022.01.07-21.15.44:014][  0]LogConfig: Setting CVar [[r.DOF.Recombine.Quality:1                ; cheap slight out of focus]]
[2022.01.07-21.15.44:014][  0]LogConfig: Setting CVar [[r.DOF.Recombine.EnableBokehSettings:0    ; no bokeh simulation on slight out of focus]]
[2022.01.07-21.15.44:014][  0]LogConfig: Setting CVar [[r.DOF.TemporalAAQuality:1                ; more stable temporal accumulation]]
[2022.01.07-21.15.44:014][  0]LogConfig: Setting CVar [[r.DOF.Kernel.MaxForegroundRadius:0.025]]
[2022.01.07-21.15.44:014][  0]LogConfig: Setting CVar [[r.DOF.Kernel.MaxBackgroundRadius:0.025]]
[2022.01.07-21.15.44:014][  0]LogConfig: Applying CVar settings from Section [TextureQuality@3] File [X:/Unreal projects/SEUPresetLoadingProjekt/Saved/Config/Windows/Scalability.ini]
[2022.01.07-21.15.44:014][  0]LogConfig: Setting CVar [[r.Streaming.MipBias:0]]
[2022.01.07-21.15.44:014][  0]LogConfig: Setting CVar [[r.Streaming.AmortizeCPUToGPUCopy:0]]
[2022.01.07-21.15.44:014][  0]LogConfig: Setting CVar [[r.Streaming.MaxNumTexturesToStreamPerFrame:0]]
[2022.01.07-21.15.44:014][  0]LogConfig: Setting CVar [[r.Streaming.Boost:1]]
[2022.01.07-21.15.44:014][  0]LogConfig: Setting CVar [[r.MaxAnisotropy:8]]
[2022.01.07-21.15.44:014][  0]LogConfig: Setting CVar [[r.VT.MaxAnisotropy:8]]
[2022.01.07-21.15.44:014][  0]LogConfig: Setting CVar [[r.Streaming.LimitPoolSizeToVRAM:0]]
[2022.01.07-21.15.44:014][  0]LogConfig: Setting CVar [[r.Streaming.PoolSize:1000]]
[2022.01.07-21.15.44:014][  0]LogConfig: Setting CVar [[r.Streaming.MaxEffectiveScreenSize:0]]
[2022.01.07-21.15.44:014][  0]LogConfig: Applying CVar settings from Section [EffectsQuality@3] File [X:/Unreal projects/SEUPresetLoadingProjekt/Saved/Config/Windows/Scalability.ini]
[2022.01.07-21.15.44:014][  0]LogConfig: Setting CVar [[r.TranslucencyLightingVolumeDim:64]]
[2022.01.07-21.15.44:014][  0]LogConfig: Setting CVar [[r.RefractionQuality:2]]
[2022.01.07-21.15.44:014][  0]LogConfig: Setting CVar [[r.SSR.Quality:3]]
[2022.01.07-21.15.44:014][  0]LogConfig: Setting CVar [[r.SSR.HalfResSceneColor:0]]
[2022.01.07-21.15.44:014][  0]LogConfig: Setting CVar [[r.SceneColorFormat:4]]
[2022.01.07-21.15.44:014][  0]LogConfig: Setting CVar [[r.DetailMode:2]]
[2022.01.07-21.15.44:014][  0]LogConfig: Setting CVar [[r.TranslucencyVolumeBlur:1]]
[2022.01.07-21.15.44:014][  0]LogConfig: Setting CVar [[r.MaterialQualityLevel:1 ; High quality]]
[2022.01.07-21.15.44:014][  0]LogConfig: Setting CVar [[r.SSS.Scale:1]]
[2022.01.07-21.15.44:014][  0]LogConfig: Setting CVar [[r.SSS.SampleSet:2]]
[2022.01.07-21.15.44:014][  0]LogConfig: Setting CVar [[r.SSS.Quality:1]]
[2022.01.07-21.15.44:014][  0]LogConfig: Setting CVar [[r.SSS.HalfRes:0]]
[2022.01.07-21.15.44:014][  0]LogConfig: Setting CVar [[r.SSGI.Quality:3]]
[2022.01.07-21.15.44:014][  0]LogConfig: Setting CVar [[r.EmitterSpawnRateScale:1.0]]
[2022.01.07-21.15.44:014][  0]LogConfig: Setting CVar [[r.ParticleLightQuality:2]]
[2022.01.07-21.15.44:014][  0]LogConfig: Setting CVar [[r.SkyAtmosphere.AerialPerspectiveLUT.FastApplyOnOpaque:1 ; Always have FastSkyLUT 1 in this case to avoid wrong sky]]
[2022.01.07-21.15.44:014][  0]LogConfig: Setting CVar [[r.SkyAtmosphere.AerialPerspectiveLUT.SampleCountPerSlice:1]]
[2022.01.07-21.15.44:014][  0]LogConfig: Setting CVar [[r.SkyAtmosphere.AerialPerspectiveLUT.DepthResolution:16.0]]
[2022.01.07-21.15.44:014][  0]LogConfig: Setting CVar [[r.SkyAtmosphere.FastSkyLUT:1]]
[2022.01.07-21.15.44:014][  0]LogConfig: Setting CVar [[r.SkyAtmosphere.FastSkyLUT.SampleCountMin:4.0]]
[2022.01.07-21.15.44:014][  0]LogConfig: Setting CVar [[r.SkyAtmosphere.FastSkyLUT.SampleCountMax:32.0]]
[2022.01.07-21.15.44:014][  0]LogConfig: Setting CVar [[r.SkyAtmosphere.SampleCountMin:4.0]]
[2022.01.07-21.15.44:014][  0]LogConfig: Setting CVar [[r.SkyAtmosphere.SampleCountMax:32.0]]
[2022.01.07-21.15.44:014][  0]LogConfig: Setting CVar [[r.SkyAtmosphere.TransmittanceLUT.UseSmallFormat:0]]
[2022.01.07-21.15.44:014][  0]LogConfig: Setting CVar [[r.SkyAtmosphere.TransmittanceLUT.SampleCount:10.0]]
[2022.01.07-21.15.44:014][  0]LogConfig: Setting CVar [[r.SkyAtmosphere.MultiScatteringLUT.SampleCount:15.0]]
[2022.01.07-21.15.44:014][  0]LogConfig: Applying CVar settings from Section [FoliageQuality@3] File [X:/Unreal projects/SEUPresetLoadingProjekt/Saved/Config/Windows/Scalability.ini]
[2022.01.07-21.15.44:014][  0]LogConfig: Setting CVar [[foliage.DensityScale:1.0]]
[2022.01.07-21.15.44:014][  0]LogConfig: Setting CVar [[grass.DensityScale:1.0]]
[2022.01.07-21.15.44:014][  0]LogConfig: Applying CVar settings from Section [ShadingQuality@3] File [X:/Unreal projects/SEUPresetLoadingProjekt/Saved/Config/Windows/Scalability.ini]
[2022.01.07-21.15.44:014][  0]LogConfig: Setting CVar [[r.HairStrands.SkyLighting.SampleCount:16]]
[2022.01.07-21.15.44:014][  0]LogConfig: Setting CVar [[r.HairStrands.SkyLighting.JitterIntegration:0]]
[2022.01.07-21.15.44:014][  0]LogConfig: Setting CVar [[r.HairStrands.SkyAO.SampleCount:16]]
[2022.01.07-21.15.44:014][  0]LogConfig: Setting CVar [[r.HairStrands.DeepShadow.SuperSampling:0]]
[2022.01.07-21.15.44:014][  0]LogConfig: Setting CVar [[r.HairStrands.VisibilityPPLL:0]]
[2022.01.07-21.15.44:014][  0]LogConfig: Setting CVar [[r.HairStrands.RasterizationScale:0.5]]
[2022.01.07-21.15.44:014][  0]LogConfig: Setting CVar [[r.HairStrands.VelocityRasterizationScale:1]]
[2022.01.07-21.15.44:014][  0]LogConfig: Applying CVar settings from Section [Startup] File [../../../Engine/Config/ConsoleVariables.ini]
[2022.01.07-21.15.44:014][  0]LogConfig: Setting CVar [[net.UseAdaptiveNetUpdateFrequency:0]]
[2022.01.07-21.15.44:014][  0]LogConfig: Setting CVar [[p.chaos.AllowCreatePhysxBodies:1]]
[2022.01.07-21.15.44:014][  0]LogConfig: Setting CVar [[fx.SkipVectorVMBackendOptimizations:1]]
[2022.01.07-21.15.44:014][  0]LogConfig: Applying CVar settings from Section [ConsoleVariables] File [X:/Unreal projects/SEUPresetLoadingProjekt/Saved/Config/Windows/Engine.ini]
[2022.01.07-21.15.44:014][  0]LogInit: Computer: HUZZY
[2022.01.07-21.15.44:014][  0]LogInit: User: Huzy
[2022.01.07-21.15.44:014][  0]LogInit: CPU Page size=4096, Cores=6
[2022.01.07-21.15.44:014][  0]LogInit: High frequency timer resolution =10.000000 MHz
[2022.01.07-21.15.44:015][  0]LogMemory: Memory total: Physical=15.9GB (16GB approx)
[2022.01.07-21.15.44:015][  0]LogMemory: Platform Memory Stats for Windows
[2022.01.07-21.15.44:015][  0]LogMemory: Process Physical Memory: 119.31 MB used, 119.32 MB peak
[2022.01.07-21.15.44:015][  0]LogMemory: Process Virtual Memory: 101.34 MB used, 101.34 MB peak
[2022.01.07-21.15.44:015][  0]LogMemory: Physical Memory: 8711.08 MB used,  7618.62 MB free, 16329.70 MB total
[2022.01.07-21.15.44:015][  0]LogMemory: Virtual Memory: 5209.00 MB used,  134212520.00 MB free, 134217728.00 MB total
[2022.01.07-21.15.44:021][  0]LogWindows: WindowsPlatformFeatures enabled
[2022.01.07-21.15.44:063][  0]LogInit: Physics initialised using underlying interface: PhysX
[2022.01.07-21.15.44:064][  0]LogInit: Using OS detected language (en-US).
[2022.01.07-21.15.44:064][  0]LogInit: Using OS detected locale (hr-HR).
[2022.01.07-21.15.44:065][  0]LogTextLocalizationManager: No specific localization for 'en-US' exists, so the 'en' localization will be used.
[2022.01.07-21.15.44:219][  0]LogInit: Setting process to per monitor DPI aware
[2022.01.07-21.15.44:251][  0]LogSlate: New Slate User Created.  User Index 0, Is Virtual User: 0
[2022.01.07-21.15.44:252][  0]LogSlate: Slate User Registered.  User Index 0, Is Virtual User: 0
[2022.01.07-21.15.49:654][  0]LogHMD: Failed to initialize OpenVR with code 108
[2022.01.07-21.15.49:654][  0]LogD3D11RHI: D3D11 min allowed feature level: 11_0
[2022.01.07-21.15.49:654][  0]LogD3D11RHI: D3D11 max allowed feature level: 11_0
[2022.01.07-21.15.49:654][  0]LogD3D11RHI: D3D11 adapters:
[2022.01.07-21.15.49:742][  0]LogD3D11RHI:    0. 'NVIDIA GeForce GTX 1080 Ti' (Feature Level 11_0)
[2022.01.07-21.15.49:742][  0]LogD3D11RHI:       11127/0/8164 MB DedicatedVideo/DedicatedSystem/SharedSystem, Outputs:1, VendorId:0x10de
[2022.01.07-21.15.49:744][  0]LogD3D11RHI:    1. 'Microsoft Basic Render Driver' (Feature Level 11_0)
[2022.01.07-21.15.49:744][  0]LogD3D11RHI:       0/0/8164 MB DedicatedVideo/DedicatedSystem/SharedSystem, Outputs:0, VendorId:0x1414
[2022.01.07-21.15.49:805][  0]LogD3D11RHI:    2. 'NVIDIA GeForce GTX 1080 Ti' (Feature Level 11_0)
[2022.01.07-21.15.49:805][  0]LogD3D11RHI:       11127/0/8164 MB DedicatedVideo/DedicatedSystem/SharedSystem, Outputs:0, VendorId:0x10de
[2022.01.07-21.15.49:805][  0]LogD3D11RHI: Chosen D3D11 Adapter: 0
[2022.01.07-21.15.49:812][  0]LogD3D11RHI: Creating new Direct3DDevice
[2022.01.07-21.15.49:812][  0]LogD3D11RHI:     GPU DeviceId: 0x1b06 (for the marketing name, search the web for "GPU Device Id")
[2022.01.07-21.15.49:812][  0]LogWindows: EnumDisplayDevices:
[2022.01.07-21.15.49:812][  0]LogWindows:    0. 'NVIDIA GeForce GTX 1080 Ti' (P:1 D:1)
[2022.01.07-21.15.49:812][  0]LogWindows:    1. 'NVIDIA GeForce GTX 1080 Ti' (P:0 D:0)
[2022.01.07-21.15.49:813][  0]LogWindows:    2. 'NVIDIA GeForce GTX 1080 Ti' (P:0 D:0)
[2022.01.07-21.15.49:813][  0]LogWindows:    3. 'NVIDIA GeForce GTX 1080 Ti' (P:0 D:0)
[2022.01.07-21.15.49:813][  0]LogWindows:    4. 'spacedesk Graphics Adapter' (P:0 D:0)
[2022.01.07-21.15.49:814][  0]LogWindows:    5. 'spacedesk Graphics Adapter' (P:0 D:0)
[2022.01.07-21.15.49:814][  0]LogWindows:    6. 'spacedesk Graphics Adapter' (P:0 D:0)
[2022.01.07-21.15.49:814][  0]LogWindows:    7. 'spacedesk Graphics Adapter' (P:0 D:0)
[2022.01.07-21.15.49:814][  0]LogWindows:    8. 'spacedesk Graphics Adapter' (P:0 D:0)
[2022.01.07-21.15.49:815][  0]LogWindows:    9. 'spacedesk Graphics Adapter' (P:0 D:0)
[2022.01.07-21.15.49:815][  0]LogWindows:    10. 'spacedesk Graphics Adapter' (P:0 D:0)
[2022.01.07-21.15.49:815][  0]LogWindows:    11. 'spacedesk Graphics Adapter' (P:0 D:0)
[2022.01.07-21.15.49:815][  0]LogWindows:    12. 'spacedesk Graphics Adapter' (P:0 D:0)
[2022.01.07-21.15.49:815][  0]LogWindows:    13. 'spacedesk Graphics Adapter' (P:0 D:0)
[2022.01.07-21.15.49:816][  0]LogWindows:    14. 'spacedesk Graphics Adapter' (P:0 D:0)
[2022.01.07-21.15.49:816][  0]LogWindows:    15. 'spacedesk Graphics Adapter' (P:0 D:0)
[2022.01.07-21.15.49:816][  0]LogWindows:    16. 'spacedesk Graphics Adapter' (P:0 D:0)
[2022.01.07-21.15.49:816][  0]LogWindows:    17. 'spacedesk Graphics Adapter' (P:0 D:0)
[2022.01.07-21.15.49:817][  0]LogWindows:    18. 'spacedesk Graphics Adapter' (P:0 D:0)
[2022.01.07-21.15.49:817][  0]LogWindows:    19. 'spacedesk Graphics Adapter' (P:0 D:0)
[2022.01.07-21.15.49:817][  0]LogWindows: DebugString: GetVideoDriverDetailsInvalid PrimaryIsNotTheChoosenAdapter GetVideoDriverDetailsInvalid PrimaryIsNotTheChoosenAdapter GetVideoDriverDetailsInvalid PrimaryIsNotTheChoosenAdapter GetVideoDriverDetailsInvalid PrimaryIsNotTheChoosenAdapter GetVideoDriverDetailsInvalid PrimaryIsNotTheChoosenAdapter GetVideoDriverDetailsInvalid PrimaryIsNotTheChoosenAdapter GetVideoDriverDetailsInvalid PrimaryIsNotTheChoosenAdapter GetVideoDriverDetailsInvalid PrimaryIsNotTheChoosenAdapter GetVideoDriverDetailsInvalid PrimaryIsNotTheChoosenAdapter GetVideoDriverDetailsInvalid PrimaryIsNotTheChoosenAdapter GetVideoDriverDetailsInvalid PrimaryIsNotTheChoosenAdapter GetVideoDriverDetailsInvalid PrimaryIsNotTheChoosenAdapter GetVideoDriverDetailsInvalid PrimaryIsNotTheChoosenAdapter GetVideoDriverDetailsInvalid PrimaryIsNotTheChoosenAdapter GetVideoDriverDetailsInvalid PrimaryIsNotTheChoosenAdapter GetVideoDriverDetailsInvalid PrimaryIsNotTheChoosenAdapter FoundDriverCount:4 
[2022.01.07-21.15.49:817][  0]LogD3D11RHI:     Adapter Name: NVIDIA GeForce GTX 1080 Ti
[2022.01.07-21.15.49:817][  0]LogD3D11RHI:   Driver Version: 497.29 (internal:30.0.14.9729, unified:497.29)
[2022.01.07-21.15.49:817][  0]LogD3D11RHI:      Driver Date: 12-15-2021
[2022.01.07-21.15.49:817][  0]LogRHI: Texture pool is 7788 MB (70% of 11127 MB)
[2022.01.07-21.15.49:869][  0]LogD3D11RHI: RHI has support for 64 bit atomics
[2022.01.07-21.15.49:869][  0]LogD3D11RHI: Async texture creation enabled
[2022.01.07-21.15.49:869][  0]LogD3D11RHI: Array index from any shader is supported
[2022.01.07-21.15.49:898][  0]LogD3D11RHI: GPU Timing Frequency: 1000.000000 (Debug: 2 1)
[2022.01.07-21.15.50:180][  0]LogTargetPlatformManager: Display: Loaded TargetPlatform 'AllDesktop'
[2022.01.07-21.15.50:205][  0]LogTargetPlatformManager: Display: Loaded TargetPlatform 'Android'
[2022.01.07-21.15.50:205][  0]LogTargetPlatformManager: Display: Loaded TargetPlatform 'Android_ASTC'
[2022.01.07-21.15.50:205][  0]LogTargetPlatformManager: Display: Loaded TargetPlatform 'Android_DXT'
[2022.01.07-21.15.50:205][  0]LogTargetPlatformManager: Display: Loaded TargetPlatform 'Android_ETC2'
[2022.01.07-21.15.50:205][  0]LogTargetPlatformManager: Display: Loaded TargetPlatform 'AndroidClient'
[2022.01.07-21.15.50:205][  0]LogTargetPlatformManager: Display: Loaded TargetPlatform 'Android_ASTCClient'
[2022.01.07-21.15.50:205][  0]LogTargetPlatformManager: Display: Loaded TargetPlatform 'Android_DXTClient'
[2022.01.07-21.15.50:205][  0]LogTargetPlatformManager: Display: Loaded TargetPlatform 'Android_ETC2Client'
[2022.01.07-21.15.50:205][  0]LogTargetPlatformManager: Display: Loaded TargetPlatform 'Android_Multi'
[2022.01.07-21.15.50:205][  0]LogTargetPlatformManager: Display: Loaded TargetPlatform 'Android_MultiClient'
[2022.01.07-21.15.50:233][  0]LogTargetPlatformManager: Display: Loaded TargetPlatform 'IOSClient'
[2022.01.07-21.15.50:233][  0]LogTargetPlatformManager: Display: Loaded TargetPlatform 'IOS'
[2022.01.07-21.15.50:244][  0]LogTargetPlatformManager: Display: Loaded TargetPlatform 'Linux'
[2022.01.07-21.15.50:252][  0]LogTargetPlatformManager: Display: Loaded TargetPlatform 'LinuxNoEditor'
[2022.01.07-21.15.50:260][  0]LogTargetPlatformManager: Display: Loaded TargetPlatform 'LinuxClient'
[2022.01.07-21.15.50:267][  0]LogTargetPlatformManager: Display: Loaded TargetPlatform 'LinuxServer'
[2022.01.07-21.15.50:274][  0]LogTargetPlatformManager: Display: Loaded TargetPlatform 'LinuxAArch64NoEditor'
[2022.01.07-21.15.50:282][  0]LogTargetPlatformManager: Display: Loaded TargetPlatform 'LinuxAArch64Client'
[2022.01.07-21.15.50:290][  0]LogTargetPlatformManager: Display: Loaded TargetPlatform 'LinuxAArch64Server'
[2022.01.07-21.15.50:310][  0]LogTargetPlatformManager: Display: Loaded TargetPlatform 'Lumin'
[2022.01.07-21.15.50:310][  0]LogTargetPlatformManager: Display: Loaded TargetPlatform 'LuminClient'
[2022.01.07-21.15.50:323][  0]LogTargetPlatformManager: Display: Loaded TargetPlatform 'TVOSClient'
[2022.01.07-21.15.50:323][  0]LogTargetPlatformManager: Display: Loaded TargetPlatform 'TVOS'
[2022.01.07-21.15.50:335][  0]LogTargetPlatformManager: Display: Loaded TargetPlatform 'WindowsNoEditor'
[2022.01.07-21.15.50:343][  0]LogTargetPlatformManager: Display: Loaded TargetPlatform 'Windows'
[2022.01.07-21.15.50:354][  0]LogTargetPlatformManager: Display: Loaded TargetPlatform 'WindowsClient'
[2022.01.07-21.15.50:361][  0]LogTargetPlatformManager: Display: Loaded TargetPlatform 'WindowsServer'
[2022.01.07-21.15.50:361][  0]LogTargetPlatformManager: Display: Building Assets For Windows
[2022.01.07-21.15.50:367][  0]LogAudioDebug: Display: Lib vorbis DLL was dynamically loaded.
[2022.01.07-21.15.50:407][  0]LogShaderCompilers: Guid format shader working directory is 2 characters bigger than the processId version (X:/Unreal projects/SEUPresetLoadingProjekt/Intermediate/Shaders/WorkingDirectory/22000/).
[2022.01.07-21.15.50:407][  0]LogShaderCompilers: Cleaned the shader compiler working directory 'C:/Users/Huzy/AppData/Local/Temp/UnrealShaderWorkingDir/E4A1E34141865F5D93C7E9A6D1CC4AED/'.
[2022.01.07-21.15.50:407][  0]LogXGEController: Cannot use XGE Controller as Incredibuild is not installed on this machine.
[2022.01.07-21.15.50:407][  0]LogShaderCompilers: Cannot use XGE Shader Compiler as Incredibuild is not installed on this machine.
[2022.01.07-21.15.50:407][  0]LogShaderCompilers: Display: Using Local Shader Compiler.
[2022.01.07-21.15.51:033][  0]LogDerivedDataCache: Display: Max Cache Size: 512 MB
[2022.01.07-21.15.51:080][  0]LogDerivedDataCache: Loaded boot cache 0.05s 79MB C:/Users/Huzy/AppData/Local/UnrealEngine/4.25/DerivedDataCache/Boot.ddc.
[2022.01.07-21.15.51:080][  0]LogDerivedDataCache: Display: Loaded Boot cache: C:/Users/Huzy/AppData/Local/UnrealEngine/4.25/DerivedDataCache/Boot.ddc
[2022.01.07-21.15.51:080][  0]LogDerivedDataCache: FDerivedDataBackendGraph:  Pak pak cache file X:/Unreal projects/SEUPresetLoadingProjekt/DerivedDataCache/DDC.ddp not found, will not use a pak cache.
[2022.01.07-21.15.51:080][  0]LogDerivedDataCache: Unable to find inner node Pak for hierarchical cache Hierarchy.
[2022.01.07-21.15.51:081][  0]LogDerivedDataCache: FDerivedDataBackendGraph:  CompressedPak pak cache file X:/Unreal projects/SEUPresetLoadingProjekt/DerivedDataCache/Compressed.ddp not found, will not use a pak cache.
[2022.01.07-21.15.51:081][  0]LogDerivedDataCache: Unable to find inner node CompressedPak for hierarchical cache Hierarchy.
[2022.01.07-21.15.51:089][  0]LogDerivedDataCache: Display: Pak cache opened for reading ../../../Engine/DerivedDataCache/Compressed.ddp.
[2022.01.07-21.15.51:089][  0]LogDerivedDataCache: FDerivedDataBackendGraph:  EnterprisePak pak cache file ../../../Enterprise/DerivedDataCache/Compressed.ddp not found, will not use a pak cache.
[2022.01.07-21.15.51:089][  0]LogDerivedDataCache: Unable to find inner node EnterprisePak for hierarchical cache Hierarchy.
[2022.01.07-21.15.51:090][  0]LogDerivedDataCache: Using Local data cache path C:/Users/Huzy/AppData/Local/UnrealEngine/Common/DerivedDataCache: Writable
[2022.01.07-21.15.51:090][  0]LogDerivedDataCache: Shared data cache path not found in *engine.ini, will not use an Shared cache.
[2022.01.07-21.15.51:090][  0]LogDerivedDataCache: Unable to find inner node Shared for hierarchical cache Hierarchy.
[2022.01.07-21.15.51:134][  0]LogSlate: Using FreeType 2.10.0
[2022.01.07-21.15.51:134][  0]LogSlate: SlateFontServices - WITH_FREETYPE: 1, WITH_HARFBUZZ: 1
[2022.01.07-21.15.51:155][  0]LogAssetRegistry: FAssetRegistry took 0.0021 seconds to start up
[2022.01.07-21.15.51:343][  0]LogInit: Selected Device Profile: [Windows]
[2022.01.07-21.15.51:430][  0]LogMeshReduction: Using QuadricMeshReduction for automatic static mesh reduction
[2022.01.07-21.15.51:430][  0]LogMeshReduction: Using SimplygonMeshReduction for automatic skeletal mesh reduction
[2022.01.07-21.15.51:430][  0]LogMeshReduction: Using ProxyLODMeshReduction for automatic mesh merging
[2022.01.07-21.15.51:430][  0]LogMeshReduction: No distributed automatic mesh merging module available
[2022.01.07-21.15.51:430][  0]LogMeshMerging: No distributed automatic mesh merging module available
[2022.01.07-21.15.51:442][  0]LogNetVersion: SEUPart1Loading 1.0.0, NetCL: 13144385, EngineNetVer: 14, GameNetVer: 0 (Checksum: 3965842060)
[2022.01.07-21.15.51:788][  0]LogAISub: UAISubsystem::UAISubsystem AISubsystem (0000027AC3A813C0), frame # 0
[2022.01.07-21.15.51:789][  0]LogAISub: UAISubsystem::UAISubsystem AIPerceptionSystem (0000027AC39D91C0), frame # 0
[2022.01.07-21.15.51:790][  0]LogAISub: UAISubsystem::UAISubsystem EnvQueryManager (0000027AC3A1DE00), frame # 0
[2022.01.07-21.15.51:827][  0]LogPackageLocalizationCache: Processed 19 localized package path(s) for 1 prioritized culture(s) in 0.032359 seconds
[2022.01.07-21.15.51:831][  0]LogUObjectArray: 15917 objects as part of root set at end of initial load.
[2022.01.07-21.15.51:831][  0]LogUObjectAllocator: 3965568 out of 0 bytes used by permanent object pool.
[2022.01.07-21.15.51:831][  0]LogUObjectArray: CloseDisregardForGC: 0/0 objects in disregard for GC pool
[2022.01.07-21.15.52:073][  0]LogTcpMessaging: Initializing TcpMessaging bridge
[2022.01.07-21.15.52:076][  0]LogUdpMessaging: Initializing bridge on interface 0.0.0.0:0 to multicast group 230.0.0.1:6666.
[2022.01.07-21.15.52:137][  0]SourceControl: Source control is disabled
[2022.01.07-21.15.52:137][  0]SourceControl: Source control is disabled
[2022.01.07-21.15.52:140][  0]SourceControl: Source control is disabled
[2022.01.07-21.15.52:142][  0]SourceControl: Source control is disabled
[2022.01.07-21.15.52:148][  0]SourceControl: Source control is disabled
[2022.01.07-21.15.52:321][  0]LogAndroidPermission: UAndroidPermissionCallbackProxy::GetInstance
[2022.01.07-21.15.52:336][  0]LogAudioCaptureCore: Display: No Audio Capture implementations found. Audio input will be silent.
[2022.01.07-21.15.52:336][  0]LogAudioCaptureCore: Display: No Audio Capture implementations found. Audio input will be silent.
[2022.01.07-21.15.52:379][  0]LogOcInput: OculusInput pre-init called
[2022.01.07-21.15.52:586][  0]LogEngine: Initializing Engine...
[2022.01.07-21.15.52:636][  0]LogHMD: Failed to initialize OpenVR with code 108
[2022.01.07-21.15.52:636][  0]LogMagicLeap: Warning: VR disabled because ZI is not enabled.  To enable, in the editor, Edit -> Project Settings -> Plugins -> Magic Leap Plugin -> Enable Zero Iteration
[2022.01.07-21.15.52:636][  0]LogStats: UGameplayTagsManager::InitializeManager -  0.000 s
[2022.01.07-21.15.52:732][  0]LogInit: Initializing FReadOnlyCVARCache
[2022.01.07-21.15.52:738][  0]LogAIModule: Creating AISystem for world Untitled
[2022.01.07-21.15.52:738][  0]LogAISub: UAISubsystem::UAISubsystem EnvQueryManager (0000027ABECEBC00), frame # 0
[2022.01.07-21.15.52:738][  0]LogAISub: UAISubsystem::UAISubsystem AIPerceptionSystem (0000027ABED591C0), frame # 0
[2022.01.07-21.15.52:753][  0]LogAudioMixer: Display: Audio Mixer Platform Settings:
[2022.01.07-21.15.52:753][  0]LogAudioMixer: Display: 	Sample Rate:						  48000
[2022.01.07-21.15.52:753][  0]LogAudioMixer: Display: 	Callback Buffer Frame Size Requested: 1024
[2022.01.07-21.15.52:753][  0]LogAudioMixer: Display: 	Callback Buffer Frame Size To Use:	  1024
[2022.01.07-21.15.52:753][  0]LogAudioMixer: Display: 	Number of buffers to queue:			  2
[2022.01.07-21.15.52:754][  0]LogAudioMixer: Display: 	Max Channels (voices):				  32
[2022.01.07-21.15.52:754][  0]LogAudioMixer: Display: 	Number of Async Source Workers:		  0
[2022.01.07-21.15.52:754][  0]LogAudio: Display: AudioDevice MaxSources: 32
[2022.01.07-21.15.52:754][  0]LogAudio: Display: Using built-in audio occlusion.
[2022.01.07-21.15.52:754][  0]LogAudioMixer: Display: Initializing audio mixer.
[2022.01.07-21.15.52:768][  0]LogAudioMixer: Display: 0: FrontLeft
[2022.01.07-21.15.52:768][  0]LogAudioMixer: Display: 1: FrontRight
[2022.01.07-21.15.52:823][  0]LogAudioMixer: Display: Using Audio Device Realtek HD Audio 2nd output (Realtek(R) Audio)
[2022.01.07-21.15.52:826][  0]LogAudioMixer: Display: Initializing Sound Submixes...
[2022.01.07-21.15.52:827][  0]LogAudioMixer: Display: Creating Master Submix 'MasterSubmixDefault'
[2022.01.07-21.15.52:827][  0]LogAudioMixer: Display: Creating Master Submix 'MasterReverbSubmixDefault'
[2022.01.07-21.15.52:828][  0]LogAudioMixer: Display: Creating Master Submix 'MasterEQSubmixDefault'
[2022.01.07-21.15.52:828][  0]LogInit: FAudioDevice initialized.
[2022.01.07-21.15.52:828][  0]LogNetVersion: Set ProjectVersion to 1.0.0.0. Version Checksum will be recalculated on next use.
[2022.01.07-21.15.52:895][  0]LogDerivedDataCache: Saved boot cache 0.07s 79MB C:/Users/Huzy/AppData/Local/UnrealEngine/4.25/DerivedDataCache/Boot.ddc.
[2022.01.07-21.15.52:895][  0]LogInit: Texture streaming: Enabled
[2022.01.07-21.15.52:909][  0]LogEngineSessionManager: EngineSessionManager initialized
[2022.01.07-21.15.52:909][  0]LogEditorSessionSummary: Verbose: Initializing EditorSessionSummaryWriter for editor session tracking
[2022.01.07-21.15.52:911][  0]LogEditorSessionSummary: EditorSessionSummaryWriter initialized
[2022.01.07-21.15.52:951][  0]LogInit: Transaction tracking system initialized
[2022.01.07-21.15.52:969][  0]BlueprintLog: New page: Editor Load
[2022.01.07-21.15.53:018][  0]LocalizationService: Localization service is disabled
[2022.01.07-21.15.53:130][  0]LogCook: Display: Max memory allowance for cook 16384mb min free memory 0mb
[2022.01.07-21.15.53:130][  0]LogCook: Display: Mobile HDR setting 1
[2022.01.07-21.15.53:228][  0]LogFileCache: Scanning file cache for directory 'X:/Unreal projects/SEUPresetLoadingProjekt/Content/' took 0.01s
[2022.01.07-21.15.53:402][  0]SourceControl: Source control is disabled
[2022.01.07-21.15.53:402][  0]LogUnrealEdMisc: Loading editor; pre map load, took 11.074
[2022.01.07-21.15.53:402][  0]Cmd: MAP LOAD FILE="X:/Unreal projects/SEUPresetLoadingProjekt/Content/TopDownBP/Maps/TopDownExampleMap.umap" TEMPLATE=0 SHOWPROGRESS=1 FEATURELEVEL=3
[2022.01.07-21.15.53:423][  0]LightingResults: New page: Lighting Build
[2022.01.07-21.15.53:424][  0]LogWorld: UWorld::CleanupWorld for Untitled, bSessionEnded=true, bCleanupResources=true
[2022.01.07-21.15.53:424][  0]LogSlate: InvalidateAllWidgets triggered.  All widgets were invalidated
[2022.01.07-21.15.53:424][  0]MapCheck: New page: Map Check
[2022.01.07-21.15.53:424][  0]LightingResults: New page: Lighting Build
[2022.01.07-21.15.53:432][  0]LogAISub: UAISubsystem::~UAISubsystem EnvQueryManager (0000027ABECEBC00), frame # 0
[2022.01.07-21.15.53:432][  0]LogAISub: UAISubsystem::~UAISubsystem AIPerceptionSystem (0000027ABED591C0), frame # 0
[2022.01.07-21.15.53:433][  0]LogUObjectHash: Compacting FUObjectHashTables data took   0.51ms
[2022.01.07-21.15.54:403][  0]LogBlueprint: Warning: [Compiler TopDownController] InputAction Event references unknown Action 'SetDestination' for  InputAction SetDestination
[2022.01.07-21.15.54:810][  0]LogAIModule: Creating AISystem for world TopDownExampleMap
[2022.01.07-21.15.54:810][  0]LogAISub: UAISubsystem::UAISubsystem EnvQueryManager (0000027AB58C2200), frame # 0
[2022.01.07-21.15.54:810][  0]LogAISub: UAISubsystem::UAISubsystem AIPerceptionSystem (0000027AB58AFB00), frame # 0
[2022.01.07-21.15.54:822][  0]LogEditorServer: Finished looking for orphan Actors (0.000 secs)
[2022.01.07-21.15.54:823][  0]LogNavigationDataBuild: Display:    Building NavData:  Name Default class /Script/NavigationSystem.RecastNavMesh agent radius 35.0.
[2022.01.07-21.15.54:834][  0]LogUObjectHash: Compacting FUObjectHashTables data took   0.73ms
[2022.01.07-21.15.54:834][  0]Cmd: MAP CHECKDEP NOCLEARLOG
[2022.01.07-21.15.54:834][  0]MapCheck: Map check complete: 0 Error(s), 0 Warning(s), took 0,077ms to complete.
[2022.01.07-21.15.54:834][  0]LogFileHelpers: Loading map 'TopDownExampleMap' took 1.432
[2022.01.07-21.15.54:835][  0]LogUnrealEdMisc: Total Editor Startup Time, took 12.508
[2022.01.07-21.15.54:948][  0]LogSlate: Updating window title bar state: overlay mode, drag disabled, window buttons hidden, title bar hidden
[2022.01.07-21.15.54:954][  0]LogSlate: Updating window title bar state: overlay mode, drag disabled, window buttons hidden, title bar hidden
[2022.01.07-21.15.54:960][  0]LogSlate: Updating window title bar state: overlay mode, drag disabled, window buttons hidden, title bar hidden
[2022.01.07-21.15.54:968][  0]LogSlate: Updating window title bar state: overlay mode, drag disabled, window buttons hidden, title bar hidden
[2022.01.07-21.15.55:047][  0]LogCollectionManager: Loaded 0 collections in 0.000815 seconds
[2022.01.07-21.15.55:057][  0]LogFileCache: Scanning file cache for directory 'X:/Unreal projects/SEUPresetLoadingProjekt/Saved/Collections/' took 0.00s
[2022.01.07-21.15.55:057][  0]LogFileCache: Scanning file cache for directory 'X:/Unreal projects/SEUPresetLoadingProjekt/Content/Developers/Huzy/Collections/' took 0.00s
[2022.01.07-21.15.55:057][  0]LogFileCache: Scanning file cache for directory 'X:/Unreal projects/SEUPresetLoadingProjekt/Content/Collections/' took 0.00s
[2022.01.07-21.15.55:057][  0]LogContentBrowser: Native class hierarchy populated in 0.0075 seconds. Added 3427 classes and 821 folders.
[2022.01.07-21.15.55:060][  0]LogContentBrowser: Native class hierarchy updated for 'WidgetCarousel' in 0.0002 seconds. Added 0 classes and 0 folders.
[2022.01.07-21.15.55:089][  0]LogContentBrowser: Native class hierarchy updated for 'AddContentDialog' in 0.0002 seconds. Added 0 classes and 0 folders.
[2022.01.07-21.15.55:106][  0]LogSlate: Took 0.000125 seconds to synchronously load lazily loaded font '../../../Engine/Content/Slate/Fonts/Roboto-Regular.ttf' (155K)
[2022.01.07-21.15.55:108][  0]LogSlate: Took 0.000107 seconds to synchronously load lazily loaded font '../../../Engine/Content/Slate/Fonts/Roboto-Bold.ttf' (160K)
[2022.01.07-21.15.55:111][  0]LogSlate: Took 0.000087 seconds to synchronously load lazily loaded font '../../../Engine/Content/Editor/Slate/Fonts/FontAwesome.ttf' (139K)
[2022.01.07-21.15.55:168][  0]LogRenderer: Reallocating scene render targets to support 1644x548 Format 10 NumSamples 1 (Frame:1).
[2022.01.07-21.15.55:242][  0]LogContentBrowser: Native class hierarchy updated for 'HierarchicalLODOutliner' in 0.0002 seconds. Added 0 classes and 0 folders.
[2022.01.07-21.15.55:242][  0]LogLoad: (Engine Initialization) Total time: 12.91 seconds
[2022.01.07-21.15.55:242][  0]LogLoad: (Engine Initialization) Total Blueprint compile time: 0.00 seconds
[2022.01.07-21.15.55:278][  0]LogAssetRegistry: Asset discovery search completed in 4.1233 seconds
[2022.01.07-21.15.55:281][  0]LogCollectionManager: Fixed up redirectors for 0 collections in 0.000003 seconds (updated 0 objects)
[2022.01.07-21.15.55:282][  0]LogContentStreaming: Texture pool size now 1000 MB
[2022.01.07-21.15.55:296][  0]LogSlate: Took 0.000123 seconds to synchronously load lazily loaded font '../../../Engine/Content/Slate/Fonts/Roboto-Light.ttf' (167K)
[2022.01.07-21.17.19:754][614]LogSlate: Took 0.000126 seconds to synchronously load lazily loaded font '../../../Engine/Content/Slate/Fonts/Roboto-Light.ttf' (167K)
[2022.01.07-21.17.19:765][614]LogAssetEditorSubsystem: Opening Asset editor for Blueprint /Game/TopDownBP/BP_Granata.BP_Granata
[2022.01.07-21.17.19:917][614]LogContentBrowser: Native class hierarchy updated for 'BlueprintGraph' in 0.0005 seconds. Added 125 classes and 0 folders.
[2022.01.07-21.17.20:660][614]LogSlate: Took 0.000125 seconds to synchronously load lazily loaded font '../../../Engine/Content/Slate/Fonts/Roboto-BoldCondensed.ttf' (158K)
[2022.01.07-21.17.20:695][615]LogSlate: Took 0.001024 seconds to synchronously load lazily loaded font '../../../Engine/Content/Slate/Fonts/Roboto-Italic.ttf' (157K)
[2022.01.07-21.17.22:704][822]LogSlate: Window 'BP_Granata' being destroyed
[2022.01.07-21.17.57:399][955]LogAssetEditorSubsystem: Opening Asset editor for Blueprint /Game/TopDownBP/BP_Metak.BP_Metak
[2022.01.07-21.18.08:463][209]LogAssetEditorSubsystem: Opening Asset editor for Blueprint /Game/TopDownBP/BP_Stvaratelj.BP_Stvaratelj
[2022.01.07-21.18.32:018][971]LogAssetEditorSubsystem: Opening Asset editor for Blueprint /Game/TopDownBP/CT_Neprijatelj.CT_Neprijatelj
[2022.01.07-21.18.57:220][929]LogAssetEditorSubsystem: Opening Asset editor for Material /Game/TopDownBP/MT_Baza.MT_Baza
[2022.01.07-21.18.57:228][929]LogMaterial: Display: Missing cached shader map for material MT_Baza, compiling. 
[2022.01.07-21.18.57:540][929]LogMaterial: Display: Missing cached shader map for material MT_Baza, compiling. 
[2022.01.07-21.18.57:549][929]LogMaterial: Display: Missing cached shader map for material MT_Baza, compiling. 
[2022.01.07-21.18.57:559][929]LogMaterial: Display: Missing cached shader map for material FMatExpressionPreview MaterialExpressionVectorParameter_0, compiling. 
[2022.01.07-21.18.57:569][929]LogShaderCompilers: Display: Worker (1/9): shaders left to compile 9
[2022.01.07-21.18.57:569][929]LogShaderCompilers: Display: Worker (2/9): shaders left to compile 8
[2022.01.07-21.18.57:569][929]LogShaderCompilers: Display: Worker (3/9): shaders left to compile 7
[2022.01.07-21.18.57:569][929]LogShaderCompilers: Display: Worker (4/9): shaders left to compile 6
[2022.01.07-21.18.57:569][929]LogShaderCompilers: Display: Worker (5/9): shaders left to compile 5
[2022.01.07-21.18.57:569][929]LogShaderCompilers: Display: Worker (6/9): shaders left to compile 4
[2022.01.07-21.18.57:569][929]LogShaderCompilers: Display: Worker (7/9): shaders left to compile 3
[2022.01.07-21.18.57:569][929]LogShaderCompilers: Display: Worker (8/9): shaders left to compile 2
[2022.01.07-21.18.57:722][930]LogRenderer: Reallocating scene render targets to support 1644x600 Format 10 NumSamples 1 (Frame:1).
[2022.01.07-21.18.58:438][996]LogShaderCompilers: Display: Worker (3/9): shaders left to compile 5
[2022.01.07-21.18.58:438][996]LogShaderCompilers: Display: Worker (6/9): shaders left to compile 4
[2022.01.07-21.18.58:606][ 15]LogShaderCompilers: Display: Worker (2/9): shaders left to compile 3
[2022.01.07-21.18.58:682][ 22]LogShaderCompilers: Display: Worker (8/9): shaders left to compile 2
[2022.01.07-21.18.58:731][ 27]LogShaderCompilers: Display: Worker (1/9): shaders left to compile 1
[2022.01.07-21.18.58:893][ 44]MaterialEditorStats: Base pass shader: 120 instructions
[2022.01.07-21.18.58:893][ 44]MaterialEditorStats: Base pass shader with Volumetric Lightmap: 194 instructions
[2022.01.07-21.18.58:893][ 44]MaterialEditorStats: Base pass vertex shader: 40 instructions
[2022.01.07-21.18.58:893][ 44]MaterialEditorStats: Texture samplers: 2/16
[2022.01.07-21.18.58:901][ 44]LogSlate: Took 0.001044 seconds to synchronously load lazily loaded font '../../../Engine/Content/Slate/Fonts/DroidSansMono.ttf' (77K)
[2022.01.07-21.19.00:444][222]LogWorld: UWorld::CleanupWorld for World_8, bSessionEnded=true, bCleanupResources=true
[2022.01.07-21.19.00:444][222]LogSlate: InvalidateAllWidgets triggered.  All widgets were invalidated
[2022.01.07-21.19.03:200][530]LogAssetEditorSubsystem: Opening Asset editor for Blueprint /Game/TopDownBP/SG_Spremiste.SG_Spremiste
[2022.01.07-21.19.10:810][401]LogEditorViewport: Clicking on Actor (LMB): TopDownCharacter_C (TopDownCharacter)
[2022.01.07-21.19.10:926][407]LogEditorViewport: Clicking on Actor (context menu): TopDownCharacter_C (TopDownCharacter)
[2022.01.07-21.19.11:697][490]LogAssetEditorSubsystem: Opening Asset editor for Blueprint /Game/TopDownBP/Blueprints/TopDownCharacter.TopDownCharacter
[2022.01.07-22.04.46:576][949]BlueprintLog: New page: Compile TopDownCharacter
[2022.01.07-22.04.47:035][949]LogUObjectHash: Compacting FUObjectHashTables data took   5.41ms
[2022.01.07-22.04.47:807][  7]Cmd: OBJ SAVEPACKAGE PACKAGE="/Game/TopDownBP/Blueprints/TopDownCharacter" FILE="X:/Unreal projects/SEUPresetLoadingProjekt/Content/TopDownBP/Blueprints/TopDownCharacter.uasset" SILENT=true
[2022.01.07-22.04.47:907][  7]LogSavePackage: Moving 'X:/Unreal projects/SEUPresetLoadingProjekt/Saved/TopDownCharacter43CA070A4DC08DE80C04A4825AAA943E.tmp' to 'X:/Unreal projects/SEUPresetLoadingProjekt/Content/TopDownBP/Blueprints/TopDownCharacter.uasset'
[2022.01.07-22.04.47:925][  7]AssetCheck: New page: Asset Save: TopDownCharacter
[2022.01.07-22.04.47:925][  7]LogContentValidation: Display: Validating Blueprint /Game/TopDownBP/Blueprints/TopDownCharacter.TopDownCharacter
[2022.01.07-22.04.53:235][574]BlueprintLog: New page: Compile TopDownCharacter
[2022.01.07-22.04.53:248][574]LogBlueprint: Error: [Compiler BP_Granata] In use pin  <Unnamed>  no longer exists on node  Umiranje . Please refresh node or break links to remove pin.
[2022.01.07-22.04.53:248][574]LogBlueprint: Error: [Compiler BP_Granata] In use pin  Target  no longer exists on node  Umiranje . Please refresh node or break links to remove pin.
[2022.01.07-22.04.53:248][574]LogBlueprint: Error: [Compiler BP_Granata] Could not find a function named "Umiranje" in 'TopDownCharacter_C'.
Make sure 'TopDownCharacter_C' has been compiled for  Umiranje
[2022.01.07-22.04.53:248][574]LogBlueprint: Error: [Compiler BP_Granata] In use pin  <Unnamed>  no longer exists on node  Dodaj URezultat . Please refresh node or break links to remove pin.
[2022.01.07-22.04.53:248][574]LogBlueprint: Error: [Compiler BP_Granata] In use pin  <Unnamed>  no longer exists on node  Dodaj URezultat . Please refresh node or break links to remove pin.
[2022.01.07-22.04.53:248][574]LogBlueprint: Error: [Compiler BP_Granata] In use pin  Target  no longer exists on node  Dodaj URezultat . Please refresh node or break links to remove pin.
[2022.01.07-22.04.53:248][574]LogBlueprint: Error: [Compiler BP_Granata] Could not find a function named "DodajURezultat" in 'TopDownCharacter_C'.
Make sure 'TopDownCharacter_C' has been compiled for  Dodaj URezultat
[2022.01.07-22.04.53:249][574]LogBlueprint: Error: [Compiler BP_Metak] In use pin  <Unnamed>  no longer exists on node  Dodaj URezultat . Please refresh node or break links to remove pin.
[2022.01.07-22.04.53:250][574]LogBlueprint: Error: [Compiler BP_Metak] In use pin  <Unnamed>  no longer exists on node  Dodaj URezultat . Please refresh node or break links to remove pin.
[2022.01.07-22.04.53:250][574]LogBlueprint: Error: [Compiler BP_Metak] In use pin  Target  no longer exists on node  Dodaj URezultat . Please refresh node or break links to remove pin.
[2022.01.07-22.04.53:250][574]LogBlueprint: Error: [Compiler BP_Metak] Could not find a function named "DodajURezultat" in 'TopDownCharacter_C'.
Make sure 'TopDownCharacter_C' has been compiled for  Dodaj URezultat
[2022.01.07-22.04.53:253][574]LogBlueprint: Error: [Compiler TopDownCharacter] Could not find a function named "IspisRezultata" in 'TopDownCharacter_C'.
Make sure 'TopDownCharacter_C' has been compiled for  Ispis Rezultata
[2022.01.07-22.04.53:253][574]LogBlueprint: Error: [Compiler TopDownCharacter] Could not find a function named "UcitavanjeRezultata" in 'TopDownCharacter_C'.
Make sure 'TopDownCharacter_C' has been compiled for  Ucitavanje Rezultata
[2022.01.07-22.04.53:424][574]LogUObjectHash: Compacting FUObjectHashTables data took   3.48ms
[2022.01.07-22.04.53:842][610]Cmd: OBJ SAVEPACKAGE PACKAGE="/Game/TopDownBP/Blueprints/TopDownCharacter" FILE="X:/Unreal projects/SEUPresetLoadingProjekt/Content/TopDownBP/Blueprints/TopDownCharacter.uasset" SILENT=true
[2022.01.07-22.04.53:876][610]LogSavePackage: Moving 'X:/Unreal projects/SEUPresetLoadingProjekt/Saved/TopDownCharacterED7A2BED4460083D57B61EAA5F0B3696.tmp' to 'X:/Unreal projects/SEUPresetLoadingProjekt/Content/TopDownBP/Blueprints/TopDownCharacter.uasset'
[2022.01.07-22.04.53:891][610]AssetCheck: New page: Asset Save: TopDownCharacter
[2022.01.07-22.04.53:891][610]LogContentValidation: Display: Validating Blueprint /Game/TopDownBP/Blueprints/TopDownCharacter.TopDownCharacter
[2022.01.07-22.05.02:986][585]BlueprintLog: New page: Compile TopDownCharacter
[2022.01.07-22.05.02:998][585]LogBlueprint: Error: [Compiler TopDownCharacter] Could not find a function named "IspisRezultata" in 'TopDownCharacter_C'.
Make sure 'TopDownCharacter_C' has been compiled for  Ispis Rezultata
[2022.01.07-22.05.02:998][585]LogBlueprint: Error: [Compiler TopDownCharacter] Could not find a function named "UcitavanjeRezultata" in 'TopDownCharacter_C'.
Make sure 'TopDownCharacter_C' has been compiled for  Ucitavanje Rezultata
[2022.01.07-22.05.03:152][585]LogUObjectHash: Compacting FUObjectHashTables data took   3.72ms
[2022.01.07-22.05.03:645][623]Cmd: OBJ SAVEPACKAGE PACKAGE="/Game/TopDownBP/Blueprints/TopDownCharacter" FILE="X:/Unreal projects/SEUPresetLoadingProjekt/Content/TopDownBP/Blueprints/TopDownCharacter.uasset" SILENT=true
[2022.01.07-22.05.03:675][623]LogSavePackage: Moving 'X:/Unreal projects/SEUPresetLoadingProjekt/Saved/TopDownCharacterFC75F9194154493CB562188F0CD42A91.tmp' to 'X:/Unreal projects/SEUPresetLoadingProjekt/Content/TopDownBP/Blueprints/TopDownCharacter.uasset'
[2022.01.07-22.05.03:689][623]AssetCheck: New page: Asset Save: TopDownCharacter
[2022.01.07-22.05.03:689][623]LogContentValidation: Display: Validating Blueprint /Game/TopDownBP/Blueprints/TopDownCharacter.TopDownCharacter
[2022.01.07-22.05.09:989][300]BlueprintLog: New page: Compile TopDownCharacter
[2022.01.07-22.05.10:145][300]LogUObjectHash: Compacting FUObjectHashTables data took   4.19ms
[2022.01.07-22.05.10:504][328]Cmd: OBJ SAVEPACKAGE PACKAGE="/Game/TopDownBP/Blueprints/TopDownCharacter" FILE="X:/Unreal projects/SEUPresetLoadingProjekt/Content/TopDownBP/Blueprints/TopDownCharacter.uasset" SILENT=true
[2022.01.07-22.05.10:537][328]LogSavePackage: Moving 'X:/Unreal projects/SEUPresetLoadingProjekt/Saved/TopDownCharacter31CE57CA40F6C09584A709AFAA5EE9C7.tmp' to 'X:/Unreal projects/SEUPresetLoadingProjekt/Content/TopDownBP/Blueprints/TopDownCharacter.uasset'
[2022.01.07-22.05.10:557][328]AssetCheck: New page: Asset Save: TopDownCharacter
[2022.01.07-22.05.10:557][328]LogContentValidation: Display: Validating Blueprint /Game/TopDownBP/Blueprints/TopDownCharacter.TopDownCharacter
[2022.01.07-22.05.14:657][755]LogTemp: Repeating last play command: Selected Viewport
[2022.01.07-22.05.14:689][755]LogPlayLevel: PlayLevel: No blueprints needed recompiling
[2022.01.07-22.05.14:689][755]BlueprintLog: Warning: Blueprint failed to compile:  BP_Granata
[2022.01.07-22.05.14:689][755]BlueprintLog: Warning: Blueprint failed to compile:  BP_Metak
[2022.01.07-22.05.14:691][755]LogCustomDialog: Dialog displayed:
[2022.01.07-22.05.16:844][755]LogSlate: Window 'Blueprint Compilation Errors' being destroyed
[2022.01.07-22.05.18:049][871]LogSlate: Window 'Message Log' being destroyed
[2022.01.07-22.05.18:055][871]LogSlate: Window 'Message Log' being destroyed
[2022.01.07-22.05.22:489][292]BlueprintLog: New page: Compile BP_Granata
[2022.01.07-22.05.22:555][292]LogUObjectHash: Compacting FUObjectHashTables data took   4.14ms
[2022.01.07-22.05.23:105][348]Cmd: OBJ SAVEPACKAGE PACKAGE="/Game/TopDownBP/BP_Granata" FILE="X:/Unreal projects/SEUPresetLoadingProjekt/Content/TopDownBP/BP_Granata.uasset" SILENT=true
[2022.01.07-22.05.23:140][348]LogSavePackage: Moving 'X:/Unreal projects/SEUPresetLoadingProjekt/Saved/BP_GranataFDB8E4314DDD24A4B12354A8D4045009.tmp' to 'X:/Unreal projects/SEUPresetLoadingProjekt/Content/TopDownBP/BP_Granata.uasset'
[2022.01.07-22.05.23:155][348]AssetCheck: New page: Asset Save: BP_Granata
[2022.01.07-22.05.23:155][348]LogContentValidation: Display: Validating Blueprint /Game/TopDownBP/BP_Granata.BP_Granata
[2022.01.07-22.05.27:820][841]BlueprintLog: New page: Compile BP_Metak
[2022.01.07-22.05.27:887][841]LogUObjectHash: Compacting FUObjectHashTables data took   4.44ms
[2022.01.07-22.05.28:396][892]Cmd: OBJ SAVEPACKAGE PACKAGE="/Game/TopDownBP/BP_Metak" FILE="X:/Unreal projects/SEUPresetLoadingProjekt/Content/TopDownBP/BP_Metak.uasset" SILENT=true
[2022.01.07-22.05.28:453][892]LogSavePackage: Moving 'X:/Unreal projects/SEUPresetLoadingProjekt/Saved/BP_Metak3BA0B3584402C950C2638E8C72866129.tmp' to 'X:/Unreal projects/SEUPresetLoadingProjekt/Content/TopDownBP/BP_Metak.uasset'
[2022.01.07-22.05.28:469][892]AssetCheck: New page: Asset Save: BP_Metak
[2022.01.07-22.05.28:469][892]LogContentValidation: Display: Validating Blueprint /Game/TopDownBP/BP_Metak.BP_Metak
[2022.01.07-22.05.34:165][538]BlueprintLog: New page: Compile BP_Stvaratelj
[2022.01.07-22.05.34:224][538]LogUObjectHash: Compacting FUObjectHashTables data took   2.53ms
[2022.01.07-22.05.34:566][574]Cmd: OBJ SAVEPACKAGE PACKAGE="/Game/TopDownBP/BP_Stvaratelj" FILE="X:/Unreal projects/SEUPresetLoadingProjekt/Content/TopDownBP/BP_Stvaratelj.uasset" SILENT=true
[2022.01.07-22.05.34:572][574]LogSavePackage: Moving 'X:/Unreal projects/SEUPresetLoadingProjekt/Saved/BP_Stvaratelj413694C045C9E844F73D89993BC35BE4.tmp' to 'X:/Unreal projects/SEUPresetLoadingProjekt/Content/TopDownBP/BP_Stvaratelj.uasset'
[2022.01.07-22.05.34:587][574]AssetCheck: New page: Asset Save: BP_Stvaratelj
[2022.01.07-22.05.34:587][574]LogContentValidation: Display: Validating Blueprint /Game/TopDownBP/BP_Stvaratelj.BP_Stvaratelj
[2022.01.07-22.05.40:991][326]LogRenderer: Reallocating scene render targets to support 1792x700 Format 10 NumSamples 1 (Frame:1).
[2022.01.07-22.05.51:045][500]BlueprintLog: New page: Compile BP_Stvaratelj
[2022.01.07-22.05.51:099][500]LogUObjectHash: Compacting FUObjectHashTables data took   2.89ms
[2022.01.07-22.05.51:555][549]Cmd: OBJ SAVEPACKAGE PACKAGE="/Game/TopDownBP/BP_Stvaratelj" FILE="X:/Unreal projects/SEUPresetLoadingProjekt/Content/TopDownBP/BP_Stvaratelj.uasset" SILENT=true
[2022.01.07-22.05.51:561][549]LogSavePackage: Moving 'X:/Unreal projects/SEUPresetLoadingProjekt/Saved/BP_StvarateljA5CBBF47472C22C8C4A00DA213EAAE4E.tmp' to 'X:/Unreal projects/SEUPresetLoadingProjekt/Content/TopDownBP/BP_Stvaratelj.uasset'
[2022.01.07-22.05.51:574][549]AssetCheck: New page: Asset Save: BP_Stvaratelj
[2022.01.07-22.05.51:574][549]LogContentValidation: Display: Validating Blueprint /Game/TopDownBP/BP_Stvaratelj.BP_Stvaratelj
[2022.01.07-22.05.54:258][864]LogWorld: UWorld::CleanupWorld for World_6, bSessionEnded=true, bCleanupResources=true
[2022.01.07-22.05.54:258][864]LogSlate: InvalidateAllWidgets triggered.  All widgets were invalidated
[2022.01.07-22.06.11:780][862]BlueprintLog: New page: Compile BP_Metak
[2022.01.07-22.06.11:838][862]LogUObjectHash: Compacting FUObjectHashTables data took   3.77ms
[2022.01.07-22.06.12:283][908]Cmd: OBJ SAVEPACKAGE PACKAGE="/Game/TopDownBP/BP_Metak" FILE="X:/Unreal projects/SEUPresetLoadingProjekt/Content/TopDownBP/BP_Metak.uasset" SILENT=true
[2022.01.07-22.06.12:288][908]LogSavePackage: Moving 'X:/Unreal projects/SEUPresetLoadingProjekt/Saved/BP_MetakC6B6BB554A329E998EFC398BBA7BBE6B.tmp' to 'X:/Unreal projects/SEUPresetLoadingProjekt/Content/TopDownBP/BP_Metak.uasset'
[2022.01.07-22.06.12:301][908]AssetCheck: New page: Asset Save: BP_Metak
[2022.01.07-22.06.12:301][908]LogContentValidation: Display: Validating Blueprint /Game/TopDownBP/BP_Metak.BP_Metak
[2022.01.07-22.06.19:630][697]LogUObjectHash: Compacting FUObjectHashTables data took   2.42ms
[2022.01.07-22.06.23:277][697]LogSlate: Window 'Delete Assets' being destroyed
[2022.01.07-22.06.24:379][785]LogAssetEditorSubsystem: Opening Asset editor for Blueprint /Game/TopDownBP/BP_Stvaratelj.BP_Stvaratelj
[2022.01.07-22.06.26:121][939]LogWorld: UWorld::CleanupWorld for World_13, bSessionEnded=true, bCleanupResources=true
[2022.01.07-22.06.26:121][939]LogSlate: InvalidateAllWidgets triggered.  All widgets were invalidated
[2022.01.07-22.06.26:182][939]LogAssetEditorSubsystem: Opening Asset editor for Blueprint /Game/TopDownBP/BP_Stvaratelj.BP_Stvaratelj
[2022.01.07-22.06.29:981][339]LogWorld: UWorld::CleanupWorld for World_14, bSessionEnded=true, bCleanupResources=true
[2022.01.07-22.06.29:981][339]LogSlate: InvalidateAllWidgets triggered.  All widgets were invalidated
[2022.01.07-22.06.32:281][541]LogUObjectHash: Compacting FUObjectHashTables data took   3.17ms
[2022.01.07-22.06.33:545][541]LogSlate: Window 'Delete Assets' being destroyed
[2022.01.07-22.06.37:767][984]LogEditorViewport: Clicking on Actor (LMB): BP_Stvaratelj_C (BP_Stvaratelj)
[2022.01.07-22.06.41:740][445]Cmd: DELETE
[2022.01.07-22.06.41:740][445]Cmd: ACTOR DELETE
[2022.01.07-22.06.41:851][445]LogEditorActor: Deleted Actor: BP_Stvaratelj_C
[2022.01.07-22.06.41:887][445]LogUObjectHash: Compacting FUObjectHashTables data took   3.23ms
[2022.01.07-22.06.41:893][445]LogEditorActor: Deleted 1 Actors (0.134 secs)
[2022.01.07-22.06.42:545][520]Cmd: DELETE
[2022.01.07-22.06.42:545][520]Cmd: ACTOR DELETE
[2022.01.07-22.06.42:547][520]LogEditorActor: Deleted Actor: BP_Stvaratelj_C
[2022.01.07-22.06.42:582][520]LogUObjectHash: Compacting FUObjectHashTables data took   1.27ms
[2022.01.07-22.06.42:583][520]LogEditorActor: Deleted 1 Actors (0.039 secs)
[2022.01.07-22.06.43:780][652]LogUObjectHash: Compacting FUObjectHashTables data took   0.70ms
[2022.01.07-22.06.43:935][652]LogSavePackage: Moving 'X:/Unreal projects/SEUPresetLoadingProjekt/Saved/TopDownExampleMap6F02EAEB4445426BA5141DADC48058DC.tmp' to 'X:/Unreal projects/SEUPresetLoadingProjekt/Content/TopDownBP/Maps/TopDownExampleMap.umap'
[2022.01.07-22.06.43:959][652]Cmd: OBJ SAVEPACKAGE PACKAGE="/Game/TopDownBP/Maps/TopDownExampleMap_BuiltData" FILE="X:/Unreal projects/SEUPresetLoadingProjekt/Content/TopDownBP/Maps/TopDownExampleMap_BuiltData.uasset" SILENT=true
[2022.01.07-22.06.44:066][652]LogSavePackage: Moving 'X:/Unreal projects/SEUPresetLoadingProjekt/Saved/TopDownExampleMap_BuiltDataCDC9D26C4F5B23CB5F4DB5AC29220BDD.tmp' to 'X:/Unreal projects/SEUPresetLoadingProjekt/Content/TopDownBP/Maps/TopDownExampleMap_BuiltData.uasset'
[2022.01.07-22.06.44:090][652]AssetCheck: New page: Asset Save: multiple assets
[2022.01.07-22.06.44:090][652]LogContentValidation: Display: Validating World /Game/TopDownBP/Maps/TopDownExampleMap.TopDownExampleMap
[2022.01.07-22.06.44:090][652]LogContentValidation: Display: Validating MapBuildDataRegistry /Game/TopDownBP/Maps/TopDownExampleMap_BuiltData.TopDownExampleMap_BuiltData
[2022.01.07-22.06.44:530][694]LogTemp: Repeating last play command: Selected Viewport
[2022.01.07-22.06.44:543][694]LogPlayLevel: PlayLevel: No blueprints needed recompiling
[2022.01.07-22.06.44:547][694]PIE: New page: PIE session: TopDownExampleMap (8. sij 2022. 00:06:44)
[2022.01.07-22.06.44:562][694]LogOnline: OSS: Creating online subsystem instance for: NULL
[2022.01.07-22.06.44:565][694]LogOnline: OSS: TryLoadSubsystemAndSetDefault: Loaded subsystem for module [NULL]
[2022.01.07-22.06.44:567][694]LogPlayLevel: Creating play world package: /Game/TopDownBP/Maps/UEDPIE_0_TopDownExampleMap
[2022.01.07-22.06.44:584][694]LogPlayLevel: PIE: StaticDuplicateObject took: (0.016886s)
[2022.01.07-22.06.44:586][694]LogAIModule: Creating AISystem for world TopDownExampleMap
[2022.01.07-22.06.44:586][694]LogAISub: UAISubsystem::UAISubsystem EnvQueryManager (0000027AFB7C9C00), frame # 69694
[2022.01.07-22.06.44:586][694]LogAISub: UAISubsystem::UAISubsystem AIPerceptionSystem (0000027AA04B9300), frame # 69694
[2022.01.07-22.06.44:587][694]LogPlayLevel: PIE: World Init took: (0.002098s)
[2022.01.07-22.06.44:587][694]LogPlayLevel: PIE: Created PIE world by copying editor world from /Game/TopDownBP/Maps/TopDownExampleMap.TopDownExampleMap to /Game/TopDownBP/Maps/UEDPIE_0_TopDownExampleMap.TopDownExampleMap (0.019778s)
[2022.01.07-22.06.44:631][694]LogUObjectHash: Compacting FUObjectHashTables data took   3.10ms
[2022.01.07-22.06.44:634][694]LogAudioMixer: Display: Audio Mixer Platform Settings:
[2022.01.07-22.06.44:634][694]LogAudioMixer: Display: 	Sample Rate:						  48000
[2022.01.07-22.06.44:634][694]LogAudioMixer: Display: 	Callback Buffer Frame Size Requested: 1024
[2022.01.07-22.06.44:634][694]LogAudioMixer: Display: 	Callback Buffer Frame Size To Use:	  1024
[2022.01.07-22.06.44:634][694]LogAudioMixer: Display: 	Number of buffers to queue:			  2
[2022.01.07-22.06.44:634][694]LogAudioMixer: Display: 	Max Channels (voices):				  32
[2022.01.07-22.06.44:634][694]LogAudioMixer: Display: 	Number of Async Source Workers:		  0
[2022.01.07-22.06.44:634][694]LogAudio: Display: AudioDevice MaxSources: 32
[2022.01.07-22.06.44:634][694]LogAudio: Display: Using built-in audio occlusion.
[2022.01.07-22.06.44:634][694]LogAudioMixer: Display: Initializing audio mixer.
[2022.01.07-22.06.44:643][694]LogAudioMixer: Display: 0: FrontLeft
[2022.01.07-22.06.44:643][694]LogAudioMixer: Display: 1: FrontRight
[2022.01.07-22.06.44:684][694]LogAudioMixer: Display: Using Audio Device Realtek HD Audio 2nd output (Realtek(R) Audio)
[2022.01.07-22.06.44:685][694]LogAudioMixer: Display: Initializing Sound Submixes...
[2022.01.07-22.06.44:685][694]LogAudioMixer: Display: Creating Master Submix 'MasterSubmixDefault'
[2022.01.07-22.06.44:685][694]LogAudioMixer: Display: Creating Master Submix 'MasterReverbSubmixDefault'
[2022.01.07-22.06.44:685][694]LogAudioMixer: Display: Creating Master Submix 'MasterEQSubmixDefault'
[2022.01.07-22.06.44:695][694]LogInit: FAudioDevice initialized.
[2022.01.07-22.06.44:713][694]LogLoad: Game class is 'TopDownGameMode_C'
[2022.01.07-22.06.44:728][694]LogWorld: Bringing World /Game/TopDownBP/Maps/UEDPIE_0_TopDownExampleMap.TopDownExampleMap up for play (max tick rate 0) at 2022.01.07-23.06.44
[2022.01.07-22.06.44:729][694]LogWorld: Bringing up level for play took: 0.005008
[2022.01.07-22.06.44:731][694]LogOnline: OSS: Creating online subsystem instance for: :Context_16
[2022.01.07-22.06.44:794][694]LogContentBrowser: Native class hierarchy updated for 'MovieSceneCapture' in 0.0011 seconds. Added 20 classes and 0 folders.
[2022.01.07-22.06.44:800][694]PIE: Server logged in
[2022.01.07-22.06.44:803][694]PIE: Play in editor total start time 0,26 seconds.
[2022.01.07-22.06.53:425][544]LogActorComponent: UnregisterComponent: (/Engine/Transient.EditorFloorComp) Not registered. Aborting.
[2022.01.07-22.06.53:425][544]LogWorld: UWorld::CleanupWorld for World_10, bSessionEnded=true, bCleanupResources=true
[2022.01.07-22.06.53:425][544]LogSlate: InvalidateAllWidgets triggered.  All widgets were invalidated
[2022.01.07-22.06.55:397][753]LogSlate: Updating window title bar state: overlay mode, drag disabled, window buttons hidden, title bar hidden
[2022.01.07-22.06.55:398][753]LogWorld: BeginTearingDown for /Game/TopDownBP/Maps/UEDPIE_0_TopDownExampleMap
[2022.01.07-22.06.55:398][753]LogWorld: UWorld::CleanupWorld for TopDownExampleMap, bSessionEnded=true, bCleanupResources=true
[2022.01.07-22.06.55:400][753]LogSlate: InvalidateAllWidgets triggered.  All widgets were invalidated
[2022.01.07-22.06.55:413][753]LogPlayLevel: Display: Shutting down PIE online subsystems
[2022.01.07-22.06.55:421][753]LogSlate: InvalidateAllWidgets triggered.  All widgets were invalidated
[2022.01.07-22.06.55:475][753]LogSlate: Updating window title bar state: overlay mode, drag disabled, window buttons hidden, title bar hidden
[2022.01.07-22.06.55:490][753]LogAISub: UAISubsystem::~UAISubsystem AIPerceptionSystem (0000027AA04B9300), frame # 70753
[2022.01.07-22.06.55:490][753]LogAISub: UAISubsystem::~UAISubsystem EnvQueryManager (0000027AFB7C9C00), frame # 70753
[2022.01.07-22.06.55:533][753]LogUObjectHash: Compacting FUObjectHashTables data took   4.74ms
[2022.01.07-22.06.55:554][754]LogPlayLevel: Display: Destroying online subsystem :Context_16
[2022.01.07-22.06.59:408][209]LogWorld: UWorld::CleanupWorld for World_9, bSessionEnded=true, bCleanupResources=true
[2022.01.07-22.06.59:408][209]LogSlate: InvalidateAllWidgets triggered.  All widgets were invalidated
[2022.01.07-22.07.02:868][597]LogActorComponent: UnregisterComponent: (/Engine/Transient.EditorFloorComp) Not registered. Aborting.
[2022.01.07-22.07.02:868][597]LogWorld: UWorld::CleanupWorld for World_4, bSessionEnded=true, bCleanupResources=true
[2022.01.07-22.07.02:868][597]LogSlate: InvalidateAllWidgets triggered.  All widgets were invalidated
[2022.01.07-22.07.03:830][693]LogActorComponent: UnregisterComponent: (/Engine/Transient.EditorFloorComp) Not registered. Aborting.
[2022.01.07-22.07.03:830][693]LogWorld: UWorld::CleanupWorld for World_5, bSessionEnded=true, bCleanupResources=true
[2022.01.07-22.07.03:830][693]LogSlate: InvalidateAllWidgets triggered.  All widgets were invalidated
[2022.01.07-22.07.04:717][784]LogActorComponent: UnregisterComponent: (/Engine/Transient.EditorFloorComp) Not registered. Aborting.
[2022.01.07-22.07.04:717][784]LogWorld: UWorld::CleanupWorld for World_7, bSessionEnded=true, bCleanupResources=true
[2022.01.07-22.07.04:718][784]LogSlate: InvalidateAllWidgets triggered.  All widgets were invalidated
[2022.01.07-22.07.07:476][ 49]LogAssetEditorSubsystem: Opening Asset editor for Blueprint /Game/TopDownBP/BP_Metak.BP_Metak
[2022.01.07-22.07.09:052][180]LogWorld: UWorld::CleanupWorld for World_15, bSessionEnded=true, bCleanupResources=true
[2022.01.07-22.07.09:052][180]LogSlate: InvalidateAllWidgets triggered.  All widgets were invalidated
[2022.01.07-22.07.12:128][469]LogUObjectHash: Compacting FUObjectHashTables data took   4.63ms
[2022.01.07-22.07.22:858][469]LogSlate: Window 'Delete Assets' being destroyed
[2022.01.07-22.07.30:306][469]LogWindows: Error: === Critical error: ===
[2022.01.07-22.07.30:306][469]LogWindows: Error: 
[2022.01.07-22.07.30:306][469]LogWindows: Error: Fatal error!
[2022.01.07-22.07.30:306][469]LogWindows: Error: 
[2022.01.07-22.07.30:306][469]LogWindows: Error: Unhandled Exception: EXCEPTION_ACCESS_VIOLATION reading address 0xffffffff
[2022.01.07-22.07.30:306][469]LogWindows: Error: 
[2022.01.07-22.07.30:306][469]LogWindows: Error: [Callstack] 0x00007fffc6e50de8 UE4Editor-CoreUObject.dll!FPropertyProxyArchive::operator<<() [D:\Build\++UE4\Sync\Engine\Source\Runtime\CoreUObject\Public\UObject\PropertyProxyArchive.h:45]
[2022.01.07-22.07.30:306][469]LogWindows: Error: [Callstack] 0x00007fffc6f45a85 UE4Editor-CoreUObject.dll!UStruct::SerializeExpr() [D:\Build\++UE4\Sync\Engine\Source\Runtime\CoreUObject\Public\UObject\ScriptSerialization.h:222]
[2022.01.07-22.07.30:306][469]LogWindows: Error: [Callstack] 0x00007fffc6f45dc2 UE4Editor-CoreUObject.dll!UStruct::SerializeExpr() [D:\Build\++UE4\Sync\Engine\Source\Runtime\CoreUObject\Public\UObject\ScriptSerialization.h:292]
[2022.01.07-22.07.30:307][469]LogWindows: Error: [Callstack] 0x00007fffc6f4557b UE4Editor-CoreUObject.dll!UStruct::SerializeExpr() [D:\Build\++UE4\Sync\Engine\Source\Runtime\CoreUObject\Private\UObject\Class.cpp:2126]
[2022.01.07-22.07.30:307][469]LogWindows: Error: [Callstack] 0x00007fffc6f4486a UE4Editor-CoreUObject.dll!UStruct::Serialize() [D:\Build\++UE4\Sync\Engine\Source\Runtime\CoreUObject\Private\UObject\Class.cpp:1925]
[2022.01.07-22.07.30:307][469]LogWindows: Error: [Callstack] 0x00007fffc6f43cfe UE4Editor-CoreUObject.dll!UFunction::Serialize() [D:\Build\++UE4\Sync\Engine\Source\Runtime\CoreUObject\Private\UObject\Class.cpp:5555]
[2022.01.07-22.07.30:307][469]LogWindows: Error: [Callstack] 0x00007fffc6df315e UE4Editor-CoreUObject.dll!FFindReferencersArchive::FFindReferencersArchive() [D:\Build\++UE4\Sync\Engine\Source\Runtime\CoreUObject\Private\Serialization\FindReferencersArchive.cpp:41]
[2022.01.07-22.07.30:307][469]LogWindows: Error: [Callstack] 0x00007fffba5267b3 UE4Editor-UnrealEd.dll!ObjectTools::RecursiveRetrieveReferencers() [D:\Build\++UE4\Sync\Engine\Source\Editor\UnrealEd\Private\ObjectTools.cpp:2465]
[2022.01.07-22.07.30:307][469]LogWindows: Error: [Callstack] 0x00007fffba504d0a UE4Editor-UnrealEd.dll!ObjectTools::ForceDeleteObjects() [D:\Build\++UE4\Sync\Engine\Source\Editor\UnrealEd\Private\ObjectTools.cpp:2516]
[2022.01.07-22.07.30:307][469]LogWindows: Error: [Callstack] 0x00007fffb9cb9e39 UE4Editor-UnrealEd.dll!FAssetDeleteModel::DoForceDelete() [D:\Build\++UE4\Sync\Engine\Source\Editor\UnrealEd\Private\AssetDeleteModel.cpp:321]
[2022.01.07-22.07.30:307][469]LogWindows: Error: [Callstack] 0x00007fffb9f5d43e UE4Editor-UnrealEd.dll!SDeleteAssetsDialog::ForceDelete() [D:\Build\++UE4\Sync\Engine\Source\Editor\UnrealEd\Private\Dialogs\SDeleteAssetsDialog.cpp:718]
[2022.01.07-22.07.30:307][469]LogWindows: Error: [Callstack] 0x00007fffb9f56dc7 UE4Editor-UnrealEd.dll!TBaseSPMethodDelegateInstance<0,SDeleteAssetsDialog,0,FReply __cdecl(void)>::Execute() [D:\Build\++UE4\Sync\Engine\Source\Runtime\Core\Public\Delegates\DelegateInstancesImpl.h:298]
[2022.01.07-22.07.30:307][469]LogWindows: Error: [Callstack] 0x00007fffc677207e UE4Editor-Slate.dll!SButton::ExecuteOnClick() [D:\Build\++UE4\Sync\Engine\Source\Runtime\Slate\Private\Widgets\Input\SButton.cpp:385]
[2022.01.07-22.07.30:307][469]LogWindows: Error: [Callstack] 0x00007fffc678b27e UE4Editor-Slate.dll!SButton::OnMouseButtonUp() [D:\Build\++UE4\Sync\Engine\Source\Runtime\Slate\Private\Widgets\Input\SButton.cpp:304]
[2022.01.07-22.07.30:307][469]LogWindows: Error: [Callstack] 0x00007fffc65d2dc8 UE4Editor-Slate.dll!FEventRouter::Route<FReply,FEventRouter::FToLeafmostPolicy,FPointerEvent,<lambda_cc5aea9e7377b04ce85c30c65ec3889b> >() [D:\Build\++UE4\Sync\Engine\Source\Runtime\Slate\Private\Framework\Application\SlateApplication.cpp:372]
[2022.01.07-22.07.30:307][469]LogWindows: Error: [Callstack] 0x00007fffc66569cf UE4Editor-Slate.dll!FSlateApplication::RoutePointerUpEvent() [D:\Build\++UE4\Sync\Engine\Source\Runtime\Slate\Private\Framework\Application\SlateApplication.cpp:4675]
[2022.01.07-22.07.30:307][469]LogWindows: Error: [Callstack] 0x00007fffc663f4b2 UE4Editor-Slate.dll!FSlateApplication::ProcessMouseButtonUpEvent() [D:\Build\++UE4\Sync\Engine\Source\Runtime\Slate\Private\Framework\Application\SlateApplication.cpp:5198]
[2022.01.07-22.07.30:307][469]LogWindows: Error: [Callstack] 0x00007fffc6632392 UE4Editor-Slate.dll!FSlateApplication::OnMouseUp() [D:\Build\++UE4\Sync\Engine\Source\Runtime\Slate\Private\Framework\Application\SlateApplication.cpp:5166]
[2022.01.07-22.07.30:307][469]LogWindows: Error: [Callstack] 0x00007ffff4267f88 UE4Editor-ApplicationCore.dll!FWindowsApplication::ProcessDeferredMessage() [D:\Build\++UE4\Sync\Engine\Source\Runtime\ApplicationCore\Private\Windows\WindowsApplication.cpp:2140]
[2022.01.07-22.07.30:307][469]LogWindows: Error: [Callstack] 0x00007ffff4255c87 UE4Editor-ApplicationCore.dll!FWindowsApplication::DeferMessage() [D:\Build\++UE4\Sync\Engine\Source\Runtime\ApplicationCore\Private\Windows\WindowsApplication.cpp:2592]
[2022.01.07-22.07.30:307][469]LogWindows: Error: [Callstack] 0x00007ffff426a619 UE4Editor-ApplicationCore.dll!FWindowsApplication::ProcessMessage() [D:\Build\++UE4\Sync\Engine\Source\Runtime\ApplicationCore\Private\Windows\WindowsApplication.cpp:1816]
[2022.01.07-22.07.30:307][469]LogWindows: Error: [Callstack] 0x00007ffff42517d0 UE4Editor-ApplicationCore.dll!FWindowsApplication::AppWndProc() [D:\Build\++UE4\Sync\Engine\Source\Runtime\ApplicationCore\Private\Windows\WindowsApplication.cpp:852]
[2022.01.07-22.07.30:307][469]LogWindows: Error: [Callstack] 0x00007ff82f22e7e8 USER32.dll!UnknownFunction []
[2022.01.07-22.07.30:307][469]LogWindows: Error: [Callstack] 0x00007ff82f22e229 USER32.dll!UnknownFunction []
[2022.01.07-22.07.30:307][469]LogWindows: Error: [Callstack] 0x00007ffff426b9d9 UE4Editor-ApplicationCore.dll!FWindowsApplication::PumpMessages() [D:\Build\++UE4\Sync\Engine\Source\Runtime\ApplicationCore\Private\Windows\WindowsApplication.cpp:2604]
[2022.01.07-22.07.30:307][469]LogWindows: Error: [Callstack] 0x00007fffc6660d5d UE4Editor-Slate.dll!FSlateApplication::TickPlatform() [D:\Build\++UE4\Sync\Engine\Source\Runtime\Slate\Private\Framework\Application\SlateApplication.cpp:1380]
[2022.01.07-22.07.30:307][469]LogWindows: Error: [Callstack] 0x00007fffc65fbdb7 UE4Editor-Slate.dll!FSlateApplication::AddModalWindow() [D:\Build\++UE4\Sync\Engine\Source\Runtime\Slate\Private\Framework\Application\SlateApplication.cpp:1909]
[2022.01.07-22.07.30:307][469]LogWindows: Error: [Callstack] 0x00007fffb9fef00e UE4Editor-UnrealEd.dll!UEditorEngine::EditorAddModalWindow() [D:\Build\++UE4\Sync\Engine\Source\Editor\UnrealEd\Private\EditorEngine.cpp:4095]
[2022.01.07-22.07.30:307][469]LogWindows: Error: [Callstack] 0x00007fffba4faf1c UE4Editor-UnrealEd.dll!ObjectTools::DeleteObjects() [D:\Build\++UE4\Sync\Engine\Source\Editor\UnrealEd\Private\ObjectTools.cpp:2210]
[2022.01.07-22.07.30:307][469]LogWindows: Error: [Callstack] 0x00007fffba4fa356 UE4Editor-UnrealEd.dll!ObjectTools::DeleteAssets() [D:\Build\++UE4\Sync\Engine\Source\Editor\UnrealEd\Private\ObjectTools.cpp:2013]
[2022.01.07-22.07.30:307][469]LogWindows: Error: [Callstack] 0x00007fffa8d7977e UE4Editor-ContentBrowser.dll!FAssetContextMenu::ExecuteDelete() [D:\Build\++UE4\Sync\Engine\Source\Editor\ContentBrowser\Private\AssetContextMenu.cpp:2457]
[2022.01.07-22.07.30:307][469]LogWindows: Error: [Callstack] 0x00007fffa8ea75d6 UE4Editor-ContentBrowser.dll!SContentBrowser::HandleDeleteCommandExecute() [D:\Build\++UE4\Sync\Engine\Source\Editor\ContentBrowser\Private\SContentBrowser.cpp:2588]
[2022.01.07-22.07.30:307][469]LogWindows: Error: [Callstack] 0x00007fffa8e874ae UE4Editor-ContentBrowser.dll!TBaseSPMethodDelegateInstance<0,SContentBrowser,0,void __cdecl(void)>::ExecuteIfSafe() [D:\Build\++UE4\Sync\Engine\Source\Runtime\Core\Public\Delegates\DelegateInstancesImpl.h:374]
[2022.01.07-22.07.30:307][469]LogWindows: Error: [Callstack] 0x00007fffc6602dc1 UE4Editor-Slate.dll!FUICommandList::ConditionalProcessCommandBindings() [D:\Build\++UE4\Sync\Engine\Source\Runtime\Slate\Private\Framework\Commands\UICommandList.cpp:220]
[2022.01.07-22.07.30:307][469]LogWindows: Error: [Callstack] 0x00007fffc663b54a UE4Editor-Slate.dll!FUICommandList::ProcessCommandBindings() [D:\Build\++UE4\Sync\Engine\Source\Runtime\Slate\Private\Framework\Commands\UICommandList.cpp:164]
[2022.01.07-22.07.30:307][469]LogWindows: Error: [Callstack] 0x00007fffa8ed206b UE4Editor-ContentBrowser.dll!SContentBrowser::OnKeyDown() [D:\Build\++UE4\Sync\Engine\Source\Editor\ContentBrowser\Private\SContentBrowser.cpp:1301]
[2022.01.07-22.07.30:307][469]LogWindows: Error: [Callstack] 0x00007fffc65d061b UE4Editor-Slate.dll!FEventRouter::Route<FReply,FEventRouter::FBubblePolicy,FKeyEvent,<lambda_348e43676c71ef9c842236ae8e30eb35> >() [D:\Build\++UE4\Sync\Engine\Source\Runtime\Slate\Private\Framework\Application\SlateApplication.cpp:372]
[2022.01.07-22.07.30:307][469]LogWindows: Error: [Callstack] 0x00007fffc663d561 UE4Editor-Slate.dll!FSlateApplication::ProcessKeyDownEvent() [D:\Build\++UE4\Sync\Engine\Source\Runtime\Slate\Private\Framework\Application\SlateApplication.cpp:4204]
[2022.01.07-22.07.30:307][469]LogWindows: Error: [Callstack] 0x00007fffc6630f16 UE4Editor-Slate.dll!FSlateApplication::OnKeyDown() [D:\Build\++UE4\Sync\Engine\Source\Runtime\Slate\Private\Framework\Application\SlateApplication.cpp:4112]
[2022.01.07-22.07.30:307][469]LogWindows: Error: [Callstack] 0x00007ffff4267c25 UE4Editor-ApplicationCore.dll!FWindowsApplication::ProcessDeferredMessage() [D:\Build\++UE4\Sync\Engine\Source\Runtime\ApplicationCore\Private\Windows\WindowsApplication.cpp:1975]
[2022.01.07-22.07.30:307][469]LogWindows: Error: [Callstack] 0x00007ffff4255c87 UE4Editor-ApplicationCore.dll!FWindowsApplication::DeferMessage() [D:\Build\++UE4\Sync\Engine\Source\Runtime\ApplicationCore\Private\Windows\WindowsApplication.cpp:2592]
[2022.01.07-22.07.30:307][469]LogWindows: Error: [Callstack] 0x00007ffff426a619 UE4Editor-ApplicationCore.dll!FWindowsApplication::ProcessMessage() [D:\Build\++UE4\Sync\Engine\Source\Runtime\ApplicationCore\Private\Windows\WindowsApplication.cpp:1816]
[2022.01.07-22.07.30:308][469]LogWindows: Error: [Callstack] 0x00007ffff42517d0 UE4Editor-ApplicationCore.dll!FWindowsApplication::AppWndProc() [D:\Build\++UE4\Sync\Engine\Source\Runtime\ApplicationCore\Private\Windows\WindowsApplication.cpp:852]
[2022.01.07-22.07.30:308][469]LogWindows: Error: [Callstack] 0x00007ff82f22e7e8 USER32.dll!UnknownFunction []
[2022.01.07-22.07.30:308][469]LogWindows: Error: [Callstack] 0x00007ff82f22e229 USER32.dll!UnknownFunction []
[2022.01.07-22.07.30:308][469]LogWindows: Error: [Callstack] 0x00007ffff426bb34 UE4Editor-ApplicationCore.dll!FWindowsPlatformApplicationMisc::PumpMessages() [D:\Build\++UE4\Sync\Engine\Source\Runtime\ApplicationCore\Private\Windows\WindowsPlatformApplicationMisc.cpp:130]
[2022.01.07-22.07.30:308][469]LogWindows: Error: [Callstack] 0x00007ff7467268c4 UE4Editor.exe!FEngineLoop::Tick() [D:\Build\++UE4\Sync\Engine\Source\Runtime\Launch\Private\LaunchEngineLoop.cpp:4762]
[2022.01.07-22.07.30:308][469]LogWindows: Error: [Callstack] 0x00007ff74673ba7c UE4Editor.exe!GuardedMain() [D:\Build\++UE4\Sync\Engine\Source\Runtime\Launch\Private\Launch.cpp:169]
[2022.01.07-22.07.30:308][469]LogWindows: Error: [Callstack] 0x00007ff74673bb5a UE4Editor.exe!GuardedMainWrapper() [D:\Build\++UE4\Sync\Engine\Source\Runtime\Launch\Private\Windows\LaunchWindows.cpp:137]
[2022.01.07-22.07.30:308][469]LogWindows: Error: [Callstack] 0x00007ff74674e31d UE4Editor.exe!WinMain() [D:\Build\++UE4\Sync\Engine\Source\Runtime\Launch\Private\Windows\LaunchWindows.cpp:268]
[2022.01.07-22.07.30:308][469]LogWindows: Error: [Callstack] 0x00007ff74675145a UE4Editor.exe!__scrt_common_main_seh() [d:\agent\_work\5\s\src\vctools\crt\vcstartup\src\startup\exe_common.inl:288]
[2022.01.07-22.07.30:308][469]LogWindows: Error: [Callstack] 0x00007ff830257034 KERNEL32.DLL!UnknownFunction []
[2022.01.07-22.07.30:308][469]LogWindows: Error: [Callstack] 0x00007ff830d02651 ntdll.dll!UnknownFunction []
[2022.01.07-22.07.30:308][469]LogWindows: Error: 
[2022.01.07-22.07.30:322][469]LogExit: Executing StaticShutdownAfterError
[2022.01.07-22.07.30:348][469]LogWindows: FPlatformMisc::RequestExit(1)
[2022.01.07-22.07.30:348][469]LogCore: Engine exit requested (reason: Win RequestExit)
[2022.01.07-22.07.30:396][469]Log file closed, 01/07/22 23:07:30
