Log file open, 01/07/22 23:07:58
LogInit: Display: Running engine for game: SEUPart1Loading
LogPlatformFile: Not using cached read wrapper
LogTaskGraph: Started task graph with 5 named threads and 35 total threads with 3 sets of task threads.
LogStats: Stats thread started at 0.202444
LogD3D11RHI: Loaded GFSDK_Aftermath_Lib.x64.dll
LogICUInternationalization: ICU TimeZone Detection - Raw Offset: +1:00, Platform Override: ''
LogPluginManager: Mounting plugin Paper2D
LogPluginManager: Mounting plugin AISupport
LogPluginManager: Mounting plugin LightPropagationVolume
LogPluginManager: Mounting plugin CameraShakePreviewer
LogPluginManager: Mounting plugin ActorLayerUtilities
LogPluginManager: Mounting plugin AnimationSharing
LogPluginManager: Mounting plugin CLionSourceCodeAccess
LogPluginManager: Mounting plugin CodeLiteSourceCodeAccess
LogPluginManager: Mounting plugin GitSourceControl
LogPluginManager: Mounting plugin KDevelopSourceCodeAccess
LogPluginManager: Mounting plugin NullSourceCodeAccess
LogPluginManager: Mounting plugin PerforceSourceControl
LogPluginManager: Mounting plugin PlasticSourceControl
LogPluginManager: Mounting plugin RiderSourceCodeAccess
LogPluginManager: Mounting plugin SubversionSourceControl
LogPluginManager: Mounting plugin UObjectPlugin
LogPluginManager: Mounting plugin VisualStudioCodeSourceCodeAccess
LogPluginManager: Mounting plugin VisualStudioSourceCodeAccess
LogPluginManager: Mounting plugin XCodeSourceCodeAccess
LogPluginManager: Mounting plugin AssetManagerEditor
LogPluginManager: Mounting plugin CryptoKeys
LogPluginManager: Mounting plugin CurveEditorTools
LogPluginManager: Mounting plugin DataValidation
LogPluginManager: Mounting plugin EditorScriptingUtilities
LogPluginManager: Mounting plugin FacialAnimation
LogPluginManager: Mounting plugin GameplayTagsEditor
LogPluginManager: Mounting plugin GeometryMode
LogPluginManager: Mounting plugin MacGraphicsSwitching
LogPluginManager: Mounting plugin MaterialAnalyzer
LogPluginManager: Mounting plugin MobileLauncherProfileWizard
LogPluginManager: Mounting plugin PluginBrowser
LogPluginManager: Mounting plugin SpeedTreeImporter
LogPluginManager: Mounting plugin DatasmithContent
LogPluginManager: Mounting plugin VariantManagerContent
LogPluginManager: Mounting plugin AlembicImporter
LogPluginManager: Mounting plugin AutomationUtils
LogPluginManager: Mounting plugin BackChannel
LogPluginManager: Mounting plugin ChaosCloth
LogPluginManager: Mounting plugin ChaosClothEditor
LogPluginManager: Mounting plugin ChaosEditor
LogPluginManager: Mounting plugin ChaosNiagara
LogPluginManager: Mounting plugin ChaosSolverPlugin
LogPluginManager: Mounting plugin CharacterAI
LogPluginManager: Mounting plugin GeometryCache
LogPluginManager: Mounting plugin GeometryCollectionPlugin
LogPluginManager: Mounting plugin GeometryProcessing
LogPluginManager: Mounting plugin PlanarCut
LogPluginManager: Mounting plugin PlatformCrypto
LogPluginManager: Mounting plugin ProxyLODPlugin
LogPluginManager: Mounting plugin SkeletalReduction
LogPluginManager: Mounting plugin Niagara
LogPluginManager: Mounting plugin MagicLeap
LogPluginManager: Mounting plugin MagicLeapLightEstimation
LogPluginManager: Mounting plugin MagicLeapMedia
LogPluginManager: Mounting plugin MagicLeapPassableWorld
LogPluginManager: Mounting plugin MLSDK
LogPluginManager: Mounting plugin AndroidMedia
LogPluginManager: Mounting plugin AvfMedia
LogPluginManager: Mounting plugin ImgMedia
LogPluginManager: Mounting plugin MediaCompositing
LogPluginManager: Mounting plugin MediaPlayerEditor
LogPluginManager: Mounting plugin WebMMedia
LogPluginManager: Mounting plugin WmfMedia
LogPluginManager: Mounting plugin MeshPainting
LogPluginManager: Mounting plugin TcpMessaging
LogPluginManager: Mounting plugin UdpMessaging
LogPluginManager: Mounting plugin ActorSequence
LogPluginManager: Mounting plugin LevelSequenceEditor
LogPluginManager: Mounting plugin MatineeToLevelSequence
LogPluginManager: Mounting plugin MovieRenderPipeline
LogPluginManager: Mounting plugin TemplateSequence
LogPluginManager: Mounting plugin NetcodeUnitTest
LogPluginManager: Mounting plugin NUTUnrealEngine4
LogPluginManager: Mounting plugin OnlineSubsystemGooglePlay
LogPluginManager: Mounting plugin OnlineSubsystemIOS
LogPluginManager: Mounting plugin OnlineSubsystem
LogPluginManager: Mounting plugin OnlineSubsystemNull
LogPluginManager: Mounting plugin OnlineSubsystemUtils
LogPluginManager: Mounting plugin LauncherChunkInstaller
LogPluginManager: Mounting plugin AndroidDeviceProfileSelector
LogPluginManager: Mounting plugin AndroidMoviePlayer
LogPluginManager: Mounting plugin AndroidPermission
LogPluginManager: Mounting plugin AppleImageUtils
LogPluginManager: Mounting plugin AppleMoviePlayer
LogPluginManager: Mounting plugin ArchVisCharacter
LogPluginManager: Mounting plugin AssetTags
LogPluginManager: Mounting plugin AudioCapture
LogPluginManager: Mounting plugin CableComponent
LogPluginManager: Mounting plugin CustomMeshComponent
LogPluginManager: Mounting plugin EditableMesh
LogPluginManager: Mounting plugin ExampleDeviceProfileSelector
LogPluginManager: Mounting plugin GoogleCloudMessaging
LogPluginManager: Mounting plugin GooglePAD
LogPluginManager: Mounting plugin IOSDeviceProfileSelector
LogPluginManager: Mounting plugin LinuxDeviceProfileSelector
LogPluginManager: Mounting plugin LocationServicesBPLibrary
LogPluginManager: Mounting plugin MobilePatchingUtils
LogPluginManager: Mounting plugin OculusVR
LogPluginManager: Mounting plugin PhysXVehicles
LogPluginManager: Mounting plugin PostSplashScreen
LogPluginManager: Mounting plugin ProceduralMeshComponent
LogPluginManager: Mounting plugin RuntimePhysXCooking
LogPluginManager: Mounting plugin SignificanceManager
LogPluginManager: Mounting plugin SoundFields
LogPluginManager: Mounting plugin SteamVR
LogPluginManager: Mounting plugin Synthesis
LogPluginManager: Mounting plugin WebMMoviePlayer
LogPluginManager: Mounting plugin WindowsMoviePlayer
LogPluginManager: Mounting plugin ScreenshotTools
LogInit: Using libcurl 7.55.1-DEV
LogInit:  - built for x86_64-pc-win32
LogInit:  - supports SSL with OpenSSL/1.1.1
LogInit:  - supports HTTP deflate (compression) using libz 1.2.8
LogInit:  - other features:
LogInit:      CURL_VERSION_SSL
LogInit:      CURL_VERSION_LIBZ
LogInit:      CURL_VERSION_IPV6
LogInit:      CURL_VERSION_ASYNCHDNS
LogInit:      CURL_VERSION_LARGEFILE
LogInit:      CURL_VERSION_IDN
LogInit:  CurlRequestOptions (configurable via config and command line):
LogInit:  - bVerifyPeer = true  - Libcurl will verify peer certificate
LogInit:  - bUseHttpProxy = false  - Libcurl will NOT use HTTP proxy
LogInit:  - bDontReuseConnections = false  - Libcurl will reuse connections
LogInit:  - MaxHostConnections = 16  - Libcurl will limit the number of connections to a host
LogInit:  - LocalHostAddr = Default
LogInit:  - BufferSize = 65536
LogOnline: OSS: Creating online subsystem instance for: NULL
LogInit: WinSock: version 1.1 (2.2), MaxSocks=32767, MaxUdp=65467
LogOnline: OSS: TryLoadSubsystemAndSetDefault: Loaded subsystem for module [NULL]
LogOculusPluginWrapper: OculusPlugin initialized successfully
LogHMD: Failed initializing OVRPlugin 1.44.0
LogInit: Build: ++UE4+Release-4.25-CL-14469661
LogInit: Engine Version: 4.25.4-14469661+++UE4+Release-4.25
LogInit: Compatible Engine Version: 4.25.0-13144385+++UE4+Release-4.25
LogInit: Net CL: 13144385
LogInit: OS: Windows 10 (Release 2009) (), CPU: Intel(R) Core(TM) i7-8700K CPU @ 3.70GHz, GPU: NVIDIA GeForce GTX 1080 Ti
LogInit: Compiled (64-bit): Oct 11 2020 08:10:49
LogInit: Compiled with Visual C++: 19.24.28315.00
LogInit: Build Configuration: Development
LogInit: Branch Name: ++UE4+Release-4.25
LogInit: Command Line: 
LogInit: Base Directory: Y:/Unreal Engine/UE_4.25/Engine/Binaries/Win64/
LogInit: Allocator: TBB
LogInit: Installed Engine Build: 1
LogDevObjectVersion: Number of dev versions registered: 26
LogDevObjectVersion:   Dev-Blueprints (B0D832E4-1F89-4F0D-ACCF-7EB736FD4AA2): 10
LogDevObjectVersion:   Dev-Build (E1C64328-A22C-4D53-A36C-8E866417BD8C): 0
LogDevObjectVersion:   Dev-Core (375EC13C-06E4-48FB-B500-84F0262A717E): 4
LogDevObjectVersion:   Dev-Editor (E4B068ED-F494-42E9-A231-DA0B2E46BB41): 38
LogDevObjectVersion:   Dev-Framework (CFFC743F-43B0-4480-9391-14DF171D2073): 37
LogDevObjectVersion:   Dev-Mobile (B02B49B5-BB20-44E9-A304-32B752E40360): 2
LogDevObjectVersion:   Dev-Networking (A4E4105C-59A1-49B5-A7C5-40C4547EDFEE): 0
LogDevObjectVersion:   Dev-Online (39C831C9-5AE6-47DC-9A44-9C173E1C8E7C): 0
LogDevObjectVersion:   Dev-Physics (78F01B33-EBEA-4F98-B9B4-84EACCB95AA2): 4
LogDevObjectVersion:   Dev-Platform (6631380F-2D4D-43E0-8009-CF276956A95A): 0
LogDevObjectVersion:   Dev-Rendering (12F88B9F-8875-4AFC-A67C-D90C383ABD29): 43
LogDevObjectVersion:   Dev-Sequencer (7B5AE74C-D270-4C10-A958-57980B212A5A): 12
LogDevObjectVersion:   Dev-VR (D7296918-1DD6-4BDD-9DE2-64A83CC13884): 3
LogDevObjectVersion:   Dev-LoadTimes (C2A15278-BFE7-4AFE-6C17-90FF531DF755): 1
LogDevObjectVersion:   Private-Geometry (6EACA3D4-40EC-4CC1-B786-8BED09428FC5): 3
LogDevObjectVersion:   Dev-AnimPhys (29E575DD-E0A3-4627-9D10-D276232CDCEA): 17
LogDevObjectVersion:   Dev-Anim (AF43A65D-7FD3-4947-9873-3E8ED9C1BB05): 7
LogDevObjectVersion:   Dev-ReflectionCapture (6B266CEC-1EC7-4B8F-A30B-E4D90942FC07): 1
LogDevObjectVersion:   Dev-Automation (0DF73D61-A23F-47EA-B727-89E90C41499A): 1
LogDevObjectVersion:   FortniteMain (601D1886-AC64-4F84-AA16-D3DE0DEAC7D6): 31
LogDevObjectVersion:   Dev-Enterprise (9DFFBCD6-494F-0158-E221-12823C92A888): 10
LogDevObjectVersion:   Dev-Niagara (F2AED0AC-9AFE-416F-8664-AA7FFA26D6FC): 1
LogDevObjectVersion:   Dev-Destruction (174F1F0B-B4C6-45A5-B13F-2EE8D0FB917D): 10
LogDevObjectVersion:   Dev-Physics-Ext (35F94A83-E258-406C-A318-09F59610247C): 37
LogDevObjectVersion:   Dev-PhysicsMaterial-Chaos (B68FC16E-8B1B-42E2-B453-215C058844FE): 1
LogDevObjectVersion:   Dev-CineCamera (B2E18506-4273-CFC2-A54E-F4BB758BBA07): 1
LogInit: Presizing for max 25165824 objects, including 0 objects not considered by GC, pre-allocating 0 bytes for permanent pool.
LogConfig: Applying CVar settings from Section [/Script/Engine.StreamingSettings] File [X:/Unreal projects/SEUPresetLoadingProjekt/Saved/Config/Windows/Engine.ini]
LogConfig: Setting CVar [[s.MinBulkDataSizeForAsyncLoading:131072]]
LogConfig: Setting CVar [[s.AsyncLoadingThreadEnabled:0]]
LogConfig: Setting CVar [[s.EventDrivenLoaderEnabled:1]]
LogConfig: Setting CVar [[s.WarnIfTimeLimitExceeded:0]]
LogConfig: Setting CVar [[s.TimeLimitExceededMultiplier:1.5]]
LogConfig: Setting CVar [[s.TimeLimitExceededMinTime:0.005]]
LogConfig: Setting CVar [[s.UseBackgroundLevelStreaming:1]]
LogConfig: Setting CVar [[s.PriorityAsyncLoadingExtraTime:15.0]]
LogConfig: Setting CVar [[s.LevelStreamingActorsUpdateTimeLimit:5.0]]
LogConfig: Setting CVar [[s.PriorityLevelStreamingActorsUpdateExtraTime:5.0]]
LogConfig: Setting CVar [[s.LevelStreamingComponentsRegistrationGranularity:10]]
LogConfig: Setting CVar [[s.UnregisterComponentsTimeLimit:1.0]]
LogConfig: Setting CVar [[s.LevelStreamingComponentsUnregistrationGranularity:5]]
LogConfig: Setting CVar [[s.FlushStreamingOnExit:1]]
LogInit: Object subsystem initialized
LogConfig: Setting CVar [[con.DebugEarlyDefault:1]]
LogConfig: Setting CVar [[r.setres:1280x720]]
[2022.01.07-22.07.59:571][  0]LogConfig: Setting CVar [[r.VSync:0]]
[2022.01.07-22.07.59:571][  0]LogConfig: Setting CVar [[r.RHICmdBypass:0]]
[2022.01.07-22.07.59:571][  0]LogConfig: Applying CVar settings from Section [/Script/Engine.RendererSettings] File [X:/Unreal projects/SEUPresetLoadingProjekt/Saved/Config/Windows/Engine.ini]
[2022.01.07-22.07.59:571][  0]LogConfig: Setting CVar [[r.GPUCrashDebugging:0]]
[2022.01.07-22.07.59:571][  0]LogConfig: Applying CVar settings from Section [/Script/Engine.RendererOverrideSettings] File [X:/Unreal projects/SEUPresetLoadingProjekt/Saved/Config/Windows/Engine.ini]
[2022.01.07-22.07.59:571][  0]LogConfig: Applying CVar settings from Section [/Script/Engine.StreamingSettings] File [X:/Unreal projects/SEUPresetLoadingProjekt/Saved/Config/Windows/Engine.ini]
[2022.01.07-22.07.59:571][  0]LogConfig: Setting CVar [[s.MinBulkDataSizeForAsyncLoading:131072]]
[2022.01.07-22.07.59:571][  0]LogConfig: Setting CVar [[s.AsyncLoadingThreadEnabled:0]]
[2022.01.07-22.07.59:571][  0]LogConfig: Setting CVar [[s.EventDrivenLoaderEnabled:1]]
[2022.01.07-22.07.59:571][  0]LogConfig: Setting CVar [[s.WarnIfTimeLimitExceeded:0]]
[2022.01.07-22.07.59:571][  0]LogConfig: Setting CVar [[s.TimeLimitExceededMultiplier:1.5]]
[2022.01.07-22.07.59:571][  0]LogConfig: Setting CVar [[s.TimeLimitExceededMinTime:0.005]]
[2022.01.07-22.07.59:571][  0]LogConfig: Setting CVar [[s.UseBackgroundLevelStreaming:1]]
[2022.01.07-22.07.59:571][  0]LogConfig: Setting CVar [[s.PriorityAsyncLoadingExtraTime:15.0]]
[2022.01.07-22.07.59:571][  0]LogConfig: Setting CVar [[s.LevelStreamingActorsUpdateTimeLimit:5.0]]
[2022.01.07-22.07.59:571][  0]LogConfig: Setting CVar [[s.PriorityLevelStreamingActorsUpdateExtraTime:5.0]]
[2022.01.07-22.07.59:571][  0]LogConfig: Setting CVar [[s.LevelStreamingComponentsRegistrationGranularity:10]]
[2022.01.07-22.07.59:571][  0]LogConfig: Setting CVar [[s.UnregisterComponentsTimeLimit:1.0]]
[2022.01.07-22.07.59:571][  0]LogConfig: Setting CVar [[s.LevelStreamingComponentsUnregistrationGranularity:5]]
[2022.01.07-22.07.59:571][  0]LogConfig: Setting CVar [[s.FlushStreamingOnExit:1]]
[2022.01.07-22.07.59:571][  0]LogConfig: Applying CVar settings from Section [/Script/Engine.GarbageCollectionSettings] File [X:/Unreal projects/SEUPresetLoadingProjekt/Saved/Config/Windows/Engine.ini]
[2022.01.07-22.07.59:571][  0]LogConfig: Setting CVar [[gc.MaxObjectsNotConsideredByGC:1]]
[2022.01.07-22.07.59:571][  0]LogConfig: Setting CVar [[gc.SizeOfPermanentObjectPool:0]]
[2022.01.07-22.07.59:571][  0]LogConfig: Setting CVar [[gc.FlushStreamingOnGC:0]]
[2022.01.07-22.07.59:571][  0]LogConfig: Setting CVar [[gc.NumRetriesBeforeForcingGC:10]]
[2022.01.07-22.07.59:571][  0]LogConfig: Setting CVar [[gc.AllowParallelGC:1]]
[2022.01.07-22.07.59:571][  0]LogConfig: Setting CVar [[gc.TimeBetweenPurgingPendingKillObjects:61.1]]
[2022.01.07-22.07.59:571][  0]LogConfig: Setting CVar [[gc.MaxObjectsInEditor:25165824]]
[2022.01.07-22.07.59:571][  0]LogConfig: Setting CVar [[gc.IncrementalBeginDestroyEnabled:1]]
[2022.01.07-22.07.59:572][  0]LogConfig: Setting CVar [[gc.CreateGCClusters:1]]
[2022.01.07-22.07.59:572][  0]LogConfig: Setting CVar [[gc.MinGCClusterSize:5]]
[2022.01.07-22.07.59:572][  0]LogConfig: Setting CVar [[gc.ActorClusteringEnabled:0]]
[2022.01.07-22.07.59:572][  0]LogConfig: Setting CVar [[gc.BlueprintClusteringEnabled:0]]
[2022.01.07-22.07.59:572][  0]LogConfig: Setting CVar [[gc.UseDisregardForGCOnDedicatedServers:0]]
[2022.01.07-22.07.59:572][  0]LogConfig: Applying CVar settings from Section [/Script/Engine.NetworkSettings] File [X:/Unreal projects/SEUPresetLoadingProjekt/Saved/Config/Windows/Engine.ini]
[2022.01.07-22.07.59:572][  0]LogConfig: Applying CVar settings from Section [/Script/UnrealEd.CookerSettings] File [X:/Unreal projects/SEUPresetLoadingProjekt/Saved/Config/Windows/Engine.ini]
[2022.01.07-22.07.59:578][  0]LogConfig: Applying CVar settings from Section [ViewDistanceQuality@3] File [X:/Unreal projects/SEUPresetLoadingProjekt/Saved/Config/Windows/Scalability.ini]
[2022.01.07-22.07.59:579][  0]LogConfig: Setting CVar [[r.SkeletalMeshLODBias:0]]
[2022.01.07-22.07.59:579][  0]LogConfig: Setting CVar [[r.ViewDistanceScale:1.0]]
[2022.01.07-22.07.59:579][  0]LogConfig: Applying CVar settings from Section [AntiAliasingQuality@3] File [X:/Unreal projects/SEUPresetLoadingProjekt/Saved/Config/Windows/Scalability.ini]
[2022.01.07-22.07.59:579][  0]LogConfig: Setting CVar [[r.PostProcessAAQuality:4]]
[2022.01.07-22.07.59:579][  0]LogConfig: Applying CVar settings from Section [ShadowQuality@3] File [X:/Unreal projects/SEUPresetLoadingProjekt/Saved/Config/Windows/Scalability.ini]
[2022.01.07-22.07.59:579][  0]LogConfig: Setting CVar [[r.LightFunctionQuality:1]]
[2022.01.07-22.07.59:579][  0]LogConfig: Setting CVar [[r.ShadowQuality:5]]
[2022.01.07-22.07.59:579][  0]LogConfig: Setting CVar [[r.Shadow.CSM.MaxCascades:10]]
[2022.01.07-22.07.59:579][  0]LogConfig: Setting CVar [[r.Shadow.MaxResolution:2048]]
[2022.01.07-22.07.59:579][  0]LogConfig: Setting CVar [[r.Shadow.MaxCSMResolution:2048]]
[2022.01.07-22.07.59:579][  0]LogConfig: Setting CVar [[r.Shadow.RadiusThreshold:0.01]]
[2022.01.07-22.07.59:579][  0]LogConfig: Setting CVar [[r.Shadow.DistanceScale:1.0]]
[2022.01.07-22.07.59:579][  0]LogConfig: Setting CVar [[r.Shadow.CSM.TransitionScale:1.0]]
[2022.01.07-22.07.59:579][  0]LogConfig: Setting CVar [[r.Shadow.PreShadowResolutionFactor:1.0]]
[2022.01.07-22.07.59:579][  0]LogConfig: Setting CVar [[r.DistanceFieldShadowing:1]]
[2022.01.07-22.07.59:579][  0]LogConfig: Setting CVar [[r.DistanceFieldAO:1]]
[2022.01.07-22.07.59:579][  0]LogConfig: Setting CVar [[r.AOQuality:2]]
[2022.01.07-22.07.59:579][  0]LogConfig: Setting CVar [[r.VolumetricFog:1]]
[2022.01.07-22.07.59:579][  0]LogConfig: Setting CVar [[r.VolumetricFog.GridPixelSize:8]]
[2022.01.07-22.07.59:579][  0]LogConfig: Setting CVar [[r.VolumetricFog.GridSizeZ:128]]
[2022.01.07-22.07.59:579][  0]LogConfig: Setting CVar [[r.VolumetricFog.HistoryMissSupersampleCount:4]]
[2022.01.07-22.07.59:579][  0]LogConfig: Setting CVar [[r.LightMaxDrawDistanceScale:1]]
[2022.01.07-22.07.59:579][  0]LogConfig: Setting CVar [[r.CapsuleShadows:1]]
[2022.01.07-22.07.59:579][  0]LogConfig: Applying CVar settings from Section [PostProcessQuality@3] File [X:/Unreal projects/SEUPresetLoadingProjekt/Saved/Config/Windows/Scalability.ini]
[2022.01.07-22.07.59:579][  0]LogConfig: Setting CVar [[r.MotionBlurQuality:4]]
[2022.01.07-22.07.59:579][  0]LogConfig: Setting CVar [[r.AmbientOcclusionMipLevelFactor:0.4]]
[2022.01.07-22.07.59:579][  0]LogConfig: Setting CVar [[r.AmbientOcclusionMaxQuality:100]]
[2022.01.07-22.07.59:579][  0]LogConfig: Setting CVar [[r.AmbientOcclusionLevels:-1]]
[2022.01.07-22.07.59:579][  0]LogConfig: Setting CVar [[r.AmbientOcclusionRadiusScale:1.0]]
[2022.01.07-22.07.59:579][  0]LogConfig: Setting CVar [[r.DepthOfFieldQuality:2]]
[2022.01.07-22.07.59:579][  0]LogConfig: Setting CVar [[r.RenderTargetPoolMin:400]]
[2022.01.07-22.07.59:579][  0]LogConfig: Setting CVar [[r.LensFlareQuality:2]]
[2022.01.07-22.07.59:579][  0]LogConfig: Setting CVar [[r.SceneColorFringeQuality:1]]
[2022.01.07-22.07.59:579][  0]LogConfig: Setting CVar [[r.EyeAdaptationQuality:2]]
[2022.01.07-22.07.59:579][  0]LogConfig: Setting CVar [[r.BloomQuality:5]]
[2022.01.07-22.07.59:579][  0]LogConfig: Setting CVar [[r.FastBlurThreshold:100]]
[2022.01.07-22.07.59:579][  0]LogConfig: Setting CVar [[r.Upscale.Quality:3]]
[2022.01.07-22.07.59:579][  0]LogConfig: Setting CVar [[r.Tonemapper.GrainQuantization:1]]
[2022.01.07-22.07.59:579][  0]LogConfig: Setting CVar [[r.LightShaftQuality:1]]
[2022.01.07-22.07.59:579][  0]LogConfig: Setting CVar [[r.Filter.SizeScale:1]]
[2022.01.07-22.07.59:579][  0]LogConfig: Setting CVar [[r.Tonemapper.Quality:5]]
[2022.01.07-22.07.59:579][  0]LogConfig: Setting CVar [[r.DOF.Gather.AccumulatorQuality:1        ; higher gathering accumulator quality]]
[2022.01.07-22.07.59:579][  0]LogConfig: Setting CVar [[r.DOF.Gather.PostfilterMethod:1          ; Median3x3 postfilering method]]
[2022.01.07-22.07.59:579][  0]LogConfig: Setting CVar [[r.DOF.Gather.EnableBokehSettings:0       ; no bokeh simulation when gathering]]
[2022.01.07-22.07.59:579][  0]LogConfig: Setting CVar [[r.DOF.Gather.RingCount:4                 ; medium number of samples when gathering]]
[2022.01.07-22.07.59:579][  0]LogConfig: Setting CVar [[r.DOF.Scatter.ForegroundCompositing:1    ; additive foreground scattering]]
[2022.01.07-22.07.59:579][  0]LogConfig: Setting CVar [[r.DOF.Scatter.BackgroundCompositing:2    ; additive background scattering]]
[2022.01.07-22.07.59:579][  0]LogConfig: Setting CVar [[r.DOF.Scatter.EnableBokehSettings:1      ; bokeh simulation when scattering]]
[2022.01.07-22.07.59:579][  0]LogConfig: Setting CVar [[r.DOF.Scatter.MaxSpriteRatio:0.1         ; only a maximum of 10% of scattered bokeh]]
[2022.01.07-22.07.59:579][  0]LogConfig: Setting CVar [[r.DOF.Recombine.Quality:1                ; cheap slight out of focus]]
[2022.01.07-22.07.59:579][  0]LogConfig: Setting CVar [[r.DOF.Recombine.EnableBokehSettings:0    ; no bokeh simulation on slight out of focus]]
[2022.01.07-22.07.59:579][  0]LogConfig: Setting CVar [[r.DOF.TemporalAAQuality:1                ; more stable temporal accumulation]]
[2022.01.07-22.07.59:579][  0]LogConfig: Setting CVar [[r.DOF.Kernel.MaxForegroundRadius:0.025]]
[2022.01.07-22.07.59:579][  0]LogConfig: Setting CVar [[r.DOF.Kernel.MaxBackgroundRadius:0.025]]
[2022.01.07-22.07.59:579][  0]LogConfig: Applying CVar settings from Section [TextureQuality@3] File [X:/Unreal projects/SEUPresetLoadingProjekt/Saved/Config/Windows/Scalability.ini]
[2022.01.07-22.07.59:579][  0]LogConfig: Setting CVar [[r.Streaming.MipBias:0]]
[2022.01.07-22.07.59:579][  0]LogConfig: Setting CVar [[r.Streaming.AmortizeCPUToGPUCopy:0]]
[2022.01.07-22.07.59:579][  0]LogConfig: Setting CVar [[r.Streaming.MaxNumTexturesToStreamPerFrame:0]]
[2022.01.07-22.07.59:579][  0]LogConfig: Setting CVar [[r.Streaming.Boost:1]]
[2022.01.07-22.07.59:579][  0]LogConfig: Setting CVar [[r.MaxAnisotropy:8]]
[2022.01.07-22.07.59:579][  0]LogConfig: Setting CVar [[r.VT.MaxAnisotropy:8]]
[2022.01.07-22.07.59:579][  0]LogConfig: Setting CVar [[r.Streaming.LimitPoolSizeToVRAM:0]]
[2022.01.07-22.07.59:579][  0]LogConfig: Setting CVar [[r.Streaming.PoolSize:1000]]
[2022.01.07-22.07.59:579][  0]LogConfig: Setting CVar [[r.Streaming.MaxEffectiveScreenSize:0]]
[2022.01.07-22.07.59:579][  0]LogConfig: Applying CVar settings from Section [EffectsQuality@3] File [X:/Unreal projects/SEUPresetLoadingProjekt/Saved/Config/Windows/Scalability.ini]
[2022.01.07-22.07.59:580][  0]LogConfig: Setting CVar [[r.TranslucencyLightingVolumeDim:64]]
[2022.01.07-22.07.59:580][  0]LogConfig: Setting CVar [[r.RefractionQuality:2]]
[2022.01.07-22.07.59:580][  0]LogConfig: Setting CVar [[r.SSR.Quality:3]]
[2022.01.07-22.07.59:580][  0]LogConfig: Setting CVar [[r.SSR.HalfResSceneColor:0]]
[2022.01.07-22.07.59:580][  0]LogConfig: Setting CVar [[r.SceneColorFormat:4]]
[2022.01.07-22.07.59:580][  0]LogConfig: Setting CVar [[r.DetailMode:2]]
[2022.01.07-22.07.59:580][  0]LogConfig: Setting CVar [[r.TranslucencyVolumeBlur:1]]
[2022.01.07-22.07.59:580][  0]LogConfig: Setting CVar [[r.MaterialQualityLevel:1 ; High quality]]
[2022.01.07-22.07.59:580][  0]LogConfig: Setting CVar [[r.SSS.Scale:1]]
[2022.01.07-22.07.59:580][  0]LogConfig: Setting CVar [[r.SSS.SampleSet:2]]
[2022.01.07-22.07.59:580][  0]LogConfig: Setting CVar [[r.SSS.Quality:1]]
[2022.01.07-22.07.59:580][  0]LogConfig: Setting CVar [[r.SSS.HalfRes:0]]
[2022.01.07-22.07.59:580][  0]LogConfig: Setting CVar [[r.SSGI.Quality:3]]
[2022.01.07-22.07.59:580][  0]LogConfig: Setting CVar [[r.EmitterSpawnRateScale:1.0]]
[2022.01.07-22.07.59:580][  0]LogConfig: Setting CVar [[r.ParticleLightQuality:2]]
[2022.01.07-22.07.59:580][  0]LogConfig: Setting CVar [[r.SkyAtmosphere.AerialPerspectiveLUT.FastApplyOnOpaque:1 ; Always have FastSkyLUT 1 in this case to avoid wrong sky]]
[2022.01.07-22.07.59:580][  0]LogConfig: Setting CVar [[r.SkyAtmosphere.AerialPerspectiveLUT.SampleCountPerSlice:1]]
[2022.01.07-22.07.59:580][  0]LogConfig: Setting CVar [[r.SkyAtmosphere.AerialPerspectiveLUT.DepthResolution:16.0]]
[2022.01.07-22.07.59:580][  0]LogConfig: Setting CVar [[r.SkyAtmosphere.FastSkyLUT:1]]
[2022.01.07-22.07.59:580][  0]LogConfig: Setting CVar [[r.SkyAtmosphere.FastSkyLUT.SampleCountMin:4.0]]
[2022.01.07-22.07.59:580][  0]LogConfig: Setting CVar [[r.SkyAtmosphere.FastSkyLUT.SampleCountMax:32.0]]
[2022.01.07-22.07.59:580][  0]LogConfig: Setting CVar [[r.SkyAtmosphere.SampleCountMin:4.0]]
[2022.01.07-22.07.59:580][  0]LogConfig: Setting CVar [[r.SkyAtmosphere.SampleCountMax:32.0]]
[2022.01.07-22.07.59:580][  0]LogConfig: Setting CVar [[r.SkyAtmosphere.TransmittanceLUT.UseSmallFormat:0]]
[2022.01.07-22.07.59:580][  0]LogConfig: Setting CVar [[r.SkyAtmosphere.TransmittanceLUT.SampleCount:10.0]]
[2022.01.07-22.07.59:580][  0]LogConfig: Setting CVar [[r.SkyAtmosphere.MultiScatteringLUT.SampleCount:15.0]]
[2022.01.07-22.07.59:580][  0]LogConfig: Applying CVar settings from Section [FoliageQuality@3] File [X:/Unreal projects/SEUPresetLoadingProjekt/Saved/Config/Windows/Scalability.ini]
[2022.01.07-22.07.59:580][  0]LogConfig: Setting CVar [[foliage.DensityScale:1.0]]
[2022.01.07-22.07.59:580][  0]LogConfig: Setting CVar [[grass.DensityScale:1.0]]
[2022.01.07-22.07.59:580][  0]LogConfig: Applying CVar settings from Section [ShadingQuality@3] File [X:/Unreal projects/SEUPresetLoadingProjekt/Saved/Config/Windows/Scalability.ini]
[2022.01.07-22.07.59:580][  0]LogConfig: Setting CVar [[r.HairStrands.SkyLighting.SampleCount:16]]
[2022.01.07-22.07.59:580][  0]LogConfig: Setting CVar [[r.HairStrands.SkyLighting.JitterIntegration:0]]
[2022.01.07-22.07.59:580][  0]LogConfig: Setting CVar [[r.HairStrands.SkyAO.SampleCount:16]]
[2022.01.07-22.07.59:580][  0]LogConfig: Setting CVar [[r.HairStrands.DeepShadow.SuperSampling:0]]
[2022.01.07-22.07.59:580][  0]LogConfig: Setting CVar [[r.HairStrands.VisibilityPPLL:0]]
[2022.01.07-22.07.59:580][  0]LogConfig: Setting CVar [[r.HairStrands.RasterizationScale:0.5]]
[2022.01.07-22.07.59:580][  0]LogConfig: Setting CVar [[r.HairStrands.VelocityRasterizationScale:1]]
[2022.01.07-22.07.59:580][  0]LogInit: Selected Device Profile: [Windows]
[2022.01.07-22.07.59:580][  0]LogInit: Applying CVar settings loaded from the selected device profile: [Windows]
[2022.01.07-22.07.59:580][  0]LogHAL: Display: Platform has ~ 16 GB [17122930688 / 17179869184 / 16], which maps to Larger [LargestMinGB=32, LargerMinGB=12, DefaultMinGB=8, SmallerMinGB=6, SmallestMinGB=0)
[2022.01.07-22.07.59:580][  0]LogInit: Going up to parent DeviceProfile []
[2022.01.07-22.07.59:580][  0]LogConfig: Applying CVar settings from Section [ViewDistanceQuality@3] File [X:/Unreal projects/SEUPresetLoadingProjekt/Saved/Config/Windows/Scalability.ini]
[2022.01.07-22.07.59:580][  0]LogConfig: Setting CVar [[r.SkeletalMeshLODBias:0]]
[2022.01.07-22.07.59:580][  0]LogConfig: Setting CVar [[r.ViewDistanceScale:1.0]]
[2022.01.07-22.07.59:580][  0]LogConfig: Applying CVar settings from Section [AntiAliasingQuality@3] File [X:/Unreal projects/SEUPresetLoadingProjekt/Saved/Config/Windows/Scalability.ini]
[2022.01.07-22.07.59:580][  0]LogConfig: Setting CVar [[r.PostProcessAAQuality:4]]
[2022.01.07-22.07.59:580][  0]LogConfig: Applying CVar settings from Section [ShadowQuality@3] File [X:/Unreal projects/SEUPresetLoadingProjekt/Saved/Config/Windows/Scalability.ini]
[2022.01.07-22.07.59:580][  0]LogConfig: Setting CVar [[r.LightFunctionQuality:1]]
[2022.01.07-22.07.59:580][  0]LogConfig: Setting CVar [[r.ShadowQuality:5]]
[2022.01.07-22.07.59:580][  0]LogConfig: Setting CVar [[r.Shadow.CSM.MaxCascades:10]]
[2022.01.07-22.07.59:580][  0]LogConfig: Setting CVar [[r.Shadow.MaxResolution:2048]]
[2022.01.07-22.07.59:580][  0]LogConfig: Setting CVar [[r.Shadow.MaxCSMResolution:2048]]
[2022.01.07-22.07.59:580][  0]LogConfig: Setting CVar [[r.Shadow.RadiusThreshold:0.01]]
[2022.01.07-22.07.59:580][  0]LogConfig: Setting CVar [[r.Shadow.DistanceScale:1.0]]
[2022.01.07-22.07.59:580][  0]LogConfig: Setting CVar [[r.Shadow.CSM.TransitionScale:1.0]]
[2022.01.07-22.07.59:580][  0]LogConfig: Setting CVar [[r.Shadow.PreShadowResolutionFactor:1.0]]
[2022.01.07-22.07.59:580][  0]LogConfig: Setting CVar [[r.DistanceFieldShadowing:1]]
[2022.01.07-22.07.59:581][  0]LogConfig: Setting CVar [[r.DistanceFieldAO:1]]
[2022.01.07-22.07.59:581][  0]LogConfig: Setting CVar [[r.AOQuality:2]]
[2022.01.07-22.07.59:581][  0]LogConfig: Setting CVar [[r.VolumetricFog:1]]
[2022.01.07-22.07.59:581][  0]LogConfig: Setting CVar [[r.VolumetricFog.GridPixelSize:8]]
[2022.01.07-22.07.59:581][  0]LogConfig: Setting CVar [[r.VolumetricFog.GridSizeZ:128]]
[2022.01.07-22.07.59:581][  0]LogConfig: Setting CVar [[r.VolumetricFog.HistoryMissSupersampleCount:4]]
[2022.01.07-22.07.59:581][  0]LogConfig: Setting CVar [[r.LightMaxDrawDistanceScale:1]]
[2022.01.07-22.07.59:581][  0]LogConfig: Setting CVar [[r.CapsuleShadows:1]]
[2022.01.07-22.07.59:581][  0]LogConfig: Applying CVar settings from Section [PostProcessQuality@3] File [X:/Unreal projects/SEUPresetLoadingProjekt/Saved/Config/Windows/Scalability.ini]
[2022.01.07-22.07.59:581][  0]LogConfig: Setting CVar [[r.MotionBlurQuality:4]]
[2022.01.07-22.07.59:581][  0]LogConfig: Setting CVar [[r.AmbientOcclusionMipLevelFactor:0.4]]
[2022.01.07-22.07.59:581][  0]LogConfig: Setting CVar [[r.AmbientOcclusionMaxQuality:100]]
[2022.01.07-22.07.59:581][  0]LogConfig: Setting CVar [[r.AmbientOcclusionLevels:-1]]
[2022.01.07-22.07.59:581][  0]LogConfig: Setting CVar [[r.AmbientOcclusionRadiusScale:1.0]]
[2022.01.07-22.07.59:581][  0]LogConfig: Setting CVar [[r.DepthOfFieldQuality:2]]
[2022.01.07-22.07.59:581][  0]LogConfig: Setting CVar [[r.RenderTargetPoolMin:400]]
[2022.01.07-22.07.59:581][  0]LogConfig: Setting CVar [[r.LensFlareQuality:2]]
[2022.01.07-22.07.59:581][  0]LogConfig: Setting CVar [[r.SceneColorFringeQuality:1]]
[2022.01.07-22.07.59:581][  0]LogConfig: Setting CVar [[r.EyeAdaptationQuality:2]]
[2022.01.07-22.07.59:581][  0]LogConfig: Setting CVar [[r.BloomQuality:5]]
[2022.01.07-22.07.59:581][  0]LogConfig: Setting CVar [[r.FastBlurThreshold:100]]
[2022.01.07-22.07.59:581][  0]LogConfig: Setting CVar [[r.Upscale.Quality:3]]
[2022.01.07-22.07.59:581][  0]LogConfig: Setting CVar [[r.Tonemapper.GrainQuantization:1]]
[2022.01.07-22.07.59:581][  0]LogConfig: Setting CVar [[r.LightShaftQuality:1]]
[2022.01.07-22.07.59:581][  0]LogConfig: Setting CVar [[r.Filter.SizeScale:1]]
[2022.01.07-22.07.59:581][  0]LogConfig: Setting CVar [[r.Tonemapper.Quality:5]]
[2022.01.07-22.07.59:581][  0]LogConfig: Setting CVar [[r.DOF.Gather.AccumulatorQuality:1        ; higher gathering accumulator quality]]
[2022.01.07-22.07.59:581][  0]LogConfig: Setting CVar [[r.DOF.Gather.PostfilterMethod:1          ; Median3x3 postfilering method]]
[2022.01.07-22.07.59:581][  0]LogConfig: Setting CVar [[r.DOF.Gather.EnableBokehSettings:0       ; no bokeh simulation when gathering]]
[2022.01.07-22.07.59:581][  0]LogConfig: Setting CVar [[r.DOF.Gather.RingCount:4                 ; medium number of samples when gathering]]
[2022.01.07-22.07.59:581][  0]LogConfig: Setting CVar [[r.DOF.Scatter.ForegroundCompositing:1    ; additive foreground scattering]]
[2022.01.07-22.07.59:581][  0]LogConfig: Setting CVar [[r.DOF.Scatter.BackgroundCompositing:2    ; additive background scattering]]
[2022.01.07-22.07.59:581][  0]LogConfig: Setting CVar [[r.DOF.Scatter.EnableBokehSettings:1      ; bokeh simulation when scattering]]
[2022.01.07-22.07.59:581][  0]LogConfig: Setting CVar [[r.DOF.Scatter.MaxSpriteRatio:0.1         ; only a maximum of 10% of scattered bokeh]]
[2022.01.07-22.07.59:581][  0]LogConfig: Setting CVar [[r.DOF.Recombine.Quality:1                ; cheap slight out of focus]]
[2022.01.07-22.07.59:581][  0]LogConfig: Setting CVar [[r.DOF.Recombine.EnableBokehSettings:0    ; no bokeh simulation on slight out of focus]]
[2022.01.07-22.07.59:581][  0]LogConfig: Setting CVar [[r.DOF.TemporalAAQuality:1                ; more stable temporal accumulation]]
[2022.01.07-22.07.59:581][  0]LogConfig: Setting CVar [[r.DOF.Kernel.MaxForegroundRadius:0.025]]
[2022.01.07-22.07.59:581][  0]LogConfig: Setting CVar [[r.DOF.Kernel.MaxBackgroundRadius:0.025]]
[2022.01.07-22.07.59:581][  0]LogConfig: Applying CVar settings from Section [TextureQuality@3] File [X:/Unreal projects/SEUPresetLoadingProjekt/Saved/Config/Windows/Scalability.ini]
[2022.01.07-22.07.59:581][  0]LogConfig: Setting CVar [[r.Streaming.MipBias:0]]
[2022.01.07-22.07.59:581][  0]LogConfig: Setting CVar [[r.Streaming.AmortizeCPUToGPUCopy:0]]
[2022.01.07-22.07.59:581][  0]LogConfig: Setting CVar [[r.Streaming.MaxNumTexturesToStreamPerFrame:0]]
[2022.01.07-22.07.59:581][  0]LogConfig: Setting CVar [[r.Streaming.Boost:1]]
[2022.01.07-22.07.59:581][  0]LogConfig: Setting CVar [[r.MaxAnisotropy:8]]
[2022.01.07-22.07.59:581][  0]LogConfig: Setting CVar [[r.VT.MaxAnisotropy:8]]
[2022.01.07-22.07.59:581][  0]LogConfig: Setting CVar [[r.Streaming.LimitPoolSizeToVRAM:0]]
[2022.01.07-22.07.59:581][  0]LogConfig: Setting CVar [[r.Streaming.PoolSize:1000]]
[2022.01.07-22.07.59:581][  0]LogConfig: Setting CVar [[r.Streaming.MaxEffectiveScreenSize:0]]
[2022.01.07-22.07.59:581][  0]LogConfig: Applying CVar settings from Section [EffectsQuality@3] File [X:/Unreal projects/SEUPresetLoadingProjekt/Saved/Config/Windows/Scalability.ini]
[2022.01.07-22.07.59:581][  0]LogConfig: Setting CVar [[r.TranslucencyLightingVolumeDim:64]]
[2022.01.07-22.07.59:581][  0]LogConfig: Setting CVar [[r.RefractionQuality:2]]
[2022.01.07-22.07.59:581][  0]LogConfig: Setting CVar [[r.SSR.Quality:3]]
[2022.01.07-22.07.59:581][  0]LogConfig: Setting CVar [[r.SSR.HalfResSceneColor:0]]
[2022.01.07-22.07.59:581][  0]LogConfig: Setting CVar [[r.SceneColorFormat:4]]
[2022.01.07-22.07.59:581][  0]LogConfig: Setting CVar [[r.DetailMode:2]]
[2022.01.07-22.07.59:581][  0]LogConfig: Setting CVar [[r.TranslucencyVolumeBlur:1]]
[2022.01.07-22.07.59:581][  0]LogConfig: Setting CVar [[r.MaterialQualityLevel:1 ; High quality]]
[2022.01.07-22.07.59:581][  0]LogConfig: Setting CVar [[r.SSS.Scale:1]]
[2022.01.07-22.07.59:582][  0]LogConfig: Setting CVar [[r.SSS.SampleSet:2]]
[2022.01.07-22.07.59:582][  0]LogConfig: Setting CVar [[r.SSS.Quality:1]]
[2022.01.07-22.07.59:582][  0]LogConfig: Setting CVar [[r.SSS.HalfRes:0]]
[2022.01.07-22.07.59:582][  0]LogConfig: Setting CVar [[r.SSGI.Quality:3]]
[2022.01.07-22.07.59:582][  0]LogConfig: Setting CVar [[r.EmitterSpawnRateScale:1.0]]
[2022.01.07-22.07.59:582][  0]LogConfig: Setting CVar [[r.ParticleLightQuality:2]]
[2022.01.07-22.07.59:582][  0]LogConfig: Setting CVar [[r.SkyAtmosphere.AerialPerspectiveLUT.FastApplyOnOpaque:1 ; Always have FastSkyLUT 1 in this case to avoid wrong sky]]
[2022.01.07-22.07.59:582][  0]LogConfig: Setting CVar [[r.SkyAtmosphere.AerialPerspectiveLUT.SampleCountPerSlice:1]]
[2022.01.07-22.07.59:582][  0]LogConfig: Setting CVar [[r.SkyAtmosphere.AerialPerspectiveLUT.DepthResolution:16.0]]
[2022.01.07-22.07.59:582][  0]LogConfig: Setting CVar [[r.SkyAtmosphere.FastSkyLUT:1]]
[2022.01.07-22.07.59:582][  0]LogConfig: Setting CVar [[r.SkyAtmosphere.FastSkyLUT.SampleCountMin:4.0]]
[2022.01.07-22.07.59:582][  0]LogConfig: Setting CVar [[r.SkyAtmosphere.FastSkyLUT.SampleCountMax:32.0]]
[2022.01.07-22.07.59:582][  0]LogConfig: Setting CVar [[r.SkyAtmosphere.SampleCountMin:4.0]]
[2022.01.07-22.07.59:582][  0]LogConfig: Setting CVar [[r.SkyAtmosphere.SampleCountMax:32.0]]
[2022.01.07-22.07.59:582][  0]LogConfig: Setting CVar [[r.SkyAtmosphere.TransmittanceLUT.UseSmallFormat:0]]
[2022.01.07-22.07.59:582][  0]LogConfig: Setting CVar [[r.SkyAtmosphere.TransmittanceLUT.SampleCount:10.0]]
[2022.01.07-22.07.59:582][  0]LogConfig: Setting CVar [[r.SkyAtmosphere.MultiScatteringLUT.SampleCount:15.0]]
[2022.01.07-22.07.59:582][  0]LogConfig: Applying CVar settings from Section [FoliageQuality@3] File [X:/Unreal projects/SEUPresetLoadingProjekt/Saved/Config/Windows/Scalability.ini]
[2022.01.07-22.07.59:582][  0]LogConfig: Setting CVar [[foliage.DensityScale:1.0]]
[2022.01.07-22.07.59:582][  0]LogConfig: Setting CVar [[grass.DensityScale:1.0]]
[2022.01.07-22.07.59:582][  0]LogConfig: Applying CVar settings from Section [ShadingQuality@3] File [X:/Unreal projects/SEUPresetLoadingProjekt/Saved/Config/Windows/Scalability.ini]
[2022.01.07-22.07.59:582][  0]LogConfig: Setting CVar [[r.HairStrands.SkyLighting.SampleCount:16]]
[2022.01.07-22.07.59:582][  0]LogConfig: Setting CVar [[r.HairStrands.SkyLighting.JitterIntegration:0]]
[2022.01.07-22.07.59:582][  0]LogConfig: Setting CVar [[r.HairStrands.SkyAO.SampleCount:16]]
[2022.01.07-22.07.59:582][  0]LogConfig: Setting CVar [[r.HairStrands.DeepShadow.SuperSampling:0]]
[2022.01.07-22.07.59:582][  0]LogConfig: Setting CVar [[r.HairStrands.VisibilityPPLL:0]]
[2022.01.07-22.07.59:582][  0]LogConfig: Setting CVar [[r.HairStrands.RasterizationScale:0.5]]
[2022.01.07-22.07.59:582][  0]LogConfig: Setting CVar [[r.HairStrands.VelocityRasterizationScale:1]]
[2022.01.07-22.07.59:582][  0]LogConfig: Applying CVar settings from Section [Startup] File [../../../Engine/Config/ConsoleVariables.ini]
[2022.01.07-22.07.59:582][  0]LogConfig: Setting CVar [[net.UseAdaptiveNetUpdateFrequency:0]]
[2022.01.07-22.07.59:582][  0]LogConfig: Setting CVar [[p.chaos.AllowCreatePhysxBodies:1]]
[2022.01.07-22.07.59:582][  0]LogConfig: Setting CVar [[fx.SkipVectorVMBackendOptimizations:1]]
[2022.01.07-22.07.59:582][  0]LogConfig: Applying CVar settings from Section [ConsoleVariables] File [X:/Unreal projects/SEUPresetLoadingProjekt/Saved/Config/Windows/Engine.ini]
[2022.01.07-22.07.59:582][  0]LogInit: Computer: HUZZY
[2022.01.07-22.07.59:582][  0]LogInit: User: Huzy
[2022.01.07-22.07.59:582][  0]LogInit: CPU Page size=4096, Cores=6
[2022.01.07-22.07.59:582][  0]LogInit: High frequency timer resolution =10.000000 MHz
[2022.01.07-22.07.59:583][  0]LogMemory: Memory total: Physical=15.9GB (16GB approx)
[2022.01.07-22.07.59:583][  0]LogMemory: Platform Memory Stats for Windows
[2022.01.07-22.07.59:583][  0]LogMemory: Process Physical Memory: 119.79 MB used, 119.80 MB peak
[2022.01.07-22.07.59:583][  0]LogMemory: Process Virtual Memory: 101.97 MB used, 101.97 MB peak
[2022.01.07-22.07.59:583][  0]LogMemory: Physical Memory: 8059.38 MB used,  8270.32 MB free, 16329.70 MB total
[2022.01.07-22.07.59:583][  0]LogMemory: Virtual Memory: 5209.00 MB used,  134212520.00 MB free, 134217728.00 MB total
[2022.01.07-22.07.59:589][  0]LogWindows: WindowsPlatformFeatures enabled
[2022.01.07-22.07.59:650][  0]LogInit: Physics initialised using underlying interface: PhysX
[2022.01.07-22.07.59:651][  0]LogInit: Using OS detected language (en-US).
[2022.01.07-22.07.59:651][  0]LogInit: Using OS detected locale (hr-HR).
[2022.01.07-22.07.59:653][  0]LogTextLocalizationManager: No specific localization for 'en-US' exists, so the 'en' localization will be used.
[2022.01.07-22.07.59:861][  0]LogInit: Setting process to per monitor DPI aware
[2022.01.07-22.07.59:898][  0]LogSlate: New Slate User Created.  User Index 0, Is Virtual User: 0
[2022.01.07-22.07.59:898][  0]LogSlate: Slate User Registered.  User Index 0, Is Virtual User: 0
[2022.01.07-22.08.05:373][  0]LogHMD: Failed to initialize OpenVR with code 108
[2022.01.07-22.08.05:373][  0]LogD3D11RHI: D3D11 min allowed feature level: 11_0
[2022.01.07-22.08.05:373][  0]LogD3D11RHI: D3D11 max allowed feature level: 11_0
[2022.01.07-22.08.05:373][  0]LogD3D11RHI: D3D11 adapters:
[2022.01.07-22.08.05:493][  0]LogD3D11RHI:    0. 'NVIDIA GeForce GTX 1080 Ti' (Feature Level 11_0)
[2022.01.07-22.08.05:493][  0]LogD3D11RHI:       11127/0/8164 MB DedicatedVideo/DedicatedSystem/SharedSystem, Outputs:2, VendorId:0x10de
[2022.01.07-22.08.05:496][  0]LogD3D11RHI:    1. 'Microsoft Basic Render Driver' (Feature Level 11_0)
[2022.01.07-22.08.05:496][  0]LogD3D11RHI:       0/0/8164 MB DedicatedVideo/DedicatedSystem/SharedSystem, Outputs:0, VendorId:0x1414
[2022.01.07-22.08.05:590][  0]LogD3D11RHI:    2. 'NVIDIA GeForce GTX 1080 Ti' (Feature Level 11_0)
[2022.01.07-22.08.05:590][  0]LogD3D11RHI:       11127/0/8164 MB DedicatedVideo/DedicatedSystem/SharedSystem, Outputs:0, VendorId:0x10de
[2022.01.07-22.08.05:590][  0]LogD3D11RHI: Chosen D3D11 Adapter: 0
[2022.01.07-22.08.05:601][  0]LogD3D11RHI: Creating new Direct3DDevice
[2022.01.07-22.08.05:601][  0]LogD3D11RHI:     GPU DeviceId: 0x1b06 (for the marketing name, search the web for "GPU Device Id")
[2022.01.07-22.08.05:601][  0]LogWindows: EnumDisplayDevices:
[2022.01.07-22.08.05:602][  0]LogWindows:    0. 'NVIDIA GeForce GTX 1080 Ti' (P:1 D:1)
[2022.01.07-22.08.05:602][  0]LogWindows:    1. 'NVIDIA GeForce GTX 1080 Ti' (P:0 D:0)
[2022.01.07-22.08.05:602][  0]LogWindows:    2. 'NVIDIA GeForce GTX 1080 Ti' (P:0 D:0)
[2022.01.07-22.08.05:603][  0]LogWindows:    3. 'NVIDIA GeForce GTX 1080 Ti' (P:0 D:0)
[2022.01.07-22.08.05:603][  0]LogWindows:    4. 'spacedesk Graphics Adapter' (P:0 D:1)
[2022.01.07-22.08.05:604][  0]LogWindows:    5. 'spacedesk Graphics Adapter' (P:0 D:0)
[2022.01.07-22.08.05:604][  0]LogWindows:    6. 'spacedesk Graphics Adapter' (P:0 D:0)
[2022.01.07-22.08.05:604][  0]LogWindows:    7. 'spacedesk Graphics Adapter' (P:0 D:0)
[2022.01.07-22.08.05:604][  0]LogWindows:    8. 'spacedesk Graphics Adapter' (P:0 D:0)
[2022.01.07-22.08.05:605][  0]LogWindows:    9. 'spacedesk Graphics Adapter' (P:0 D:0)
[2022.01.07-22.08.05:605][  0]LogWindows:    10. 'spacedesk Graphics Adapter' (P:0 D:0)
[2022.01.07-22.08.05:605][  0]LogWindows:    11. 'spacedesk Graphics Adapter' (P:0 D:0)
[2022.01.07-22.08.05:606][  0]LogWindows:    12. 'spacedesk Graphics Adapter' (P:0 D:0)
[2022.01.07-22.08.05:606][  0]LogWindows:    13. 'spacedesk Graphics Adapter' (P:0 D:0)
[2022.01.07-22.08.05:606][  0]LogWindows:    14. 'spacedesk Graphics Adapter' (P:0 D:0)
[2022.01.07-22.08.05:606][  0]LogWindows:    15. 'spacedesk Graphics Adapter' (P:0 D:0)
[2022.01.07-22.08.05:607][  0]LogWindows:    16. 'spacedesk Graphics Adapter' (P:0 D:0)
[2022.01.07-22.08.05:607][  0]LogWindows:    17. 'spacedesk Graphics Adapter' (P:0 D:0)
[2022.01.07-22.08.05:607][  0]LogWindows:    18. 'spacedesk Graphics Adapter' (P:0 D:0)
[2022.01.07-22.08.05:608][  0]LogWindows:    19. 'spacedesk Graphics Adapter' (P:0 D:0)
[2022.01.07-22.08.05:608][  0]LogWindows: DebugString: GetVideoDriverDetailsInvalid PrimaryIsNotTheChoosenAdapter GetVideoDriverDetailsInvalid PrimaryIsNotTheChoosenAdapter GetVideoDriverDetailsInvalid PrimaryIsNotTheChoosenAdapter GetVideoDriverDetailsInvalid PrimaryIsNotTheChoosenAdapter GetVideoDriverDetailsInvalid PrimaryIsNotTheChoosenAdapter GetVideoDriverDetailsInvalid PrimaryIsNotTheChoosenAdapter GetVideoDriverDetailsInvalid PrimaryIsNotTheChoosenAdapter GetVideoDriverDetailsInvalid PrimaryIsNotTheChoosenAdapter GetVideoDriverDetailsInvalid PrimaryIsNotTheChoosenAdapter GetVideoDriverDetailsInvalid PrimaryIsNotTheChoosenAdapter GetVideoDriverDetailsInvalid PrimaryIsNotTheChoosenAdapter GetVideoDriverDetailsInvalid PrimaryIsNotTheChoosenAdapter GetVideoDriverDetailsInvalid PrimaryIsNotTheChoosenAdapter GetVideoDriverDetailsInvalid PrimaryIsNotTheChoosenAdapter GetVideoDriverDetailsInvalid PrimaryIsNotTheChoosenAdapter GetVideoDriverDetailsInvalid PrimaryIsNotTheChoosenAdapter FoundDriverCount:4 
[2022.01.07-22.08.05:608][  0]LogD3D11RHI:     Adapter Name: NVIDIA GeForce GTX 1080 Ti
[2022.01.07-22.08.05:608][  0]LogD3D11RHI:   Driver Version: 497.29 (internal:30.0.14.9729, unified:497.29)
[2022.01.07-22.08.05:608][  0]LogD3D11RHI:      Driver Date: 12-15-2021
[2022.01.07-22.08.05:608][  0]LogRHI: Texture pool is 7788 MB (70% of 11127 MB)
[2022.01.07-22.08.05:683][  0]LogD3D11RHI: RHI has support for 64 bit atomics
[2022.01.07-22.08.05:683][  0]LogD3D11RHI: Async texture creation enabled
[2022.01.07-22.08.05:683][  0]LogD3D11RHI: Array index from any shader is supported
[2022.01.07-22.08.05:708][  0]LogD3D11RHI: GPU Timing Frequency: 1000.000000 (Debug: 2 1)
[2022.01.07-22.08.06:083][  0]LogTargetPlatformManager: Display: Loaded TargetPlatform 'AllDesktop'
[2022.01.07-22.08.06:108][  0]LogTargetPlatformManager: Display: Loaded TargetPlatform 'Android'
[2022.01.07-22.08.06:109][  0]LogTargetPlatformManager: Display: Loaded TargetPlatform 'Android_ASTC'
[2022.01.07-22.08.06:109][  0]LogTargetPlatformManager: Display: Loaded TargetPlatform 'Android_DXT'
[2022.01.07-22.08.06:109][  0]LogTargetPlatformManager: Display: Loaded TargetPlatform 'Android_ETC2'
[2022.01.07-22.08.06:109][  0]LogTargetPlatformManager: Display: Loaded TargetPlatform 'AndroidClient'
[2022.01.07-22.08.06:109][  0]LogTargetPlatformManager: Display: Loaded TargetPlatform 'Android_ASTCClient'
[2022.01.07-22.08.06:109][  0]LogTargetPlatformManager: Display: Loaded TargetPlatform 'Android_DXTClient'
[2022.01.07-22.08.06:109][  0]LogTargetPlatformManager: Display: Loaded TargetPlatform 'Android_ETC2Client'
[2022.01.07-22.08.06:109][  0]LogTargetPlatformManager: Display: Loaded TargetPlatform 'Android_Multi'
[2022.01.07-22.08.06:109][  0]LogTargetPlatformManager: Display: Loaded TargetPlatform 'Android_MultiClient'
[2022.01.07-22.08.06:140][  0]LogTargetPlatformManager: Display: Loaded TargetPlatform 'IOSClient'
[2022.01.07-22.08.06:140][  0]LogTargetPlatformManager: Display: Loaded TargetPlatform 'IOS'
[2022.01.07-22.08.06:150][  0]LogTargetPlatformManager: Display: Loaded TargetPlatform 'Linux'
[2022.01.07-22.08.06:162][  0]LogTargetPlatformManager: Display: Loaded TargetPlatform 'LinuxNoEditor'
[2022.01.07-22.08.06:173][  0]LogTargetPlatformManager: Display: Loaded TargetPlatform 'LinuxClient'
[2022.01.07-22.08.06:184][  0]LogTargetPlatformManager: Display: Loaded TargetPlatform 'LinuxServer'
[2022.01.07-22.08.06:196][  0]LogTargetPlatformManager: Display: Loaded TargetPlatform 'LinuxAArch64NoEditor'
[2022.01.07-22.08.06:207][  0]LogTargetPlatformManager: Display: Loaded TargetPlatform 'LinuxAArch64Client'
[2022.01.07-22.08.06:217][  0]LogTargetPlatformManager: Display: Loaded TargetPlatform 'LinuxAArch64Server'
[2022.01.07-22.08.06:247][  0]LogTargetPlatformManager: Display: Loaded TargetPlatform 'Lumin'
[2022.01.07-22.08.06:247][  0]LogTargetPlatformManager: Display: Loaded TargetPlatform 'LuminClient'
[2022.01.07-22.08.06:268][  0]LogTargetPlatformManager: Display: Loaded TargetPlatform 'TVOSClient'
[2022.01.07-22.08.06:268][  0]LogTargetPlatformManager: Display: Loaded TargetPlatform 'TVOS'
[2022.01.07-22.08.06:280][  0]LogTargetPlatformManager: Display: Loaded TargetPlatform 'WindowsNoEditor'
[2022.01.07-22.08.06:291][  0]LogTargetPlatformManager: Display: Loaded TargetPlatform 'Windows'
[2022.01.07-22.08.06:301][  0]LogTargetPlatformManager: Display: Loaded TargetPlatform 'WindowsClient'
[2022.01.07-22.08.06:312][  0]LogTargetPlatformManager: Display: Loaded TargetPlatform 'WindowsServer'
[2022.01.07-22.08.06:312][  0]LogTargetPlatformManager: Display: Building Assets For Windows
[2022.01.07-22.08.06:322][  0]LogAudioDebug: Display: Lib vorbis DLL was dynamically loaded.
[2022.01.07-22.08.06:389][  0]LogShaderCompilers: Guid format shader working directory is 3 characters bigger than the processId version (X:/Unreal projects/SEUPresetLoadingProjekt/Intermediate/Shaders/WorkingDirectory/5996/).
[2022.01.07-22.08.06:389][  0]LogShaderCompilers: Cleaned the shader compiler working directory 'C:/Users/Huzy/AppData/Local/Temp/UnrealShaderWorkingDir/182F96224B5E9782B210A699115E57F2/'.
[2022.01.07-22.08.06:389][  0]LogXGEController: Cannot use XGE Controller as Incredibuild is not installed on this machine.
[2022.01.07-22.08.06:390][  0]LogShaderCompilers: Cannot use XGE Shader Compiler as Incredibuild is not installed on this machine.
[2022.01.07-22.08.06:390][  0]LogShaderCompilers: Display: Using Local Shader Compiler.
[2022.01.07-22.08.07:256][  0]LogDerivedDataCache: Display: Max Cache Size: 512 MB
[2022.01.07-22.08.07:328][  0]LogDerivedDataCache: Loaded boot cache 0.07s 79MB C:/Users/Huzy/AppData/Local/UnrealEngine/4.25/DerivedDataCache/Boot.ddc.
[2022.01.07-22.08.07:328][  0]LogDerivedDataCache: Display: Loaded Boot cache: C:/Users/Huzy/AppData/Local/UnrealEngine/4.25/DerivedDataCache/Boot.ddc
[2022.01.07-22.08.07:328][  0]LogDerivedDataCache: FDerivedDataBackendGraph:  Pak pak cache file X:/Unreal projects/SEUPresetLoadingProjekt/DerivedDataCache/DDC.ddp not found, will not use a pak cache.
[2022.01.07-22.08.07:328][  0]LogDerivedDataCache: Unable to find inner node Pak for hierarchical cache Hierarchy.
[2022.01.07-22.08.07:328][  0]LogDerivedDataCache: FDerivedDataBackendGraph:  CompressedPak pak cache file X:/Unreal projects/SEUPresetLoadingProjekt/DerivedDataCache/Compressed.ddp not found, will not use a pak cache.
[2022.01.07-22.08.07:328][  0]LogDerivedDataCache: Unable to find inner node CompressedPak for hierarchical cache Hierarchy.
[2022.01.07-22.08.07:340][  0]LogDerivedDataCache: Display: Pak cache opened for reading ../../../Engine/DerivedDataCache/Compressed.ddp.
[2022.01.07-22.08.07:341][  0]LogDerivedDataCache: FDerivedDataBackendGraph:  EnterprisePak pak cache file ../../../Enterprise/DerivedDataCache/Compressed.ddp not found, will not use a pak cache.
[2022.01.07-22.08.07:341][  0]LogDerivedDataCache: Unable to find inner node EnterprisePak for hierarchical cache Hierarchy.
[2022.01.07-22.08.07:342][  0]LogDerivedDataCache: Using Local data cache path C:/Users/Huzy/AppData/Local/UnrealEngine/Common/DerivedDataCache: Writable
[2022.01.07-22.08.07:342][  0]LogDerivedDataCache: Shared data cache path not found in *engine.ini, will not use an Shared cache.
[2022.01.07-22.08.07:342][  0]LogDerivedDataCache: Unable to find inner node Shared for hierarchical cache Hierarchy.
[2022.01.07-22.08.07:405][  0]LogSlate: Using FreeType 2.10.0
[2022.01.07-22.08.07:406][  0]LogSlate: SlateFontServices - WITH_FREETYPE: 1, WITH_HARFBUZZ: 1
[2022.01.07-22.08.07:431][  0]LogAssetRegistry: FAssetRegistry took 0.0026 seconds to start up
[2022.01.07-22.08.07:718][  0]LogInit: Selected Device Profile: [Windows]
[2022.01.07-22.08.07:842][  0]LogMeshReduction: Using QuadricMeshReduction for automatic static mesh reduction
[2022.01.07-22.08.07:842][  0]LogMeshReduction: Using SimplygonMeshReduction for automatic skeletal mesh reduction
[2022.01.07-22.08.07:842][  0]LogMeshReduction: Using ProxyLODMeshReduction for automatic mesh merging
[2022.01.07-22.08.07:842][  0]LogMeshReduction: No distributed automatic mesh merging module available
[2022.01.07-22.08.07:842][  0]LogMeshMerging: No distributed automatic mesh merging module available
[2022.01.07-22.08.07:864][  0]LogNetVersion: SEUPart1Loading 1.0.0, NetCL: 13144385, EngineNetVer: 14, GameNetVer: 0 (Checksum: 3965842060)
[2022.01.07-22.08.08:375][  0]LogAISub: UAISubsystem::UAISubsystem AISubsystem (0000024B51A513C0), frame # 0
[2022.01.07-22.08.08:375][  0]LogAISub: UAISubsystem::UAISubsystem AIPerceptionSystem (0000024B519A91C0), frame # 0
[2022.01.07-22.08.08:378][  0]LogAISub: UAISubsystem::UAISubsystem EnvQueryManager (0000024B519F1E00), frame # 0
[2022.01.07-22.08.08:455][  0]LogPackageLocalizationCache: Processed 19 localized package path(s) for 1 prioritized culture(s) in 0.068476 seconds
[2022.01.07-22.08.08:462][  0]LogUObjectArray: 15917 objects as part of root set at end of initial load.
[2022.01.07-22.08.08:462][  0]LogUObjectAllocator: 3965568 out of 0 bytes used by permanent object pool.
[2022.01.07-22.08.08:463][  0]LogUObjectArray: CloseDisregardForGC: 0/0 objects in disregard for GC pool
[2022.01.07-22.08.08:816][  0]LogTcpMessaging: Initializing TcpMessaging bridge
[2022.01.07-22.08.08:822][  0]LogUdpMessaging: Initializing bridge on interface 0.0.0.0:0 to multicast group 230.0.0.1:6666.
[2022.01.07-22.08.08:926][  0]SourceControl: Source control is disabled
[2022.01.07-22.08.08:926][  0]SourceControl: Source control is disabled
[2022.01.07-22.08.08:929][  0]SourceControl: Source control is disabled
[2022.01.07-22.08.08:932][  0]SourceControl: Source control is disabled
[2022.01.07-22.08.08:940][  0]SourceControl: Source control is disabled
[2022.01.07-22.08.09:223][  0]LogAndroidPermission: UAndroidPermissionCallbackProxy::GetInstance
[2022.01.07-22.08.09:249][  0]LogAudioCaptureCore: Display: No Audio Capture implementations found. Audio input will be silent.
[2022.01.07-22.08.09:249][  0]LogAudioCaptureCore: Display: No Audio Capture implementations found. Audio input will be silent.
[2022.01.07-22.08.09:310][  0]LogOcInput: OculusInput pre-init called
[2022.01.07-22.08.09:572][  0]LogEngine: Initializing Engine...
[2022.01.07-22.08.09:653][  0]LogHMD: Failed to initialize OpenVR with code 108
[2022.01.07-22.08.09:653][  0]LogMagicLeap: Warning: VR disabled because ZI is not enabled.  To enable, in the editor, Edit -> Project Settings -> Plugins -> Magic Leap Plugin -> Enable Zero Iteration
[2022.01.07-22.08.09:654][  0]LogStats: UGameplayTagsManager::InitializeManager -  0.000 s
[2022.01.07-22.08.09:806][  0]LogInit: Initializing FReadOnlyCVARCache
[2022.01.07-22.08.09:815][  0]LogAIModule: Creating AISystem for world Untitled
[2022.01.07-22.08.09:815][  0]LogAISub: UAISubsystem::UAISubsystem EnvQueryManager (0000024B5C7E7C00), frame # 0
[2022.01.07-22.08.09:815][  0]LogAISub: UAISubsystem::UAISubsystem AIPerceptionSystem (0000024B5C8596C0), frame # 0
[2022.01.07-22.08.09:839][  0]LogAudioMixer: Display: Audio Mixer Platform Settings:
[2022.01.07-22.08.09:839][  0]LogAudioMixer: Display: 	Sample Rate:						  48000
[2022.01.07-22.08.09:839][  0]LogAudioMixer: Display: 	Callback Buffer Frame Size Requested: 1024
[2022.01.07-22.08.09:839][  0]LogAudioMixer: Display: 	Callback Buffer Frame Size To Use:	  1024
[2022.01.07-22.08.09:839][  0]LogAudioMixer: Display: 	Number of buffers to queue:			  2
[2022.01.07-22.08.09:839][  0]LogAudioMixer: Display: 	Max Channels (voices):				  32
[2022.01.07-22.08.09:840][  0]LogAudioMixer: Display: 	Number of Async Source Workers:		  0
[2022.01.07-22.08.09:840][  0]LogAudio: Display: AudioDevice MaxSources: 32
[2022.01.07-22.08.09:840][  0]LogAudio: Display: Using built-in audio occlusion.
[2022.01.07-22.08.09:840][  0]LogAudioMixer: Display: Initializing audio mixer.
[2022.01.07-22.08.09:860][  0]LogAudioMixer: Display: 0: FrontLeft
[2022.01.07-22.08.09:860][  0]LogAudioMixer: Display: 1: FrontRight
[2022.01.07-22.08.09:924][  0]LogAudioMixer: Display: Using Audio Device Realtek HD Audio 2nd output (Realtek(R) Audio)
[2022.01.07-22.08.09:924][  0]LogAudioMixer: Display: Initializing Sound Submixes...
[2022.01.07-22.08.09:926][  0]LogAudioMixer: Display: Creating Master Submix 'MasterSubmixDefault'
[2022.01.07-22.08.09:926][  0]LogAudioMixer: Display: Creating Master Submix 'MasterReverbSubmixDefault'
[2022.01.07-22.08.09:927][  0]LogAudioMixer: Display: Creating Master Submix 'MasterEQSubmixDefault'
[2022.01.07-22.08.09:928][  0]LogInit: FAudioDevice initialized.
[2022.01.07-22.08.09:928][  0]LogNetVersion: Set ProjectVersion to 1.0.0.0. Version Checksum will be recalculated on next use.
[2022.01.07-22.08.10:001][  0]LogDerivedDataCache: Saved boot cache 0.07s 79MB C:/Users/Huzy/AppData/Local/UnrealEngine/4.25/DerivedDataCache/Boot.ddc.
[2022.01.07-22.08.10:001][  0]LogInit: Texture streaming: Enabled
[2022.01.07-22.08.10:015][  0]LogEngineSessionManager: EngineSessionManager initialized
[2022.01.07-22.08.10:015][  0]LogEditorSessionSummary: Verbose: Initializing EditorSessionSummaryWriter for editor session tracking
[2022.01.07-22.08.10:017][  0]LogEditorSessionSummary: EditorSessionSummaryWriter initialized
[2022.01.07-22.08.10:059][  0]LogInit: Transaction tracking system initialized
[2022.01.07-22.08.10:078][  0]BlueprintLog: New page: Editor Load
[2022.01.07-22.08.10:151][  0]LocalizationService: Localization service is disabled
[2022.01.07-22.08.10:300][  0]LogCook: Display: Max memory allowance for cook 16384mb min free memory 0mb
[2022.01.07-22.08.10:300][  0]LogCook: Display: Mobile HDR setting 1
[2022.01.07-22.08.10:434][  0]LogFileCache: Scanning file cache for directory 'X:/Unreal projects/SEUPresetLoadingProjekt/Content/' took 0.00s
[2022.01.07-22.08.10:623][  0]SourceControl: Source control is disabled
[2022.01.07-22.08.10:623][  0]LogUnrealEdMisc: Loading editor; pre map load, took 12.994
[2022.01.07-22.08.10:623][  0]Cmd: MAP LOAD FILE="X:/Unreal projects/SEUPresetLoadingProjekt/Content/TopDownBP/Maps/TopDownExampleMap.umap" TEMPLATE=0 SHOWPROGRESS=1 FEATURELEVEL=3
[2022.01.07-22.08.10:623][  0]LightingResults: New page: Lighting Build
[2022.01.07-22.08.10:624][  0]LogWorld: UWorld::CleanupWorld for Untitled, bSessionEnded=true, bCleanupResources=true
[2022.01.07-22.08.10:624][  0]LogSlate: InvalidateAllWidgets triggered.  All widgets were invalidated
[2022.01.07-22.08.10:624][  0]MapCheck: New page: Map Check
[2022.01.07-22.08.10:624][  0]LightingResults: New page: Lighting Build
[2022.01.07-22.08.10:633][  0]LogAISub: UAISubsystem::~UAISubsystem EnvQueryManager (0000024B5C7E7C00), frame # 0
[2022.01.07-22.08.10:634][  0]LogAISub: UAISubsystem::~UAISubsystem AIPerceptionSystem (0000024B5C8596C0), frame # 0
[2022.01.07-22.08.10:634][  0]LogUObjectHash: Compacting FUObjectHashTables data took   0.72ms
[2022.01.07-22.08.10:829][  0]LogBlueprint: Warning: [Compiler TopDownController] InputAction Event references unknown Action 'SetDestination' for  InputAction SetDestination
[2022.01.07-22.08.10:989][  0]LogAIModule: Creating AISystem for world TopDownExampleMap
[2022.01.07-22.08.10:989][  0]LogAISub: UAISubsystem::UAISubsystem EnvQueryManager (0000024B5C918E00), frame # 0
[2022.01.07-22.08.10:989][  0]LogAISub: UAISubsystem::UAISubsystem AIPerceptionSystem (0000024B5C8EFB00), frame # 0
[2022.01.07-22.08.11:008][  0]LogEditorServer: Finished looking for orphan Actors (0.000 secs)
[2022.01.07-22.08.11:009][  0]LogNavigationDataBuild: Display:    Building NavData:  Name Default class /Script/NavigationSystem.RecastNavMesh agent radius 35.0.
[2022.01.07-22.08.11:021][  0]LogUObjectHash: Compacting FUObjectHashTables data took   1.02ms
[2022.01.07-22.08.11:021][  0]Cmd: MAP CHECKDEP NOCLEARLOG
[2022.01.07-22.08.11:021][  0]MapCheck: Map check complete: 0 Error(s), 0 Warning(s), took 0,107ms to complete.
[2022.01.07-22.08.11:021][  0]LogFileHelpers: Loading map 'TopDownExampleMap' took 0.399
[2022.01.07-22.08.11:023][  0]LogUnrealEdMisc: Total Editor Startup Time, took 13.394
[2022.01.07-22.08.11:141][  0]LogSlate: Updating window title bar state: overlay mode, drag disabled, window buttons hidden, title bar hidden
[2022.01.07-22.08.11:150][  0]LogSlate: Updating window title bar state: overlay mode, drag disabled, window buttons hidden, title bar hidden
[2022.01.07-22.08.11:159][  0]LogSlate: Updating window title bar state: overlay mode, drag disabled, window buttons hidden, title bar hidden
[2022.01.07-22.08.11:167][  0]LogSlate: Updating window title bar state: overlay mode, drag disabled, window buttons hidden, title bar hidden
[2022.01.07-22.08.11:255][  0]LogCollectionManager: Loaded 0 collections in 0.001039 seconds
[2022.01.07-22.08.11:275][  0]LogFileCache: Scanning file cache for directory 'X:/Unreal projects/SEUPresetLoadingProjekt/Saved/Collections/' took 0.00s
[2022.01.07-22.08.11:275][  0]LogFileCache: Scanning file cache for directory 'X:/Unreal projects/SEUPresetLoadingProjekt/Content/Developers/Huzy/Collections/' took 0.00s
[2022.01.07-22.08.11:275][  0]LogFileCache: Scanning file cache for directory 'X:/Unreal projects/SEUPresetLoadingProjekt/Content/Collections/' took 0.00s
[2022.01.07-22.08.11:275][  0]LogContentBrowser: Native class hierarchy populated in 0.0103 seconds. Added 3427 classes and 821 folders.
[2022.01.07-22.08.11:281][  0]LogContentBrowser: Native class hierarchy updated for 'WidgetCarousel' in 0.0004 seconds. Added 0 classes and 0 folders.
[2022.01.07-22.08.11:424][  0]LogContentBrowser: Native class hierarchy updated for 'AddContentDialog' in 0.0005 seconds. Added 0 classes and 0 folders.
[2022.01.07-22.08.11:444][  0]LogSlate: Took 0.000152 seconds to synchronously load lazily loaded font '../../../Engine/Content/Slate/Fonts/Roboto-Regular.ttf' (155K)
[2022.01.07-22.08.11:446][  0]LogSlate: Took 0.000123 seconds to synchronously load lazily loaded font '../../../Engine/Content/Slate/Fonts/Roboto-Bold.ttf' (160K)
[2022.01.07-22.08.11:451][  0]LogSlate: Took 0.000763 seconds to synchronously load lazily loaded font '../../../Engine/Content/Editor/Slate/Fonts/FontAwesome.ttf' (139K)
[2022.01.07-22.08.11:523][  0]LogRenderer: Reallocating scene render targets to support 1644x548 Format 10 NumSamples 1 (Frame:1).
[2022.01.07-22.08.11:618][  0]LogContentBrowser: Native class hierarchy updated for 'HierarchicalLODOutliner' in 0.0004 seconds. Added 0 classes and 0 folders.
[2022.01.07-22.08.11:618][  0]LogLoad: (Engine Initialization) Total time: 13.99 seconds
[2022.01.07-22.08.11:618][  0]LogLoad: (Engine Initialization) Total Blueprint compile time: 0.00 seconds
[2022.01.07-22.08.11:658][  0]LogAssetRegistry: Asset discovery search completed in 4.2289 seconds
[2022.01.07-22.08.11:663][  0]LogCollectionManager: Fixed up redirectors for 0 collections in 0.000002 seconds (updated 0 objects)
[2022.01.07-22.08.11:665][  0]LogContentStreaming: Texture pool size now 1000 MB
[2022.01.07-22.08.11:693][  0]LogSlate: Took 0.003910 seconds to synchronously load lazily loaded font '../../../Engine/Content/Slate/Fonts/Roboto-Light.ttf' (167K)
[2022.01.07-22.08.20:881][532]LogUObjectHash: Compacting FUObjectHashTables data took   0.63ms
[2022.01.07-22.08.23:244][532]LogSlate: Window 'Delete Assets' being destroyed
[2022.01.07-22.08.23:251][532]LogSlate: Took 0.000142 seconds to synchronously load lazily loaded font '../../../Engine/Content/Slate/Fonts/Roboto-Light.ttf' (167K)
[2022.01.07-22.08.23:315][532]LogUObjectHash: Compacting FUObjectHashTables data took   0.74ms
[2022.01.07-22.08.23:337][532]LogUObjectHash: Compacting FUObjectHashTables data took   0.83ms
[2022.01.07-22.08.23:348][532]LogUObjectHash: Compacting FUObjectHashTables data took   0.32ms
[2022.01.07-22.08.24:515][642]LogUObjectHash: Compacting FUObjectHashTables data took   0.72ms
[2022.01.07-22.08.26:435][642]LogSlate: Window 'Delete Assets' being destroyed
[2022.01.07-22.08.26:500][642]LogUObjectHash: Compacting FUObjectHashTables data took   0.26ms
[2022.01.07-22.08.26:516][642]LogUObjectHash: Compacting FUObjectHashTables data took   0.29ms
[2022.01.07-22.08.26:526][642]LogUObjectHash: Compacting FUObjectHashTables data took   0.20ms
[2022.01.07-22.08.28:044][787]LogBlueprint: Error: [Compiler CT_Neprijatelj] In use pin  <Unnamed>  no longer exists on node  Umiranje . Please refresh node or break links to remove pin.
[2022.01.07-22.08.28:044][787]LogBlueprint: Error: [Compiler CT_Neprijatelj] In use pin  Target  no longer exists on node  Umiranje . Please refresh node or break links to remove pin.
[2022.01.07-22.08.28:044][787]LogBlueprint: Error: [Compiler CT_Neprijatelj] Could not find a function named "Umiranje" in 'TopDownCharacter_C'.
Make sure 'TopDownCharacter_C' has been compiled for  Umiranje
[2022.01.07-22.08.28:064][787]LogAssetEditorSubsystem: Opening Asset editor for Blueprint /Game/TopDownBP/CT_Neprijatelj.CT_Neprijatelj
[2022.01.07-22.08.28:223][787]LogContentBrowser: Native class hierarchy updated for 'BlueprintGraph' in 0.0006 seconds. Added 125 classes and 0 folders.
[2022.01.07-22.08.29:183][787]LogSlate: Took 0.000141 seconds to synchronously load lazily loaded font '../../../Engine/Content/Slate/Fonts/Roboto-BoldCondensed.ttf' (158K)
[2022.01.07-22.08.29:207][787]LogSlate: Took 0.001861 seconds to synchronously load lazily loaded font '../../../Engine/Content/Slate/Fonts/DroidSansMono.ttf' (77K)
[2022.01.07-22.08.29:227][788]LogSlate: Took 0.000334 seconds to synchronously load lazily loaded font '../../../Engine/Content/Slate/Fonts/Roboto-Italic.ttf' (157K)
[2022.01.07-22.08.43:610][432]BlueprintLog: New page: Compile CT_Neprijatelj
[2022.01.07-22.08.43:612][432]LogBlueprint: Error: [Compiler CT_Neprijatelj] In use pin  <Unnamed>  no longer exists on node  Umiranje . Please refresh node or break links to remove pin.
[2022.01.07-22.08.43:612][432]LogBlueprint: Error: [Compiler CT_Neprijatelj] In use pin  Target  no longer exists on node  Umiranje . Please refresh node or break links to remove pin.
[2022.01.07-22.08.43:612][432]LogBlueprint: Error: [Compiler CT_Neprijatelj] Could not find a function named "Umiranje" in 'TopDownCharacter_C'.
Make sure 'TopDownCharacter_C' has been compiled for  Umiranje
[2022.01.07-22.08.43:650][432]LogUObjectHash: Compacting FUObjectHashTables data took   2.36ms
[2022.01.07-22.08.44:318][506]Cmd: OBJ SAVEPACKAGE PACKAGE="/Game/TopDownBP/CT_Neprijatelj" FILE="X:/Unreal projects/SEUPresetLoadingProjekt/Content/TopDownBP/CT_Neprijatelj.uasset" SILENT=true
[2022.01.07-22.08.44:345][506]LogSavePackage: Moving 'X:/Unreal projects/SEUPresetLoadingProjekt/Saved/CT_NeprijateljB85C919D4666197B515BA39ABC7705FC.tmp' to 'X:/Unreal projects/SEUPresetLoadingProjekt/Content/TopDownBP/CT_Neprijatelj.uasset'
[2022.01.07-22.08.44:358][506]AssetCheck: New page: Asset Save: CT_Neprijatelj
[2022.01.07-22.08.44:358][506]LogContentValidation: Display: Validating Blueprint /Game/TopDownBP/CT_Neprijatelj.CT_Neprijatelj
[2022.01.07-22.08.46:307][723]BlueprintLog: New page: Compile CT_Neprijatelj
[2022.01.07-22.08.46:343][723]LogUObjectHash: Compacting FUObjectHashTables data took   2.82ms
[2022.01.07-22.08.46:711][762]Cmd: OBJ SAVEPACKAGE PACKAGE="/Game/TopDownBP/CT_Neprijatelj" FILE="X:/Unreal projects/SEUPresetLoadingProjekt/Content/TopDownBP/CT_Neprijatelj.uasset" SILENT=true
[2022.01.07-22.08.46:722][762]LogSavePackage: Moving 'X:/Unreal projects/SEUPresetLoadingProjekt/Saved/CT_NeprijateljA1C3BF1446EC46EED1C95280676175AD.tmp' to 'X:/Unreal projects/SEUPresetLoadingProjekt/Content/TopDownBP/CT_Neprijatelj.uasset'
[2022.01.07-22.08.46:735][762]AssetCheck: New page: Asset Save: CT_Neprijatelj
[2022.01.07-22.08.46:735][762]LogContentValidation: Display: Validating Blueprint /Game/TopDownBP/CT_Neprijatelj.CT_Neprijatelj
[2022.01.07-22.08.50:791][239]LogWorld: UWorld::CleanupWorld for World_2, bSessionEnded=true, bCleanupResources=true
[2022.01.07-22.08.50:791][239]LogSlate: InvalidateAllWidgets triggered.  All widgets were invalidated
[2022.01.07-22.08.52:941][458]LogUObjectHash: Compacting FUObjectHashTables data took   2.37ms
[2022.01.07-22.08.54:971][458]LogSlate: Window 'Delete Assets' being destroyed
[2022.01.07-22.08.57:114][667]LogAssetEditorSubsystem: Opening Asset editor for Blueprint /Game/TopDownBP/CT_Neprijatelj.CT_Neprijatelj
[2022.01.07-22.08.58:921][830]LogRenderer: Reallocating scene render targets to support 1792x700 Format 10 NumSamples 1 (Frame:1).
[2022.01.07-22.09.07:730][749]Cmd: OBJ SAVEPACKAGE PACKAGE="/Game/TopDownBP/CT_Neprijatelj" FILE="X:/Unreal projects/SEUPresetLoadingProjekt/Content/TopDownBP/CT_Neprijatelj.uasset" SILENT=true
[2022.01.07-22.09.07:738][749]LogSavePackage: Moving 'X:/Unreal projects/SEUPresetLoadingProjekt/Saved/CT_Neprijatelj1275FB104C5FE7E6B6AE8E9E90970CA4.tmp' to 'X:/Unreal projects/SEUPresetLoadingProjekt/Content/TopDownBP/CT_Neprijatelj.uasset'
[2022.01.07-22.09.07:751][749]AssetCheck: New page: Asset Save: CT_Neprijatelj
[2022.01.07-22.09.07:751][749]LogContentValidation: Display: Validating Blueprint /Game/TopDownBP/CT_Neprijatelj.CT_Neprijatelj
[2022.01.07-22.09.20:491][100]LogAssetEditorSubsystem: Opening Asset editor for Blueprint /Game/TopDownBP/BP_Granata.BP_Granata
[2022.01.07-22.09.30:812][247]BlueprintLog: New page: Compile BP_Granata
[2022.01.07-22.09.30:880][247]LogUObjectHash: Compacting FUObjectHashTables data took   4.80ms
[2022.01.07-22.09.31:195][282]Cmd: OBJ SAVEPACKAGE PACKAGE="/Game/TopDownBP/BP_Granata" FILE="X:/Unreal projects/SEUPresetLoadingProjekt/Content/TopDownBP/BP_Granata.uasset" SILENT=true
[2022.01.07-22.09.31:201][282]LogSavePackage: Moving 'X:/Unreal projects/SEUPresetLoadingProjekt/Saved/BP_Granata0287566C4465DDBDBBA0D5A56A940D90.tmp' to 'X:/Unreal projects/SEUPresetLoadingProjekt/Content/TopDownBP/BP_Granata.uasset'
[2022.01.07-22.09.31:216][282]AssetCheck: New page: Asset Save: BP_Granata
[2022.01.07-22.09.31:216][282]LogContentValidation: Display: Validating Blueprint /Game/TopDownBP/BP_Granata.BP_Granata
[2022.01.07-22.09.31:801][348]LogWorld: UWorld::CleanupWorld for World_6, bSessionEnded=true, bCleanupResources=true
[2022.01.07-22.09.31:801][348]LogSlate: InvalidateAllWidgets triggered.  All widgets were invalidated
[2022.01.07-22.09.36:350][842]LogUObjectHash: Compacting FUObjectHashTables data took   4.59ms
[2022.01.07-22.09.40:413][842]LogSlate: Window 'Delete Assets' being destroyed
[2022.01.07-22.09.41:670][989]LogEditorViewport: Clicking on Actor (LMB): TopDownCharacter_C (TopDownCharacter)
[2022.01.07-22.09.41:814][998]LogEditorViewport: Clicking on Actor (context menu): TopDownCharacter_C (TopDownCharacter)
[2022.01.07-22.09.42:625][ 79]LogAssetEditorSubsystem: Opening Asset editor for Blueprint /Game/TopDownBP/Blueprints/TopDownCharacter.TopDownCharacter
[2022.01.07-22.10.12:872][ 21]LogSlate: Window 'Delete Variable' being destroyed
[2022.01.07-22.10.21:877][ 80]BlueprintLog: New page: Compile TopDownCharacter
[2022.01.07-22.10.22:010][ 80]LogUObjectHash: Compacting FUObjectHashTables data took   3.16ms
[2022.01.07-22.10.22:521][123]Cmd: OBJ SAVEPACKAGE PACKAGE="/Game/TopDownBP/Blueprints/TopDownCharacter" FILE="X:/Unreal projects/SEUPresetLoadingProjekt/Content/TopDownBP/Blueprints/TopDownCharacter.uasset" SILENT=true
[2022.01.07-22.10.22:546][123]LogSavePackage: Moving 'X:/Unreal projects/SEUPresetLoadingProjekt/Saved/TopDownCharacter5E1A588748B64C84876AAABA3FCB9607.tmp' to 'X:/Unreal projects/SEUPresetLoadingProjekt/Content/TopDownBP/Blueprints/TopDownCharacter.uasset'
[2022.01.07-22.10.22:563][123]AssetCheck: New page: Asset Save: TopDownCharacter
[2022.01.07-22.10.22:563][123]LogContentValidation: Display: Validating Blueprint /Game/TopDownBP/Blueprints/TopDownCharacter.TopDownCharacter
[2022.01.07-22.10.34:965][545]BlueprintLog: New page: Compile TopDownCharacter
[2022.01.07-22.10.35:096][545]LogUObjectHash: Compacting FUObjectHashTables data took   4.56ms
[2022.01.07-22.10.35:423][569]Cmd: OBJ SAVEPACKAGE PACKAGE="/Game/TopDownBP/Blueprints/TopDownCharacter" FILE="X:/Unreal projects/SEUPresetLoadingProjekt/Content/TopDownBP/Blueprints/TopDownCharacter.uasset" SILENT=true
[2022.01.07-22.10.35:444][569]LogSavePackage: Moving 'X:/Unreal projects/SEUPresetLoadingProjekt/Saved/TopDownCharacter8C902E5C4C97C8F8CB932383582D9BE0.tmp' to 'X:/Unreal projects/SEUPresetLoadingProjekt/Content/TopDownBP/Blueprints/TopDownCharacter.uasset'
[2022.01.07-22.10.35:456][569]AssetCheck: New page: Asset Save: TopDownCharacter
[2022.01.07-22.10.35:456][569]LogContentValidation: Display: Validating Blueprint /Game/TopDownBP/Blueprints/TopDownCharacter.TopDownCharacter
[2022.01.07-22.10.36:196][647]LogWorld: UWorld::CleanupWorld for World_8, bSessionEnded=true, bCleanupResources=true
[2022.01.07-22.10.36:196][647]LogSlate: InvalidateAllWidgets triggered.  All widgets were invalidated
[2022.01.07-22.10.49:651][198]BlueprintLog: New page: Compile CT_Neprijatelj
[2022.01.07-22.10.49:711][198]LogUObjectHash: Compacting FUObjectHashTables data took   2.69ms
[2022.01.07-22.10.50:109][241]Cmd: OBJ SAVEPACKAGE PACKAGE="/Game/TopDownBP/CT_Neprijatelj" FILE="X:/Unreal projects/SEUPresetLoadingProjekt/Content/TopDownBP/CT_Neprijatelj.uasset" SILENT=true
[2022.01.07-22.10.50:118][241]LogSavePackage: Moving 'X:/Unreal projects/SEUPresetLoadingProjekt/Saved/CT_Neprijatelj189F2FFB4E3616F4D8CE62B2E9B5F38D.tmp' to 'X:/Unreal projects/SEUPresetLoadingProjekt/Content/TopDownBP/CT_Neprijatelj.uasset'
[2022.01.07-22.10.50:132][241]AssetCheck: New page: Asset Save: CT_Neprijatelj
[2022.01.07-22.10.50:132][241]LogContentValidation: Display: Validating Blueprint /Game/TopDownBP/CT_Neprijatelj.CT_Neprijatelj
[2022.01.07-22.10.51:447][397]LogActorComponent: UnregisterComponent: (/Engine/Transient.EditorFloorComp) Not registered. Aborting.
[2022.01.07-22.10.51:447][397]LogWorld: UWorld::CleanupWorld for World_4, bSessionEnded=true, bCleanupResources=true
[2022.01.07-22.10.51:447][397]LogSlate: InvalidateAllWidgets triggered.  All widgets were invalidated
[2022.01.07-22.10.55:448][769]LogUObjectHash: Compacting FUObjectHashTables data took   4.16ms
[2022.01.07-22.10.57:306][769]LogSlate: Window 'Delete Assets' being destroyed
[2022.01.07-22.10.58:594][875]LogUObjectHash: Compacting FUObjectHashTables data took   3.20ms
[2022.01.07-22.11.06:105][875]LogSlate: Window 'Delete Assets' being destroyed
[2022.01.07-22.11.07:795][ 30]LogUObjectHash: Compacting FUObjectHashTables data took   0.50ms
[2022.01.07-22.11.07:830][ 30]LogSavePackage: Moving 'X:/Unreal projects/SEUPresetLoadingProjekt/Saved/TopDownExampleMap53543268403538A0124537A8977CECAF.tmp' to 'X:/Unreal projects/SEUPresetLoadingProjekt/Content/TopDownBP/Maps/TopDownExampleMap.umap'
[2022.01.07-22.11.07:850][ 30]Cmd: OBJ SAVEPACKAGE PACKAGE="/Game/TopDownBP/Maps/TopDownExampleMap_BuiltData" FILE="X:/Unreal projects/SEUPresetLoadingProjekt/Content/TopDownBP/Maps/TopDownExampleMap_BuiltData.uasset" SILENT=true
[2022.01.07-22.11.07:953][ 30]LogSavePackage: Moving 'X:/Unreal projects/SEUPresetLoadingProjekt/Saved/TopDownExampleMap_BuiltData57254F2C4492CEFEA6CE77AC3FBEBB99.tmp' to 'X:/Unreal projects/SEUPresetLoadingProjekt/Content/TopDownBP/Maps/TopDownExampleMap_BuiltData.uasset'
[2022.01.07-22.11.07:970][ 30]AssetCheck: New page: Asset Save: multiple assets
[2022.01.07-22.11.07:970][ 30]LogContentValidation: Display: Validating World /Game/TopDownBP/Maps/TopDownExampleMap.TopDownExampleMap
[2022.01.07-22.11.07:970][ 30]LogContentValidation: Display: Validating MapBuildDataRegistry /Game/TopDownBP/Maps/TopDownExampleMap_BuiltData.TopDownExampleMap_BuiltData
[2022.01.07-22.11.09:042][137]LogUObjectHash: Compacting FUObjectHashTables data took   2.24ms
[2022.01.07-22.11.10:410][137]LogSlate: Window 'Delete Assets' being destroyed
[2022.01.07-22.11.10:492][137]LogUObjectHash: Compacting FUObjectHashTables data took   1.46ms
[2022.01.07-22.11.10:512][137]LogUObjectHash: Compacting FUObjectHashTables data took   1.21ms
[2022.01.07-22.11.10:528][137]LogUObjectHash: Compacting FUObjectHashTables data took   0.39ms
[2022.01.07-22.11.11:758][239]LogUObjectHash: Compacting FUObjectHashTables data took   2.34ms
[2022.01.07-22.11.13:600][239]LogSlate: Window 'Delete Assets' being destroyed
[2022.01.07-22.11.14:442][305]LogUObjectHash: Compacting FUObjectHashTables data took   2.57ms
[2022.01.07-22.11.19:255][305]LogSlate: Window 'Delete Assets' being destroyed
[2022.01.07-22.11.20:463][305]LogUObjectGlobals: Force Deleting 1 Package(s):
	Asset Name: /Game/TopDownBP/BP_Granata.BP_Granata
[2022.01.07-22.11.21:237][305]LogUObjectHash: Compacting FUObjectHashTables data took   1.83ms
[2022.01.07-22.11.21:448][305]LogUObjectHash: Compacting FUObjectHashTables data took   1.62ms
[2022.01.07-22.11.21:465][305]LogUObjectHash: Compacting FUObjectHashTables data took   1.83ms
[2022.01.07-22.11.21:481][305]LogUObjectHash: Compacting FUObjectHashTables data took   0.39ms
[2022.01.07-22.11.24:182][527]LogUObjectHash: Compacting FUObjectHashTables data took   2.87ms
[2022.01.07-22.11.25:516][527]LogSlate: Window 'Delete Assets' being destroyed
[2022.01.07-22.11.26:702][527]LogUObjectGlobals: Force Deleting 1 Package(s):
	Asset Name: /Game/TopDownBP/CT_Neprijatelj.CT_Neprijatelj
[2022.01.07-22.11.26:894][527]LogUObjectHash: Compacting FUObjectHashTables data took   1.49ms
[2022.01.07-22.11.27:114][527]LogUObjectHash: Compacting FUObjectHashTables data took   2.15ms
[2022.01.07-22.11.27:131][527]LogUObjectHash: Compacting FUObjectHashTables data took   1.10ms
[2022.01.07-22.11.27:145][527]LogUObjectHash: Compacting FUObjectHashTables data took   0.46ms
[2022.01.07-22.11.29:011][702]LogUObjectHash: Compacting FUObjectHashTables data took   0.40ms
[2022.01.07-22.11.29:032][702]LogSavePackage: Moving 'X:/Unreal projects/SEUPresetLoadingProjekt/Saved/TopDownExampleMap2961CC314D23BF57884194B2DBEE8632.tmp' to 'X:/Unreal projects/SEUPresetLoadingProjekt/Content/TopDownBP/Maps/TopDownExampleMap.umap'
[2022.01.07-22.11.29:048][702]Cmd: OBJ SAVEPACKAGE PACKAGE="/Game/TopDownBP/Maps/TopDownExampleMap_BuiltData" FILE="X:/Unreal projects/SEUPresetLoadingProjekt/Content/TopDownBP/Maps/TopDownExampleMap_BuiltData.uasset" SILENT=true
[2022.01.07-22.11.29:108][702]LogSavePackage: Moving 'X:/Unreal projects/SEUPresetLoadingProjekt/Saved/TopDownExampleMap_BuiltDataA11562BE4C18C0AE8CA3238B4AA3F872.tmp' to 'X:/Unreal projects/SEUPresetLoadingProjekt/Content/TopDownBP/Maps/TopDownExampleMap_BuiltData.uasset'
[2022.01.07-22.11.29:130][702]AssetCheck: New page: Asset Save: multiple assets
[2022.01.07-22.11.29:130][702]LogContentValidation: Display: Validating World /Game/TopDownBP/Maps/TopDownExampleMap.TopDownExampleMap
[2022.01.07-22.11.29:130][702]LogContentValidation: Display: Validating MapBuildDataRegistry /Game/TopDownBP/Maps/TopDownExampleMap_BuiltData.TopDownExampleMap_BuiltData
[2022.01.07-22.11.44:728][310]LogSlate: Window 'Message' being destroyed
[2022.01.07-22.11.44:731][310]Message dialog closed, result: Yes, title: Message, text: If you delete this channel, all the objects that use this channel will be set to default. 
Would you like to continue?
[2022.01.07-22.11.49:884][789]LogSlate: Window 'Message' being destroyed
[2022.01.07-22.11.49:888][789]Message dialog closed, result: Yes, title: Message, text: If you delete this channel, all the objects that use this channel will be set to default. 
Would you like to continue?
[2022.01.07-22.12.15:912][147]LogEditorViewport: Clicking on Actor (LMB): StaticMeshActor (Floor)
[2022.01.07-22.12.17:995][390]LogEditorViewport: Clicking on Actor (LMB): BP_Sky_Sphere_C (SkySphereBlueprint)
[2022.01.07-22.12.18:747][476]LogEditorViewport: Clicking on Actor (LMB): StaticMeshActor (Cube21)
[2022.01.07-22.12.20:182][632]LogUObjectHash: Compacting FUObjectHashTables data took   3.26ms
[2022.01.07-22.12.20:227][632]LogSavePackage: Moving 'X:/Unreal projects/SEUPresetLoadingProjekt/Saved/TopDownExampleMap6BD9FE964ECCC0F8F61882BBF9C50959.tmp' to 'X:/Unreal projects/SEUPresetLoadingProjekt/Content/TopDownBP/Maps/TopDownExampleMap.umap'
[2022.01.07-22.12.20:244][632]Cmd: OBJ SAVEPACKAGE PACKAGE="/Game/TopDownBP/Maps/TopDownExampleMap_BuiltData" FILE="X:/Unreal projects/SEUPresetLoadingProjekt/Content/TopDownBP/Maps/TopDownExampleMap_BuiltData.uasset" SILENT=true
[2022.01.07-22.12.20:305][632]LogSavePackage: Moving 'X:/Unreal projects/SEUPresetLoadingProjekt/Saved/TopDownExampleMap_BuiltData20CC84314F2966759A8684B137B25F2D.tmp' to 'X:/Unreal projects/SEUPresetLoadingProjekt/Content/TopDownBP/Maps/TopDownExampleMap_BuiltData.uasset'
[2022.01.07-22.12.20:320][632]AssetCheck: New page: Asset Save: multiple assets
[2022.01.07-22.12.20:320][632]LogContentValidation: Display: Validating World /Game/TopDownBP/Maps/TopDownExampleMap.TopDownExampleMap
[2022.01.07-22.12.20:320][632]LogContentValidation: Display: Validating MapBuildDataRegistry /Game/TopDownBP/Maps/TopDownExampleMap_BuiltData.TopDownExampleMap_BuiltData
[2022.01.07-22.12.39:214][616]LogEditorViewport: Clicking on Actor (LMB): StaticMeshActor (Floor)
[2022.01.07-22.12.39:633][661]LogEditorViewport: Clicking on Actor (LMB): TopDownCharacter_C (TopDownCharacter)
[2022.01.07-22.12.39:997][699]LogEditorViewport: Clicking on Actor (context menu): TopDownCharacter_C (TopDownCharacter)
[2022.01.07-22.12.40:952][805]LogAssetEditorSubsystem: Opening Asset editor for Blueprint /Game/TopDownBP/Blueprints/TopDownCharacter.TopDownCharacter
[2022.01.07-22.12.49:673][781]BlueprintLog: New page: Compile TopDownCharacter
[2022.01.07-22.12.49:795][781]LogUObjectHash: Compacting FUObjectHashTables data took   2.14ms
[2022.01.07-22.12.50:245][824]Cmd: OBJ SAVEPACKAGE PACKAGE="/Game/TopDownBP/Blueprints/TopDownCharacter" FILE="X:/Unreal projects/SEUPresetLoadingProjekt/Content/TopDownBP/Blueprints/TopDownCharacter.uasset" SILENT=true
[2022.01.07-22.12.50:266][824]LogSavePackage: Moving 'X:/Unreal projects/SEUPresetLoadingProjekt/Saved/TopDownCharacter692BC54D460041C7E02142A661857002.tmp' to 'X:/Unreal projects/SEUPresetLoadingProjekt/Content/TopDownBP/Blueprints/TopDownCharacter.uasset'
[2022.01.07-22.12.50:277][824]AssetCheck: New page: Asset Save: TopDownCharacter
[2022.01.07-22.12.50:277][824]LogContentValidation: Display: Validating Blueprint /Game/TopDownBP/Blueprints/TopDownCharacter.TopDownCharacter
[2022.01.07-22.13.12:291][391]BlueprintLog: New page: Compile TopDownCharacter
[2022.01.07-22.13.12:385][391]LogUObjectHash: Compacting FUObjectHashTables data took   1.81ms
[2022.01.07-22.13.12:705][424]Cmd: OBJ SAVEPACKAGE PACKAGE="/Game/TopDownBP/Blueprints/TopDownCharacter" FILE="X:/Unreal projects/SEUPresetLoadingProjekt/Content/TopDownBP/Blueprints/TopDownCharacter.uasset" SILENT=true
[2022.01.07-22.13.12:726][424]LogSavePackage: Moving 'X:/Unreal projects/SEUPresetLoadingProjekt/Saved/TopDownCharacterA3F6D80F4D05854BA9A18C9597B702AC.tmp' to 'X:/Unreal projects/SEUPresetLoadingProjekt/Content/TopDownBP/Blueprints/TopDownCharacter.uasset'
[2022.01.07-22.13.12:735][424]AssetCheck: New page: Asset Save: TopDownCharacter
[2022.01.07-22.13.12:735][424]LogContentValidation: Display: Validating Blueprint /Game/TopDownBP/Blueprints/TopDownCharacter.TopDownCharacter
[2022.01.07-22.13.18:973][159]LogUObjectHash: Compacting FUObjectHashTables data took   1.87ms
[2022.01.07-22.13.18:992][159]LogSavePackage: Moving 'X:/Unreal projects/SEUPresetLoadingProjekt/Saved/TopDownExampleMap19648A9F4EAA587BD498BD930B064755.tmp' to 'X:/Unreal projects/SEUPresetLoadingProjekt/Content/TopDownBP/Maps/TopDownExampleMap.umap'
[2022.01.07-22.13.19:006][159]Cmd: OBJ SAVEPACKAGE PACKAGE="/Game/TopDownBP/Maps/TopDownExampleMap_BuiltData" FILE="X:/Unreal projects/SEUPresetLoadingProjekt/Content/TopDownBP/Maps/TopDownExampleMap_BuiltData.uasset" SILENT=true
[2022.01.07-22.13.19:055][159]LogSavePackage: Moving 'X:/Unreal projects/SEUPresetLoadingProjekt/Saved/TopDownExampleMap_BuiltData7F1FCA2A4A564319603911A79CBDF63F.tmp' to 'X:/Unreal projects/SEUPresetLoadingProjekt/Content/TopDownBP/Maps/TopDownExampleMap_BuiltData.uasset'
[2022.01.07-22.13.19:067][159]AssetCheck: New page: Asset Save: multiple assets
[2022.01.07-22.13.19:067][159]LogContentValidation: Display: Validating World /Game/TopDownBP/Maps/TopDownExampleMap.TopDownExampleMap
[2022.01.07-22.13.19:067][159]LogContentValidation: Display: Validating MapBuildDataRegistry /Game/TopDownBP/Maps/TopDownExampleMap_BuiltData.TopDownExampleMap_BuiltData
[2022.01.07-22.15.38:315][926]BlueprintLog: New page: Compile TopDownCharacter
[2022.01.07-22.15.38:406][926]LogUObjectHash: Compacting FUObjectHashTables data took   2.00ms
[2022.01.07-22.15.38:696][953]Cmd: OBJ SAVEPACKAGE PACKAGE="/Game/TopDownBP/Blueprints/TopDownCharacter" FILE="X:/Unreal projects/SEUPresetLoadingProjekt/Content/TopDownBP/Blueprints/TopDownCharacter.uasset" SILENT=true
[2022.01.07-22.15.38:716][953]LogSavePackage: Moving 'X:/Unreal projects/SEUPresetLoadingProjekt/Saved/TopDownCharacter5E1A4C084ECD24EC2F9F4687BDBFCCF9.tmp' to 'X:/Unreal projects/SEUPresetLoadingProjekt/Content/TopDownBP/Blueprints/TopDownCharacter.uasset'
[2022.01.07-22.15.38:726][953]AssetCheck: New page: Asset Save: TopDownCharacter
[2022.01.07-22.15.38:726][953]LogContentValidation: Display: Validating Blueprint /Game/TopDownBP/Blueprints/TopDownCharacter.TopDownCharacter
[2022.01.07-22.17.14:238][524]LogTemp: Repeating last play command: Selected Viewport
[2022.01.07-22.17.14:246][524]LogPlayLevel: PlayLevel: No blueprints needed recompiling
[2022.01.07-22.17.14:246][524]PIE: New page: PIE session: TopDownExampleMap (8. sij 2022. 00:17:14)
[2022.01.07-22.17.14:247][524]LogOnline: OSS: Creating online subsystem instance for: NULL
[2022.01.07-22.17.14:248][524]LogOnline: OSS: TryLoadSubsystemAndSetDefault: Loaded subsystem for module [NULL]
[2022.01.07-22.17.14:248][524]LogPlayLevel: Creating play world package: /Game/TopDownBP/Maps/UEDPIE_0_TopDownExampleMap
[2022.01.07-22.17.14:260][524]LogPlayLevel: PIE: StaticDuplicateObject took: (0.011242s)
[2022.01.07-22.17.14:261][524]LogAIModule: Creating AISystem for world TopDownExampleMap
[2022.01.07-22.17.14:261][524]LogAISub: UAISubsystem::UAISubsystem EnvQueryManager (0000024B97B44600), frame # 37524
[2022.01.07-22.17.14:261][524]LogAISub: UAISubsystem::UAISubsystem AIPerceptionSystem (0000024B2DA28400), frame # 37524
[2022.01.07-22.17.14:261][524]LogPlayLevel: PIE: World Init took: (0.001259s)
[2022.01.07-22.17.14:261][524]LogPlayLevel: PIE: Created PIE world by copying editor world from /Game/TopDownBP/Maps/TopDownExampleMap.TopDownExampleMap to /Game/TopDownBP/Maps/UEDPIE_0_TopDownExampleMap.TopDownExampleMap (0.012638s)
[2022.01.07-22.17.14:282][524]LogUObjectHash: Compacting FUObjectHashTables data took   1.82ms
[2022.01.07-22.17.14:285][524]LogAudioMixer: Display: Audio Mixer Platform Settings:
[2022.01.07-22.17.14:285][524]LogAudioMixer: Display: 	Sample Rate:						  48000
[2022.01.07-22.17.14:285][524]LogAudioMixer: Display: 	Callback Buffer Frame Size Requested: 1024
[2022.01.07-22.17.14:285][524]LogAudioMixer: Display: 	Callback Buffer Frame Size To Use:	  1024
[2022.01.07-22.17.14:285][524]LogAudioMixer: Display: 	Number of buffers to queue:			  2
[2022.01.07-22.17.14:285][524]LogAudioMixer: Display: 	Max Channels (voices):				  32
[2022.01.07-22.17.14:285][524]LogAudioMixer: Display: 	Number of Async Source Workers:		  0
[2022.01.07-22.17.14:285][524]LogAudio: Display: AudioDevice MaxSources: 32
[2022.01.07-22.17.14:285][524]LogAudio: Display: Using built-in audio occlusion.
[2022.01.07-22.17.14:285][524]LogAudioMixer: Display: Initializing audio mixer.
[2022.01.07-22.17.14:292][524]LogAudioMixer: Display: 0: FrontLeft
[2022.01.07-22.17.14:292][524]LogAudioMixer: Display: 1: FrontRight
[2022.01.07-22.17.14:323][524]LogAudioMixer: Display: Using Audio Device Realtek HD Audio 2nd output (Realtek(R) Audio)
[2022.01.07-22.17.14:323][524]LogAudioMixer: Display: Initializing Sound Submixes...
[2022.01.07-22.17.14:323][524]LogAudioMixer: Display: Creating Master Submix 'MasterSubmixDefault'
[2022.01.07-22.17.14:323][524]LogAudioMixer: Display: Creating Master Submix 'MasterReverbSubmixDefault'
[2022.01.07-22.17.14:323][524]LogAudioMixer: Display: Creating Master Submix 'MasterEQSubmixDefault'
[2022.01.07-22.17.14:334][524]LogInit: FAudioDevice initialized.
[2022.01.07-22.17.14:341][524]LogLoad: Game class is 'TopDownGameMode_C'
[2022.01.07-22.17.14:344][524]LogWorld: Bringing World /Game/TopDownBP/Maps/UEDPIE_0_TopDownExampleMap.TopDownExampleMap up for play (max tick rate 0) at 2022.01.07-23.17.14
[2022.01.07-22.17.14:344][524]LogWorld: Bringing up level for play took: 0.001378
[2022.01.07-22.17.14:344][524]LogOnline: OSS: Creating online subsystem instance for: :Context_11
[2022.01.07-22.17.14:350][524]LogContentBrowser: Native class hierarchy updated for 'MovieSceneCapture' in 0.0003 seconds. Added 20 classes and 0 folders.
[2022.01.07-22.17.14:350][524]PIE: Server logged in
[2022.01.07-22.17.14:352][524]PIE: Play in editor total start time 0,106 seconds.
[2022.01.07-22.17.41:448][734]LogSlate: Updating window title bar state: overlay mode, drag disabled, window buttons hidden, title bar hidden
[2022.01.07-22.17.41:448][734]LogWorld: BeginTearingDown for /Game/TopDownBP/Maps/UEDPIE_0_TopDownExampleMap
[2022.01.07-22.17.41:448][734]LogWorld: UWorld::CleanupWorld for TopDownExampleMap, bSessionEnded=true, bCleanupResources=true
[2022.01.07-22.17.41:448][734]LogSlate: InvalidateAllWidgets triggered.  All widgets were invalidated
[2022.01.07-22.17.41:459][734]LogPlayLevel: Display: Shutting down PIE online subsystems
[2022.01.07-22.17.41:463][734]LogSlate: InvalidateAllWidgets triggered.  All widgets were invalidated
[2022.01.07-22.17.41:499][734]LogSlate: Updating window title bar state: overlay mode, drag disabled, window buttons hidden, title bar hidden
[2022.01.07-22.17.41:500][734]LogAISub: UAISubsystem::~UAISubsystem AIPerceptionSystem (0000024B2DA28400), frame # 40734
[2022.01.07-22.17.41:500][734]LogAISub: UAISubsystem::~UAISubsystem EnvQueryManager (0000024B97B44600), frame # 40734
[2022.01.07-22.17.41:517][734]LogUObjectHash: Compacting FUObjectHashTables data took   2.83ms
[2022.01.07-22.17.41:534][735]LogPlayLevel: Display: Destroying online subsystem :Context_11
[2022.01.07-22.18.04:903][466]BlueprintLog: New page: Compile TopDownCharacter
[2022.01.07-22.18.04:951][466]LogUObjectHash: Compacting FUObjectHashTables data took   2.41ms
[2022.01.07-22.18.05:450][517]Cmd: OBJ SAVEPACKAGE PACKAGE="/Game/TopDownBP/Blueprints/TopDownCharacter" FILE="X:/Unreal projects/SEUPresetLoadingProjekt/Content/TopDownBP/Blueprints/TopDownCharacter.uasset" SILENT=true
[2022.01.07-22.18.05:470][517]LogSavePackage: Moving 'X:/Unreal projects/SEUPresetLoadingProjekt/Saved/TopDownCharacter52C17BDC468EABB1CDCE57B93A4AEFA3.tmp' to 'X:/Unreal projects/SEUPresetLoadingProjekt/Content/TopDownBP/Blueprints/TopDownCharacter.uasset'
[2022.01.07-22.18.05:483][517]AssetCheck: New page: Asset Save: TopDownCharacter
[2022.01.07-22.18.05:483][517]LogContentValidation: Display: Validating Blueprint /Game/TopDownBP/Blueprints/TopDownCharacter.TopDownCharacter
[2022.01.07-22.18.25:093][550]LogUObjectHash: Compacting FUObjectHashTables data took   2.49ms
[2022.01.07-22.18.25:117][550]LogSavePackage: Moving 'X:/Unreal projects/SEUPresetLoadingProjekt/Saved/TopDownExampleMap6D8895B547D80BC28921E99053A7759E.tmp' to 'X:/Unreal projects/SEUPresetLoadingProjekt/Content/TopDownBP/Maps/TopDownExampleMap.umap'
[2022.01.07-22.18.25:131][550]Cmd: OBJ SAVEPACKAGE PACKAGE="/Game/TopDownBP/Maps/TopDownExampleMap_BuiltData" FILE="X:/Unreal projects/SEUPresetLoadingProjekt/Content/TopDownBP/Maps/TopDownExampleMap_BuiltData.uasset" SILENT=true
[2022.01.07-22.18.25:182][550]LogSavePackage: Moving 'X:/Unreal projects/SEUPresetLoadingProjekt/Saved/TopDownExampleMap_BuiltData0FC868F245C0749FC5841098CCC9EB05.tmp' to 'X:/Unreal projects/SEUPresetLoadingProjekt/Content/TopDownBP/Maps/TopDownExampleMap_BuiltData.uasset'
[2022.01.07-22.18.25:196][550]AssetCheck: New page: Asset Save: multiple assets
[2022.01.07-22.18.25:196][550]LogContentValidation: Display: Validating World /Game/TopDownBP/Maps/TopDownExampleMap.TopDownExampleMap
[2022.01.07-22.18.25:196][550]LogContentValidation: Display: Validating MapBuildDataRegistry /Game/TopDownBP/Maps/TopDownExampleMap_BuiltData.TopDownExampleMap_BuiltData
[2022.01.07-22.18.30:995][205]LogWorld: UWorld::CleanupWorld for World_9, bSessionEnded=true, bCleanupResources=true
[2022.01.07-22.18.30:995][205]LogSlate: InvalidateAllWidgets triggered.  All widgets were invalidated
