"X:/Unreal projects/SEU1stPartIf/Content/Geometry/Meshes/CubeMaterial.uasset" 0
"X:/Unreal projects/SEU1stPartIf/Content/Geometry/Meshes/1M_Cube_Chamfer.uasset" 1
"X:/Unreal projects/SEU1stPartIf/Content/Mannequin/Character/Mesh/UE4_Mannequin_Skeleton.uasset" 2
"X:/Unreal projects/SEU1stPartIf/Content/Mannequin/Animations/ThirdPersonJump_End.uasset" 3
"../../../Engine/Content/BasicShapes/BasicShapeMaterial.uasset" 4
"../../../Engine/Content/Functions/Engine_MaterialFunctions01/Opacity/CameraDepthFade.uasset" 5
"../../../Engine/Content/EngineMaterials/T_Default_Material_Grid_M.uasset" 6
"../../../Engine/Content/EngineMaterials/T_Default_Material_Grid_N.uasset" 7
"../../../Engine/Content/EngineMaterials/WorldGridMaterial.uasset" 8
"../../../Engine/Content/BasicShapes/Cube.uasset" 9
"X:/Unreal projects/SEU1stPartIf/Content/SideScrollerBP/BP_Platforma.uasset" 10
"X:/Unreal projects/SEU1stPartIf/Content/SideScrollerBP/BP_Skakona.uasset" 11
"X:/Unreal projects/SEU1stPartIf/Content/SideScrollerBP/SideScrollerOverview.uasset" 12
"X:/Unreal projects/SEU1stPartIf/Content/Mannequin/Animations/ThirdPerson_Jump.uasset" 13
"X:/Unreal projects/SEU1stPartIf/Content/Mannequin/Animations/ThirdPersonJump_Loop.uasset" 14
"X:/Unreal projects/SEU1stPartIf/Content/Mannequin/Animations/ThirdPersonJump_Start.uasset" 15
"X:/Unreal projects/SEU1stPartIf/Content/Mannequin/Animations/ThirdPersonIdle.uasset" 16
"X:/Unreal projects/SEU1stPartIf/Content/Mannequin/Animations/ThirdPersonRun.uasset" 17
"X:/Unreal projects/SEU1stPartIf/Content/Mannequin/Animations/ThirdPersonWalk.uasset" 18
"X:/Unreal projects/SEU1stPartIf/Content/Mannequin/Animations/ThirdPerson_IdleRun_2D.uasset" 19
"../../../Engine/Content/EditorBlueprintResources/StandardMacros.uasset" 20
"X:/Unreal projects/SEU1stPartIf/Content/Mannequin/Animations/ThirdPerson_AnimBP.uasset" 21
"X:/Unreal projects/SEU1stPartIf/Content/SideScrollerBP/MT_Osnovni.uasset" 22
"X:/Unreal projects/SEU1stPartIf/Content/SideScrollerBP/MTI_Zuto.uasset" 23
"../../../Engine/Content/Functions/Engine_MaterialFunctions02/Utility/BlendAngleCorrectedNormals.uasset" 24
"../../../Engine/Content/Functions/MaterialLayerFunctions/MatLayerBlend_NormalBlend.uasset" 25
"../../../Engine/Content/Functions/MaterialLayerFunctions/MatLayerBlend_Simple.uasset" 26
"X:/Unreal projects/SEU1stPartIf/Content/Mannequin/Character/Materials/MaterialLayers/T_ML_Rubber_Blue_01_D.uasset" 27
"X:/Unreal projects/SEU1stPartIf/Content/Mannequin/Character/Materials/MaterialLayers/T_ML_Rubber_Blue_01_N.uasset" 28
"X:/Unreal projects/SEU1stPartIf/Content/Mannequin/Character/Materials/MaterialLayers/ML_GlossyBlack_Latex_UE4.uasset" 29
"X:/Unreal projects/SEU1stPartIf/Content/Mannequin/Character/Materials/MaterialLayers/ML_Plastic_Shiny_Beige.uasset" 30
"X:/Unreal projects/SEU1stPartIf/Content/Mannequin/Character/Textures/UE4_LOGO_CARD.uasset" 31
"X:/Unreal projects/SEU1stPartIf/Content/Mannequin/Character/Materials/MaterialLayers/ML_Plastic_Shiny_Beige_LOGO.uasset" 32
"X:/Unreal projects/SEU1stPartIf/Content/Mannequin/Character/Materials/MaterialLayers/T_ML_Aluminum01.uasset" 33
"X:/Unreal projects/SEU1stPartIf/Content/Mannequin/Character/Materials/MaterialLayers/T_ML_Aluminum01_N.uasset" 34
"X:/Unreal projects/SEU1stPartIf/Content/Mannequin/Character/Materials/MaterialLayers/ML_SoftMetal_UE4.uasset" 35
"X:/Unreal projects/SEU1stPartIf/Content/Mannequin/Character/Textures/UE4_Mannequin__normals.uasset" 36
"X:/Unreal projects/SEU1stPartIf/Content/Mannequin/Character/Textures/UE4_Mannequin_MAT_MASKA.uasset" 37
"X:/Unreal projects/SEU1stPartIf/Content/Mannequin/Character/Materials/M_UE4Man_Body.uasset" 38
"X:/Unreal projects/SEU1stPartIf/Content/Mannequin/Character/Textures/UE4Man_Logo_N.uasset" 39
"X:/Unreal projects/SEU1stPartIf/Content/Mannequin/Character/Materials/M_UE4Man_ChestLogo.uasset" 40
"X:/Unreal projects/SEU1stPartIf/Content/Mannequin/Character/Mesh/SK_Mannequin_PhysicsAsset.uasset" 41
"X:/Unreal projects/SEU1stPartIf/Content/Mannequin/Character/Mesh/SK_Mannequin.uasset" 42
"X:/Unreal projects/SEU1stPartIf/Content/SideScrollerBP/Blueprints/SideScrollerCharacter.uasset" 43
"X:/Unreal projects/SEU1stPartIf/Content/SideScrollerBP/Blueprints/SideScrollerGameMode.uasset" 44
"X:/Unreal projects/SEU1stPartIf/Content/SideScrollerBP/Meshes/CubeMaterial.uasset" 45
"X:/Unreal projects/SEU1stPartIf/Content/SideScrollerBP/Meshes/Ramp_Mesh.uasset" 46
"../../../Engine/Content/Animation/DefaultAnimBoneCompressionSettings.uasset" 47
"../../../Engine/Content/Animation/DefaultAnimCurveCompressionSettings.uasset" 48
"../../../Engine/Content/ArtTools/RenderToTexture/Meshes/S_1_Unit_Plane.uasset" 49
"../../../Engine/Content/EngineMaterials/DefaultMaterial.uasset" 50
"../../../Engine/Content/BasicShapes/Cone.uasset" 51
"../../../Engine/Content/BasicShapes/Cylinder.uasset" 52
"../../../Engine/Content/BasicShapes/Plane.uasset" 53
"../../../Engine/Content/BasicShapes/Sphere.uasset" 54
"../../../Engine/Content/EditorLandscapeResources/DataLayer.uasset" 55
"../../../Engine/Content/EditorMaterials/MAT_Groups_Toggle.uasset" 56
"../../../Engine/Content/EditorMaterials/MAT_Groups_Visibility.uasset" 57
"../../../Engine/Content/EditorMaterials/PreviewShadowIndicator.uasset" 58
"../../../Engine/Content/EditorMaterials/PreviewShadowIndicatorMaterial.uasset" 59
"../../../Engine/Content/EditorMaterials/MatineeGroups/MAT_ColorTrack.uasset" 60
"../../../Engine/Content/EditorMaterials/MatineeGroups/MAT_Groups_Anim.uasset" 61
"../../../Engine/Content/EditorMaterials/MatineeGroups/MAT_Groups_AudioMaster.uasset" 62
"../../../Engine/Content/EditorMaterials/MatineeGroups/MAT_Groups_Director.uasset" 63
"../../../Engine/Content/EditorMaterials/MatineeGroups/MAT_Groups_Event.uasset" 64
"../../../Engine/Content/EditorMaterials/MatineeGroups/MAT_Groups_Fade.uasset" 65
"../../../Engine/Content/EditorMaterials/MatineeGroups/MAT_Groups_Float.uasset" 66
"../../../Engine/Content/EditorMaterials/MatineeGroups/MAT_Groups_Move.uasset" 67
"../../../Engine/Content/EditorMaterials/MatineeGroups/MAT_Groups_Slomo.uasset" 68
"../../../Engine/Content/EditorMaterials/MatineeGroups/MAT_Groups_Sound.uasset" 69
"../../../Engine/Content/EditorMaterials/MatineeGroups/MAT_Groups_Vector.uasset" 70
"../../../Engine/Content/EditorMaterials/ParticleSystems/PSysThumbnail_NoImage.uasset" 71
"../../../Engine/Content/EditorMaterials/ParticleSystems/PSysThumbnail_OOD.uasset" 72
"../../../Engine/Content/EditorMaterials/Camera/CineMat.uasset" 73
"../../../Engine/Content/EditorMaterials/Camera/MI_CineMat_Rig.uasset" 74
"../../../Engine/Content/EditorMeshes/Camera/SM_CraneRig_Arm.uasset" 75
"../../../Engine/Content/EditorMeshes/Camera/SM_CraneRig_Base.uasset" 76
"../../../Engine/Content/EditorMeshes/Camera/SM_CraneRig_Body.uasset" 77
"../../../Engine/Content/EditorMeshes/Camera/SM_CraneRig_Mount.uasset" 78
"../../../Engine/Content/EditorMeshes/Camera/SM_RailRig_Mount.uasset" 79
"../../../Engine/Content/EditorMeshes/Camera/SM_RailRig_Track.uasset" 80
"../../../Engine/Content/EditorResources/BSPVertex.uasset" 81
"../../../Engine/Content/EditorResources/EmptyActor.uasset" 82
"../../../Engine/Content/EditorResources/S_Actor.uasset" 83
"../../../Engine/Content/EditorResources/S_Note.uasset" 84
"../../../Engine/Content/EditorResources/S_Solver.uasset" 85
"../../../Engine/Content/EditorResources/S_Trigger.uasset" 86
"../../../Engine/Content/EditorResources/SequenceRecorder/Countdown.uasset" 87
"../../../Engine/Content/EditorResources/SequenceRecorder/RecordingIndicator.uasset" 88
"../../../Engine/Content/EditorSounds/Notifications/CompileFailed.uasset" 89
"../../../Engine/Content/EditorSounds/Notifications/CompileFailed_Cue.uasset" 90
"../../../Engine/Content/EditorSounds/Notifications/CompileSuccess.uasset" 91
"../../../Engine/Content/EditorSounds/Notifications/CompileStart_Cue.uasset" 92
"../../../Engine/Content/EditorSounds/Notifications/CompileSuccess_Cue.uasset" 93
"../../../Engine/Content/EngineDamageTypes/DmgTypeBP_Environmental.uasset" 94
"../../../Engine/Content/EngineDebugMaterials/DebugEditorMaterial.uasset" 95
"../../../Engine/Content/EngineDebugMaterials/DebugMeshMaterial.uasset" 96
"../../../Engine/Content/EngineDebugMaterials/M_SimpleUnlitTranslucent.uasset" 97
"../../../Engine/Content/Functions/Engine_MaterialFunctions02/Utility/CameraDirectionVector.uasset" 98
"../../../Engine/Content/EngineDebugMaterials/VolumeToRender.uasset" 99
"../../../Engine/Content/EngineDebugMaterials/M_VolumeRenderSphereTracePP.uasset" 100
"../../../Engine/Content/EngineDebugMaterials/WireframeMaterial.uasset" 101
"../../../Engine/Content/EngineFonts/Faces/DroidSansFallback.uasset" 102
"../../../Engine/Content/EngineFonts/Faces/RobotoBold.uasset" 103
"../../../Engine/Content/EngineFonts/Faces/RobotoBoldItalic.uasset" 104
"../../../Engine/Content/EngineFonts/Faces/RobotoItalic.uasset" 105
"../../../Engine/Content/EngineFonts/Faces/RobotoLight.uasset" 106
"../../../Engine/Content/EngineFonts/Faces/RobotoRegular.uasset" 107
"../../../Engine/Content/EngineFonts/Roboto.uasset" 108
"../../../Engine/Content/EngineMaterials/BaseFlattenDiffuseMap.uasset" 109
"../../../Engine/Content/EngineMaterials/BaseFlattenEmissiveMap.uasset" 110
"../../../Engine/Content/EngineMaterials/BaseFlattenGrayscaleMap.uasset" 111
"../../../Engine/Content/EngineMaterials/BaseFlattenNormalMap.uasset" 112
"../../../Engine/Content/EngineMaterials/BaseFlattenMaterial.uasset" 113
"../../../Engine/Content/EngineMaterials/BlueNoise.uasset" 114
"../../../Engine/Content/EngineMaterials/DefaultBloomKernel.uasset" 115
"../../../Engine/Content/EngineMaterials/DefaultBokeh.uasset" 116
"../../../Engine/Content/EngineMaterials/DefaultDiffuse.uasset" 117
"../../../Engine/Content/EngineMaterials/DefaultDeferredDecalMaterial.uasset" 118
"../../../Engine/Content/EngineMaterials/DefaultLightFunctionMaterial.uasset" 119
"../../../Engine/Content/EngineMaterials/DefaultPhysicalMaterial.uasset" 120
"../../../Engine/Content/Functions/Engine_MaterialFunctions02/Utility/BreakOutFloat2Components.uasset" 121
"../../../Engine/Content/EngineMaterials/DefaultPostProcessMaterial.uasset" 122
"../../../Engine/Content/EngineFonts/RobotoDistanceField.uasset" 123
"../../../Engine/Content/EngineMaterials/DefaultTextMaterialOpaque.uasset" 124
"../../../Engine/Content/EngineMaterials/DefaultWhiteGrid.uasset" 125
"../../../Engine/Content/EngineMaterials/DefaultWhiteGrid_Low.uasset" 126
"../../../Engine/Content/EngineMaterials/EmissiveMeshMaterial.uasset" 127
"../../../Engine/Content/EngineMaterials/GizmoMaterial.uasset" 128
"../../../Engine/Content/EngineMaterials/Good64x64TilingNoiseHighFreq.uasset" 129
"../../../Engine/Content/EngineMaterials/MiniFont.uasset" 130
"../../../Engine/Content/EngineMaterials/InvalidLightmapSettings.uasset" 131
"../../../Engine/Content/EngineMaterials/M_InvalidLightmapSettings.uasset" 132
"../../../Engine/Content/Functions/Engine_MaterialFunctions02/WorldPositionOffset/CameraOffset.uasset" 133
"../../../Engine/Content/EngineMaterials/PhAT_JointLimitMaterial.uasset" 134
"../../../Engine/Content/EngineMaterials/PreintegratedSkinBRDF.uasset" 135
"../../../Engine/Content/EngineMaterials/RemoveSurfaceMaterial.uasset" 136
"../../../Engine/Content/EngineMaterials/WeightMapPlaceholderTexture.uasset" 137
"../../../Engine/Content/EngineResources/WhiteSquareTexture.uasset" 138
"../../../Engine/Content/EngineMaterials/Widget3DPassThrough.uasset" 139
"../../../Engine/Content/EngineMaterials/Widget3DPassThrough_Masked.uasset" 140
"../../../Engine/Content/EngineMaterials/Widget3DPassThrough_Opaque.uasset" 141
"../../../Engine/Content/EngineMaterials/Widget3DPassThrough_Masked_OneSided.uasset" 142
"../../../Engine/Content/EngineMaterials/Widget3DPassThrough_Opaque_OneSided.uasset" 143
"../../../Engine/Content/EngineMaterials/Widget3DPassThrough_Translucent.uasset" 144
"../../../Engine/Content/EngineMaterials/Widget3DPassThrough_Translucent_OneSided.uasset" 145
"../../../Engine/Content/EngineMeshes/Cube.uasset" 146
"../../../Engine/Content/EngineMeshes/Cylinder.uasset" 147
"../../../Engine/Content/EngineMeshes/Sphere.uasset" 148
"../../../Engine/Content/EngineResources/Black.uasset" 149
"../../../Engine/Content/EngineResources/DefaultTexture.uasset" 150
"../../../Engine/Content/EngineResources/DefaultTextureCube.uasset" 151
"../../../Engine/Content/EngineResources/DefaultVolumeTexture2D.uasset" 152
"../../../Engine/Content/EngineResources/DefaultVolumeTexture.uasset" 153
"../../../Engine/Content/EngineResources/GradientTexture0.uasset" 154
"../../../Engine/Content/EngineSounds/Master.uasset" 155
"../../../Engine/Content/Functions/Engine_MaterialFunctions01/Shading/ConvertFromDiffSpec.uasset" 156
"../../../Engine/Content/Functions/Engine_MaterialFunctions01/Shading/PowerToRoughness.uasset" 157
"../../../Engine/Content/Maps/Templates/Thumbnails/Default.uasset" 158
"../../../Engine/Content/Maps/Templates/Thumbnails/TimeOfDay.uasset" 159
"../../../Engine/Content/Maps/Templates/Thumbnails/VR-Basic.uasset" 160
"../../../Engine/Content/MobileResources/T_MobileControls_texture.uasset" 161
"../../../Engine/Content/MobileResources/T_MobileMenu2.uasset" 162
"../../../Engine/Content/MobileResources/HUD/AnalogHat.uasset" 163
"../../../Engine/Content/MobileResources/HUD/VirtualJoystick_Background.uasset" 164
"../../../Engine/Content/MobileResources/HUD/VirtualJoystick_Thumb.uasset" 165
"../../../Engine/Content/MobileResources/HUD/DefaultVirtualJoysticks.uasset" 166
"../../../Engine/Content/MobileResources/HUD/LeftVirtualJoystickOnly.uasset" 167
"../../../Engine/Content/MobileResources/HUD/MobileHUDButton1_off.uasset" 168
"../../../Engine/Content/MobileResources/HUD/MobileHUDButton1_on.uasset" 169
"../../../Engine/Content/MobileResources/HUD/MobileHUDButton2_off.uasset" 170
"../../../Engine/Content/MobileResources/HUD/MobileHUDButton2_on.uasset" 171
"../../../Engine/Content/MobileResources/HUD/MobileHUDButton3.uasset" 172
"../../../Engine/Content/MobileResources/HUD/MobileHUDButtonFire.uasset" 173
"../../../Engine/Content/MobileResources/HUD/MobileHUDDirectionPad.uasset" 174
"../../../Engine/Content/MobileResources/HUD/MobileHUDDirectionPad2.uasset" 175
"../../../Engine/Content/MobileResources/HUD/MobileHUDDirectionPad3.uasset" 176
"../../../Engine/Content/MobileResources/HUD/MobileHUDDirectionStick.uasset" 177
"../../../Engine/Content/MobileResources/HUD/T_Castle_ThumbstickInner.uasset" 178
"../../../Engine/Content/MobileResources/HUD/T_Castle_ThumbstickOutter.uasset" 179
"../../../Engine/Content/Tutorial/ContentIntroCurve.uasset" 180
"../../../Engine/Content/Tutorial/Basics/LevelEditorAttract.uasset" 181
"../../../Engine/Content/Tutorial/Basics/TutorialAssets/icon_tab_Levels_40x.uasset" 182
"../../../Engine/Content/Tutorial/Basics/LevelEditorOverview.uasset" 183
"../../../Engine/Content/Tutorial/BlueprintTutorials/TutorialAssets/Blueprint_64x.uasset" 184
"../../../Engine/Content/Tutorial/BlueprintTutorials/BlueprintEditorTutorial.uasset" 185
"../../../Engine/Content/Tutorial/BlueprintTutorials/LevelBlueprintEditorOverview.uasset" 186
"../../../Engine/Content/Tutorial/SubEditors/MaterialEditorTutorial.uasset" 187
"../../../Engine/Content/Tutorial/SubEditors/ParticleSystemEditorTutorial.uasset" 188
"../../../Engine/Content/Tutorial/SubEditors/StaticMeshEditorTutorial.uasset" 189
"../../../Engine/Content/Tutorial/SubEditors/TutorialAssets/TutorialMaterial.uasset" 190
"../../../Engine/Content/Tutorial/SubEditors/TutorialAssets/T_SmokeSubUV_8X8.uasset" 191
"../../../Engine/Content/Tutorial/SubEditors/TutorialAssets/T_soft_smoke.uasset" 192
"../../../Engine/Content/Tutorial/SubEditors/TutorialAssets/M_smoke_subUV_blackbody.uasset" 193
"../../../Engine/Content/Tutorial/SubEditors/TutorialAssets/TutorialParticleSystem.uasset" 194
"../../../Engine/Content/VREditor/LaserPointer/VR_LaserPower_01.uasset" 195
"../../../Engine/Content/VREditor/TransformGizmo/TransformGizmoMaterial.uasset" 196
"../../../Engine/Content/VREditor/TransformGizmo/TranslucentTransformGizmoMaterial.uasset" 197
"../../../Engine/Content/VREditor/TransformGizmo/BoundingBoxCorner.uasset" 198
"../../../Engine/Content/VREditor/TransformGizmo/BoundingBoxEdge.uasset" 199
"../../../Engine/Content/VREditor/TransformGizmo/PlaneTranslationHandle.uasset" 200
"../../../Engine/Content/VREditor/TransformGizmo/Main.uasset" 201
"../../../Engine/Content/VREditor/TransformGizmo/Xray.uasset" 202
"../../../Engine/Content/VREditor/TransformGizmo/SM_Sequencer_Key.uasset" 203
"../../../Engine/Content/VREditor/TransformGizmo/SM_Sequencer_Node.uasset" 204
"../../Plugins/2D/Paper2D/Content/PlaceholderTextures/DummySpriteTexture.uasset" 205
"../../Plugins/2D/Paper2D/Content/DummySprite.uasset" 206
"../../Plugins/2D/Paper2D/Content/DefaultPaperTerrainMaterial.uasset" 207
"../../Plugins/2D/Paper2D/Content/DefaultSpriteMaterial.uasset" 208
"../../Plugins/2D/Paper2D/Content/MaskedUnlitSpriteMaterial.uasset" 209
"../../Plugins/2D/Paper2D/Content/OpaqueUnlitSpriteMaterial.uasset" 210
"../../Plugins/FX/Niagara/Content/Enums/ENiagaraBooleanLogicOps.uasset" 211
"../../Plugins/FX/Niagara/Content/Enums/ENiagaraCoordinateSpace.uasset" 212
"../../Plugins/FX/Niagara/Content/Enums/ENiagaraExpansionMode.uasset" 213
"../../Plugins/FX/Niagara/Content/Enums/ENiagaraOrientationAxis.uasset" 214
"../../Plugins/FX/Niagara/Content/Enums/ENiagaraRandomnessMode.uasset" 215
"../../../Engine/Content/Functions/Engine_MaterialFunctions02/Utility/BreakOutFloat4Components.uasset" 216
"../../../Engine/Content/Functions/Engine_MaterialFunctions02/Utility/MakeFloat2.uasset" 217
"../../../Engine/Content/Functions/Engine_MaterialFunctions02/Utility/MakeFloat3.uasset" 218
"../../Plugins/Runtime/Oculus/OculusVR/Content/Materials/OculusMR_ChromaKey.uasset" 219
"../../Plugins/Runtime/Oculus/OculusVR/Content/Materials/OculusMR_ChromaKey_Lit.uasset" 220
"../../Plugins/Runtime/Oculus/OculusVR/Content/Materials/OculusMR_OpaqueColoredMaterial.uasset" 221
"../../Plugins/Runtime/Oculus/OculusVR/Content/Materials/OculusMR_WhiteMaterial.uasset" 222
"../../../Engine/Content/EngineSky/C_Sky_Cloud_Color.uasset" 223
"../../../Engine/Content/EngineSky/C_Sky_Horizon_Color.uasset" 224
"../../../Engine/Content/EngineSky/C_Sky_Zenith_Color.uasset" 225
"../../../Engine/Content/EngineSky/T_Sky_Blue.uasset" 226
"../../../Engine/Content/EngineSky/T_Sky_Clouds_M.uasset" 227
"../../../Engine/Content/EngineSky/T_Sky_Stars.uasset" 228
"../../../Engine/Content/EngineSky/M_Sky_Panning_Clouds2.uasset" 229
"../../../Engine/Content/EngineSky/SM_SkySphere.uasset" 230
"../../../Engine/Content/EngineSky/BP_Sky_Sphere.uasset" 231
"X:/Unreal projects/SEU1stPartIf/Content/SideScrollerBP/BP_Vrata.uasset" 232
"X:/Unreal projects/SEU1stPartIf/Content/SideScrollerBP/BP_Kljuc.uasset" 233
"X:/Unreal projects/SEU1stPartIf/Content/SideScrollerBP/BP_PodrucjeKraja.uasset" 234
"X:/Unreal projects/SEU1stPartIf/Content/SideScrollerBP/Maps/SideScrollerExampleMap_BuiltData.uasset" 235
"../../../Engine/Content/Functions/Engine_MaterialFunctions03/Procedurals/ComputeFilterWidth.uasset" 236
"../../../Engine/Content/EngineMaterials/AntiAliasedTextMaterialTranslucent.uasset" 237
"X:/Unreal projects/SEU1stPartIf/Content/SideScrollerBP/MTI_Crveno.uasset" 238
"X:/Unreal projects/SEU1stPartIf/Content/SideScrollerBP/MTI_Narancasto.uasset" 239
"X:/Unreal projects/SEU1stPartIf/Content/SideScrollerBP/MTI_Plavo.uasset" 240
"X:/Unreal projects/SEU1stPartIf/Content/SideScrollerBP/MTI_Zeleno.uasset" 241
"X:/Unreal projects/SEU1stPartIf/Content/Geometry/Meshes/1M_Cube.uasset" 242
"X:/Unreal projects/SEU1stPartIf/Content/Geometry/Meshes/TemplateFloor.uasset" 243
"X:/Unreal projects/SEU1stPartIf/Content/SideScrollerBP/Maps/SideScrollerExampleMap.umap" 244
"../../../Engine/Content/Maps/Entry_BuiltData.uasset" 245
"../../../Engine/Content/Maps/Entry.umap" 246
